ourania3.home
Sun Feb  7 19:28:46 EST 2010
make: `ddscat' is up to date.
/u/draine/work/DDA/ver7.1.0/examples/RCTGLPRSM
 >DDSCAT NUMPROC=   1                                                          
 >DDSCAT --- DDSCAT 7.1.0 [10.02.04]   
 >DDSCAT     Single-precision version                                          
 >REAPAR  ========= Parameter file for v7.1 ===================                
 >  **** Preliminaries ****                                               
 >REAPAR NOTORQ - do not compute torques                                       
 >REAPAR PBCGS2 - CCG Method                                                   
 >REAPAR GPFAFT - using GPFA package from Clive Temperton                      
 >REAPAR GKDLDR - Gutkowicz-Krusin & Draine (2004) LDR for alpha
 >REAPAR NOTBIN - Unformatted binary dump option                               
 >REAPAR **** Initial Memory Allocation ****                                   
 >REAPAR allow MXNX,MXNY,MXNZ=   100   100   100 for target generation         
 >REAPAR **** Target Geometry and Composition ****                             
 >REAPAR RCTGLPRSM - Shape definition                                          
 >TARGET   32.00000 = SHPAR(1)                                                 
 >TARGET   64.00000 = SHPAR(2)                                                 
 >TARGET   64.00000 = SHPAR(3)                                                 
 >REAPAR  NCOMP=   1                                                           
 >REAPAR  1 ../diel/Au_evap                                                    
 >REAPAR **** Error Tolerance ****                                             
 >REAPAR  1.000E-05 = TOL = max. acceptable normalized residue |Ax-E|/|E|      
 >  **** Interaction cutoff parameter for PBC calculations ****           
 >REAPAR [GAMMA is not used in present calculation]                            
 >  **** Angular resolution for calculation of <cos>, etc. ****           
 >REAPAR  0.5000 = ETASCA (parameter controlling number of scattering angles   
 >  **** Wavelengths (micron) ****                                        
 >REAPAR   1 wavelengths from  0.5000 to  0.5000                               
 >DIVIDE  Only one element initialized 
 >  **** Effective Radii (micron) ****                                    
 >REAPAR   1 eff. radii from  0.4924 to  0.4924                                
 >DIVIDE  Only one element initialized 
 >  **** Define Incident Polarizations ****                               
 >REAPAR IORTH= 2                                                              
 >REAPAR **** Specify which output files to write ****                         
 >REAPAR IWRKSC= 1                                                             
 >REAPAR IWRPOL= 1                                                             
 >  **** Prescribe Target Rotations ****                                  
 >  **** Specify first IWAV, IRAD, IORI (normally 0 0 0) ****             
 >REAPAR Do orthogonal polarization for each case 
 >REAPAR    0.00   0.00 Range of BETA values ; NBETA =   1                     
 >REAPAR    0.00   0.00 Range of THETA values; NTHETA=   1                     
 >REAPAR    0.00   0.00 Range of PHI values ;   NPHI =   1                     
 >  **** Select Elements of S_ij Matrix to Print ****                     
 >REAPAR **** Specify Scattered Directions ****                                
 >REAPAR     0.0    0.0  180.0 = phi, theta_min, theta_max for scatt. plane   1
 >REAPAR   37 = number of scattering angles in this scattering plane           
 >REAPAR    90.0    0.0  180.0 = phi, theta_min, theta_max for scatt. plane   2
 >REAPAR   37 = number of scattering angles in this scattering plane           
 >DDSCAT Allocate memory for first call to TARGET...                           
 >DDSCAT allocating     5.72 MB for IXYZ0;  total=    41.58 MB                 
 >DDSCAT allocating     5.72 MB for ICOMP;  total=    47.30 MB                 
 >DDSCAT allocating     1.91 MB for IOCC;   total=    49.21 MB                 
 >DDSCAT allocating     5.72 MB for ISCR1;  total=    54.93 MB                 
 >DDSCAT allocating     3.81 MB for BETADF; total=    58.75 MB                 
 >DDSCAT allocating     3.81 MB for PHIDF;  total=    62.56 MB                 
 >DDSCAT allocating     3.81 MB for THETADF;total=    66.38 MB                 
 >DDSCAT allocating     3.81 MB for SCRRS2; total=    70.19 MB                 
 >TARGET: Rectangular prism; NX,NY,NZ=  32  64  64                          
         131072 = NAT0 = number of dipoles in target
 >DDSCAT returned from TARGET:                                                 
 >DDSCAT      1    32 = min, max values of JX                                  
 >DDSCAT      1    64 = min, max values of JY                                  
 >DDSCAT      1    64 = min, max values of JZ                                  
 >DDSCAT  -32.50000 -32.50000 -32.50000 = X0(1-3)                              
 >DDSCAT  --- physical extent of target volume (occupied sites) ---            
 >DDSCAT    -32.00000     0.00000 = min, max values of x/d                     
 >DDSCAT    -32.00000    32.00000 = min, max values of y/d                     
 >DDSCAT    -32.00000    32.00000 = min, max values of z/d                     
 >EXTEND: target extent in x,y,z directions =   32,   64,   64 (in Target Frame)
 >DDSCAT returned from EXTEND:                                                 
 >DDSCAT      1    32 = min, max values of JX                                  
 >DDSCAT      1    64 = min, max values of JY                                  
 >DDSCAT      1    64 = min, max values of JZ                                  
 >DDSCAT  ------- physical extent of target volume -------                     
 >DDSCAT    -32.00000     0.00000 = min, max values of x/d                     
 >DDSCAT    -32.00000    32.00000 = min, max values of y/d                     
 >DDSCAT    -32.00000    32.00000 = min, max values of z/d                     
 >DDSCAT Allocate memory required for this problem...                          
 >DDSCAT allocating     0.75 MB for ISCR1;  total=    36.61 MB                 
 >DDSCAT allocating     0.50 MB for SCRRS2; total=    37.11 MB                 
 >DDSCAT allocating     0.75 MB for IXYZ0;  total=    37.86 MB                 
 >DDSCAT allocating     0.75 MB for ICOMP;  total=    38.61 MB                 
 >DDSCAT allocating     0.25 MB for IOCC;   total=    38.86 MB                 
 >DDSCAT allocating     0.50 MB for BETADF; total=    39.36 MB                 
 >DDSCAT allocating     0.50 MB for PHIDF;  total=    39.86 MB                 
 >DDSCAT allocating     0.50 MB for THETADF;total=    40.36 MB                 
 >DDSCAT allocating     3.00 MB for CXADIA; total=    43.36 MB                 
 >DDSCAT allocating    48.00 MB for CXZC;   total=    91.36 MB                 
 >DDSCAT allocating    24.00 MB for CXZW;   total=   115.36 MB                 
 >DDSCAT allocating     3.00 MB for CXAOFF; total=   118.36 MB                 
 >DDSCAT allocating     3.00 MB for CXALOF; total=   121.36 MB                 
 >DDSCAT allocating     3.00 MB for CXALOS; total=   124.36 MB                 
 >DDSCAT allocating     3.00 MB for CXALPH; total=   127.36 MB                 
 >DDSCAT allocating     3.00 MB for CXE   ; total=   130.36 MB                 
 >DDSCAT allocating    30.00 MB for CXSC  ; total=   160.36 MB                 
 >DDSCAT allocating     3.00 MB for CXSCR1; total=   163.36 MB                 
 >DDSCAT allocating     3.00 MB for CXXI;   total=   166.36 MB                 
 >DDSCAT allocating     1.50 MB for SCRRS1; total=   167.86 MB                 
 >DDSCAT                 Total memory allocation =   167.86 MB                 
        131072 = NAT  = number of dipoles in extended target
         32  64  64 = x,y,z length of extended target (Targ. Frame)
 >DIELEC about to read file =                                                  
 >DIELEC ../diel/Au_evap                                             
 >DIELEC Gold, evaporated (Johnson & Christy 1972, PRB 6, 4370)                          
 >DIELEC  completed reading file =                                             
 >DIELEC ../diel/Au_evap                                             
 m= ( 0.9656 , 1.8628),  epsilon= ( -2.5374 ,  3.5975)  for material 1
    0.492370 = AEFF = effective radius (physical units)
    0.031734 = d/aeff for this target
    0.500000 = WAVE = wavelength (physical units)
    6.187304 = k*aeff = 2*pi*aeff/lambda
    0.196349 = k*d
 >ALPHA  GKDLDR Lattice dispersion relation for |m|k_0d=0.4120                 
 >DIRECT_CALC Estimated total cputime required by DIRECT_CALC=    0.26 cpu-sec      
 >DIRECT_CALC cputime is independent of gamma                                       
 >DIRECT_CALC Actual cputime to complete DIRECT_CALC=    0.02 cpu-sec               
 >TIMEIT  Timing results for: ESELF (first call)                               
 >TIMEIT     0.484 = CPU time (sec)                                            
 >ZBCG2  IT=       1 f.err= 3.189E-01                                          
 >ZBCG2  IT=       2 f.err= 1.878E-01                                          
 >ZBCG2  IT=       3 f.err= 8.794E-02                                          
 >ZBCG2  IT=       4 f.err= 5.768E-02                                          
 >ZBCG2  IT=       5 f.err= 4.307E-02                                          
 >ZBCG2  IT=       6 f.err= 9.021E-02                                          
 >ZBCG2  IT=       7 f.err= 7.859E-02                                          
 >ZBCG2  IT=       8 f.err= 2.558E-02                                          
 >ZBCG2  IT=       9 f.err= 9.026E-03                                          
 >ZBCG2  IT=      10 f.err= 4.318E-03                                          
 >ZBCG2  IT=      11 f.err= 5.081E-03                                          
 >ZBCG2  IT=      12 f.err= 4.511E-03                                          
 >ZBCG2  IT=      13 f.err= 5.289E-03                                          
 >ZBCG2  IT=      14 f.err= 2.401E-03                                          
 >ZBCG2  IT=      15 f.err= 1.148E-03                                          
 >ZBCG2  IT=      16 f.err= 6.229E-04                                          
 >ZBCG2  IT=      17 f.err= 3.836E-04                                          
 >ZBCG2  IT=      18 f.err= 2.686E-04                                          
 >ZBCG2  IT=      19 f.err= 1.973E-04                                          
 >ZBCG2  IT=      20 f.err= 1.451E-04                                          
 >ZBCG2  IT=      21 f.err= 8.642E-05                                          
 >ZBCG2  IT=      22 f.err= 6.519E-05                                          
 >ZBCG2  IT=      23 f.err= 5.135E-05                                          
 >ZBCG2  IT=      24 f.err= 2.870E-05                                          
 >ZBCG2  IT=      25 f.err= 1.812E-05                                          
 >ZBCG2  IT=      26 f.err= 1.388E-05                                          
 >ZBCG2  IT=      27 f.err= 8.934E-06                                          
 >TIMEIT  Timing results for: PBCGS2                                           
 >TIMEIT    52.154 = CPU time (sec)                                            
 Q_abs = 1.221E+00 Q_ext=  3.649E+00
 >SCAT     2292 scattering directions used to calculate <cos>, etc.          
 >TIMEIT  Timing results for:  SCAT                                            
 >TIMEIT    14.823 = CPU time (sec)                                            
 >ALPHA  GKDLDR Lattice dispersion relation for |m|k_0d=0.4120                 
 >ZBCG2  IT=       1 f.err= 3.191E-01                                          
 >ZBCG2  IT=       2 f.err= 1.879E-01                                          
 >ZBCG2  IT=       3 f.err= 8.793E-02                                          
 >ZBCG2  IT=       4 f.err= 5.769E-02                                          
 >ZBCG2  IT=       5 f.err= 4.307E-02                                          
 >ZBCG2  IT=       6 f.err= 9.021E-02                                          
 >ZBCG2  IT=       7 f.err= 7.860E-02                                          
 >ZBCG2  IT=       8 f.err= 2.555E-02                                          
 >ZBCG2  IT=       9 f.err= 9.030E-03                                          
 >ZBCG2  IT=      10 f.err= 4.334E-03                                          
 >ZBCG2  IT=      11 f.err= 5.114E-03                                          
 >ZBCG2  IT=      12 f.err= 4.122E-03                                          
 >ZBCG2  IT=      13 f.err= 4.031E-03                                          
 >ZBCG2  IT=      14 f.err= 2.208E-03                                          
 >ZBCG2  IT=      15 f.err= 1.301E-03                                          
 >ZBCG2  IT=      16 f.err= 6.387E-04                                          
 >ZBCG2  IT=      17 f.err= 3.576E-04                                          
 >ZBCG2  IT=      18 f.err= 2.626E-04                                          
 >ZBCG2  IT=      19 f.err= 1.812E-04                                          
 >ZBCG2  IT=      20 f.err= 1.159E-04                                          
 >ZBCG2  IT=      21 f.err= 7.067E-05                                          
 >ZBCG2  IT=      22 f.err= 4.958E-05                                          
 >ZBCG2  IT=      23 f.err= 1.022E-04                                          
 >ZBCG2  IT=      24 f.err= 3.542E-05                                          
 >ZBCG2  IT=      25 f.err= 2.232E-05                                          
 >ZBCG2  IT=      26 f.err= 2.469E-05                                          
 >ZBCG2  IT=      27 f.err= 1.629E-05                                          
 >ZBCG2  IT=      28 f.err= 1.128E-05                                          
 >ZBCG2  IT=      29 f.err= 7.448E-06                                          
 >TIMEIT  Timing results for: PBCGS2                                           
 >TIMEIT    56.277 = CPU time (sec)                                            
 Q_abs = 1.221E+00 Q_ext=  3.649E+00
 >SCAT     2292 scattering directions used to calculate <cos>, etc.          
 >TIMEIT  Timing results for:  SCAT                                            
 >TIMEIT    14.705 = CPU time (sec)                                            
 >DDSCAT  terminates normally

real	2m21.556s
user	2m18.039s
sys	0m0.728s
Sun Feb  7 19:31:07 EST 2010
runddscat terminates
