ourania3.home
Sun Feb  7 18:33:46 EST 2010
make: `ddscat' is up to date.
/u/draine/work/DDA/ver7.1.0/examples/DSKRCTPBC
 >DDSCAT NUMPROC=   1                                                          
 >DDSCAT --- DDSCAT 7.1.0 [10.02.04]   
 >DDSCAT     Single-precision version                                          
 >REAPAR  =============== Parameter file for v7.1.0 ===================        
 >  **** PRELIMINARIES ****                                               
 >REAPAR NOTORQ - do not compute torques                                       
 >REAPAR PBCGS2 - CCG Method                                                   
 >REAPAR GPFAFT - using GPFA package from Clive Temperton                      
 >REAPAR LATTDR - Draine & Goodman (1993) LDR for alpha
 >REAPAR NOTBIN - Unformatted binary dump option                               
 >REAPAR **** Initial Memory Allocation ****                                   
 >REAPAR allow MXNX,MXNY,MXNZ=   100   100   100 for target generation         
 >REAPAR **** Target Geometry and Composition ****                             
 >REAPAR DSKRCTPBC - Shape definition                                          
 >TARGET    8.00000 = SHPAR(1)                                                 
 >TARGET   10.00000 = SHPAR(2)                                                 
 >TARGET   10.00000 = SHPAR(3)                                                 
 >TARGET   16.00000 = SHPAR(4)                                                 
 >TARGET   16.00000 = SHPAR(5)                                                 
 >TARGET   16.00000 = SHPAR(6)                                                 
 >TARGET   16.00000 = SHPAR(7)                                                 
 >REAPAR  NCOMP=   2                                                           
 >REAPAR  1 ../diel/Au_evap                                                    
 >REAPAR  2 ../diel/Si3N4                                                      
 >REAPAR **** Error Tolerance ****                                             
 >REAPAR  1.000E-05 = TOL = max. acceptable normalized residue |Ax-E|/|E|      
 >  **** Integration limiter for PBC calculations ****                    
 >REAPAR  1.000E-02 = GAMMA = replica dipole summation limiter for PBC         
 >  **** Angular resolution for calculation of <cos>, etc. ****           
 >REAPAR  1.0000 = ETASCA (parameter controlling number of scattering angles   
 >  **** Wavelengths (micron) ****                                        
 >REAPAR   1 wavelengths from  0.5320 to  0.5320                               
 >DIVIDE  Only one element initialized 
 >  **** Effective Radii (micron) ****                                    
 >REAPAR   1 eff. radii from  0.0457 to  0.0457                                
 >DIVIDE  Only one element initialized 
 >  **** Define Incident Polarizations ****                               
 >REAPAR IORTH= 2                                                              
 >REAPAR **** Specify which output files to write ****                         
 >REAPAR IWRKSC= 1                                                             
 >REAPAR IWRPOL= 1                                                             
 >  **** Prescribe Target Rotations ****                                  
 >  **** Specify first IWAV, IRAD, IORI (normally 0 0 0) ****             
 >REAPAR Do orthogonal polarization for each case 
 >REAPAR    0.00   0.00 Range of BETA values ; NBETA =   1                     
 >REAPAR   60.00  60.00 Range of THETA values; NTHETA=   1                     
 >REAPAR    0.00   0.00 Range of PHI values ;   NPHI =   1                     
 >  **** Select Elements of S_ij Matrix to Print ****                     
 >  **** Specify Scattered Directions ****                                
 >REAPAR    1 = number of diffraction orders for transmission                  
 >DDSCAT Allocate memory for first call to TARGET...                           
 >DDSCAT allocating     5.72 MB for IXYZ0;  total=    41.58 MB                 
 >DDSCAT allocating     5.72 MB for ICOMP;  total=    47.30 MB                 
 >DDSCAT allocating     1.91 MB for IOCC;   total=    49.21 MB                 
 >DDSCAT allocating     5.72 MB for ISCR1;  total=    54.93 MB                 
 >DDSCAT allocating     3.81 MB for BETADF; total=    58.75 MB                 
 >DDSCAT allocating     3.81 MB for PHIDF;  total=    62.56 MB                 
 >DDSCAT allocating     3.81 MB for THETADF;total=    66.38 MB                 
 >DDSCAT allocating     3.81 MB for SCRRS2; total=    70.19 MB                 
 >TARGET: Slab+disk                                                         
           3200 = NAT0 = number of dipoles in target
 >DDSCAT returned from TARGET:                                                 
 >DDSCAT    -10     7 = min, max values of JX                                  
 >DDSCAT     -8     7 = min, max values of JY                                  
 >DDSCAT     -8     7 = min, max values of JZ                                  
 >DDSCAT    0.50000   0.50000   0.50000 = X0(1-3)                              
 >DDSCAT  --- physical extent of target volume (occupied sites) ---            
 >DDSCAT    -10.00000     8.00000 = min, max values of x/d                     
 >DDSCAT     -8.00000     8.00000 = min, max values of y/d                     
 >DDSCAT     -8.00000     8.00000 = min, max values of z/d                     
 >EXTEND: target extent in x,y,z directions =   18,   16,   16 (in Target Frame)
 >DDSCAT returned from EXTEND:                                                 
 >DDSCAT      1    18 = min, max values of JX                                  
 >DDSCAT      1    16 = min, max values of JY                                  
 >DDSCAT      1    16 = min, max values of JZ                                  
 >DDSCAT  ------- physical extent of target volume -------                     
 >DDSCAT    -10.00000     8.00000 = min, max values of x/d                     
 >DDSCAT     -8.00000     8.00000 = min, max values of y/d                     
 >DDSCAT     -8.00000     8.00000 = min, max values of z/d                     
 >DDSCAT Allocate memory required for this problem...                          
 >DDSCAT allocating     0.03 MB for ISCR1;  total=    35.88 MB                 
 >DDSCAT allocating     0.02 MB for SCRRS2; total=    35.90 MB                 
 >DDSCAT allocating     0.02 MB for IXYZ0;  total=    35.92 MB                 
 >DDSCAT allocating     0.03 MB for ICOMP;  total=    35.95 MB                 
 >DDSCAT allocating     0.01 MB for IOCC;   total=    35.96 MB                 
 >DDSCAT allocating     0.01 MB for BETADF; total=    35.97 MB                 
 >DDSCAT allocating     0.01 MB for PHIDF;  total=    35.98 MB                 
 >DDSCAT allocating     0.01 MB for THETADF;total=    35.99 MB                 
 >DDSCAT allocating     0.11 MB for CXADIA; total=    36.10 MB                 
 >DDSCAT allocating     1.69 MB for CXZC;   total=    37.79 MB                 
 >DDSCAT allocating     0.84 MB for CXZW;   total=    38.63 MB                 
 >DDSCAT allocating     0.11 MB for CXAOFF; total=    38.73 MB                 
 >DDSCAT allocating     0.11 MB for CXALOF; total=    38.84 MB                 
 >DDSCAT allocating     0.11 MB for CXALOS; total=    38.95 MB                 
 >DDSCAT allocating     0.11 MB for CXALPH; total=    39.05 MB                 
 >DDSCAT allocating     0.11 MB for CXE   ; total=    39.16 MB                 
 >DDSCAT allocating     1.05 MB for CXSC  ; total=    40.21 MB                 
 >DDSCAT allocating     0.11 MB for CXSCR1; total=    40.32 MB                 
 >DDSCAT allocating     0.11 MB for CXXI;   total=    40.42 MB                 
 >DDSCAT allocating     0.05 MB for SCRRS1; total=    40.47 MB                 
 >DDSCAT                 Total memory allocation =    40.47 MB                 
          4608 = NAT  = number of dipoles in extended target
         18  16  16 = x,y,z length of extended target (Targ. Frame)
 >DIELEC about to read file =                                                  
 >DIELEC ../diel/Au_evap                                             
 >DIELEC Gold, evaporated (Johnson & Christy 1972, PRB 6, 4370)                          
 >DIELEC  completed reading file =                                             
 >DIELEC ../diel/Au_evap                                             
 >DIELEC about to read file =                                                  
 >DIELEC ../diel/Si3N4                                               
 >DIELEC Silicon Nitride http://www.luxpop.com                                           
 >DIELEC  completed reading file =                                             
 >DIELEC ../diel/Si3N4                                               
 m= ( 0.5280 , 2.2300),  epsilon= ( -4.6942 ,  2.3549)  for material 1
 m= ( 2.0446 , 0.0140),  epsilon= (  4.1802 ,  0.0572)  for material 2
    0.045652 = AEFF = effective radius (physical units)
    0.109390 = d/aeff for this target
    0.532000 = WAVE = wavelength (physical units)
    0.539174 = k*aeff = 2*pi*aeff/lambda
    0.058981 = k*d
 >ALPHA  Lattice dispersion relation for |m|k_0d=0.1352                        
 >ESELF  PBC with PYD, PZD=   16.00   16.00, GAMMA= 1.00E-02                   
 >DIRECT_CALC Estimated total cputime required by DIRECT_CALC=  539.27 cpu-sec      
 >DIRECT_CALC cputime scales as 1/gamma^2                                           
 >DIRECT_CALC Actual cputime to complete DIRECT_CALC=  536.27 cpu-sec               
 >TIMEIT  Timing results for: ESELF (first call)                               
 >TIMEIT   536.277 = CPU time (sec)                                            
 >ZBCG2  IT=       1 f.err= 2.257E-01                                          
 >ZBCG2  IT=       2 f.err= 2.726E-01                                          
 >ZBCG2  IT=       3 f.err= 1.151E-01                                          
 >ZBCG2  IT=       4 f.err= 1.373E-01                                          
 >ZBCG2  IT=       5 f.err= 4.694E-02                                          
 >ZBCG2  IT=       6 f.err= 4.266E-02                                          
 >ZBCG2  IT=       7 f.err= 3.492E-02                                          
 >ZBCG2  IT=       8 f.err= 1.996E-02                                          
 >ZBCG2  IT=       9 f.err= 1.081E-02                                          
 >ZBCG2  IT=      10 f.err= 9.562E-03                                          
 >ZBCG2  IT=      11 f.err= 6.151E-03                                          
 >ZBCG2  IT=      12 f.err= 3.193E-03                                          
 >ZBCG2  IT=      13 f.err= 2.166E-03                                          
 >ZBCG2  IT=      14 f.err= 1.902E-03                                          
 >ZBCG2  IT=      15 f.err= 1.242E-03                                          
 >ZBCG2  IT=      16 f.err= 1.162E-03                                          
 >ZBCG2  IT=      17 f.err= 6.484E-04                                          
 >ZBCG2  IT=      18 f.err= 4.852E-04                                          
 >ZBCG2  IT=      19 f.err= 3.746E-04                                          
 >ZBCG2  IT=      20 f.err= 5.995E-04                                          
 >ZBCG2  IT=      21 f.err= 1.962E-04                                          
 >ZBCG2  IT=      22 f.err= 1.582E-04                                          
 >ZBCG2  IT=      23 f.err= 1.661E-04                                          
 >ZBCG2  IT=      24 f.err= 9.821E-05                                          
 >ZBCG2  IT=      25 f.err= 1.062E-04                                          
 >ZBCG2  IT=      26 f.err= 5.668E-05                                          
 >ZBCG2  IT=      27 f.err= 4.492E-05                                          
 >ZBCG2  IT=      28 f.err= 3.696E-05                                          
 >ZBCG2  IT=      29 f.err= 3.837E-05                                          
 >ZBCG2  IT=      30 f.err= 2.586E-05                                          
 >ZBCG2  IT=      31 f.err= 1.756E-05                                          
 >ZBCG2  IT=      32 f.err= 2.115E-05                                          
 >ZBCG2  IT=      33 f.err= 1.651E-05                                          
 >ZBCG2  IT=      34 f.err= 1.379E-05                                          
 >ZBCG2  IT=      35 f.err= 4.953E-05                                          
 >ZBCG2  IT=      36 f.err= 7.233E-06                                          
 >TIMEIT  Timing results for: PBCGS2                                           
 >TIMEIT     0.899 = CPU time (sec)                                            
 Q_abs = 2.575E-01 Q_ext=  8.099E-01
 >TIMEIT  Timing results for:  SCAT                                            
 >TIMEIT     0.000 = CPU time (sec)                                            
 >ALPHA  Lattice dispersion relation for |m|k_0d=0.1352                        
 >ZBCG2  IT=       1 f.err= 1.775E-01                                          
 >ZBCG2  IT=       2 f.err= 2.160E-01                                          
 >ZBCG2  IT=       3 f.err= 1.270E-01                                          
 >ZBCG2  IT=       4 f.err= 5.070E-02                                          
 >ZBCG2  IT=       5 f.err= 3.317E-02                                          
 >ZBCG2  IT=       6 f.err= 2.808E-02                                          
 >ZBCG2  IT=       7 f.err= 2.001E-02                                          
 >ZBCG2  IT=       8 f.err= 1.711E-02                                          
 >ZBCG2  IT=       9 f.err= 7.781E-03                                          
 >ZBCG2  IT=      10 f.err= 5.402E-03                                          
 >ZBCG2  IT=      11 f.err= 4.671E-03                                          
 >ZBCG2  IT=      12 f.err= 3.121E-03                                          
 >ZBCG2  IT=      13 f.err= 2.438E-03                                          
 >ZBCG2  IT=      14 f.err= 1.358E-03                                          
 >ZBCG2  IT=      15 f.err= 1.018E-03                                          
 >ZBCG2  IT=      16 f.err= 7.840E-04                                          
 >ZBCG2  IT=      17 f.err= 1.122E-03                                          
 >ZBCG2  IT=      18 f.err= 1.645E-03                                          
 >ZBCG2  IT=      19 f.err= 2.603E-04                                          
 >ZBCG2  IT=      20 f.err= 4.019E-04                                          
 >ZBCG2  IT=      21 f.err= 2.106E-04                                          
 >ZBCG2  IT=      22 f.err= 1.713E-04                                          
 >ZBCG2  IT=      23 f.err= 2.923E-04                                          
 >ZBCG2  IT=      24 f.err= 1.889E-04                                          
 >ZBCG2  IT=      25 f.err= 1.029E-04                                          
 >ZBCG2  IT=      26 f.err= 4.108E-05                                          
 >ZBCG2  IT=      27 f.err= 2.807E-05                                          
 >ZBCG2  IT=      28 f.err= 2.220E-05                                          
 >ZBCG2  IT=      29 f.err= 1.734E-05                                          
 >ZBCG2  IT=      30 f.err= 1.333E-05                                          
 >ZBCG2  IT=      31 f.err= 1.092E-05                                          
 >ZBCG2  IT=      32 f.err= 3.507E-05                                          
 >ZBCG2  IT=      33 f.err= 5.885E-06                                          
 >TIMEIT  Timing results for: PBCGS2                                           
 >TIMEIT     0.825 = CPU time (sec)                                            
 Q_abs = 2.111E-01 Q_ext=  7.298E-01
 >TIMEIT  Timing results for:  SCAT                                            
 >TIMEIT     0.000 = CPU time (sec)                                            
 >DDSCAT  terminates normally

real	9m0.086s
user	8m57.344s
sys	0m0.705s
Sun Feb  7 18:42:46 EST 2010
runddscat terminated
