 >TARPBXN : slab+disk; XS2,XS3,YS,ZS= 10.0000  0.0000 16.0000 16.0000
      3200 = NAT 
  1.000000  0.000000  0.000000 = A_1 vector
  0.000000  1.000000  0.000000 = A_2 vector
  1.000000  1.000000  1.000000 = lattice spacings (d_x,d_y,d_z)/d
   0.50000   0.50000   0.50000 = lattice offset x0(1-3) = (x_TF,y_TF,z_TF)/d for dipole 0 0 0
     JA  IX  IY  IZ ICOMP(x,y,z)
      1   0  -5  -2 1 1 1
      2   1  -5  -2 1 1 1
      3   2  -5  -2 1 1 1
      4   3  -5  -2 1 1 1
      5   4  -5  -2 1 1 1
      6   5  -5  -2 1 1 1
      7   6  -5  -2 1 1 1
      8   7  -5  -2 1 1 1
      9   0  -5  -1 1 1 1
     10   1  -5  -1 1 1 1
     11   2  -5  -1 1 1 1
     12   3  -5  -1 1 1 1
     13   4  -5  -1 1 1 1
     14   5  -5  -1 1 1 1
     15   6  -5  -1 1 1 1
     16   7  -5  -1 1 1 1
     17   0  -5   0 1 1 1
     18   1  -5   0 1 1 1
     19   2  -5   0 1 1 1
     20   3  -5   0 1 1 1
     21   4  -5   0 1 1 1
     22   5  -5   0 1 1 1
     23   6  -5   0 1 1 1
     24   7  -5   0 1 1 1
     25   0  -5   1 1 1 1
     26   1  -5   1 1 1 1
     27   2  -5   1 1 1 1
     28   3  -5   1 1 1 1
     29   4  -5   1 1 1 1
     30   5  -5   1 1 1 1
     31   6  -5   1 1 1 1
     32   7  -5   1 1 1 1
     33   0  -4  -4 1 1 1
     34   1  -4  -4 1 1 1
     35   2  -4  -4 1 1 1
     36   3  -4  -4 1 1 1
     37   4  -4  -4 1 1 1
     38   5  -4  -4 1 1 1
     39   6  -4  -4 1 1 1
     40   7  -4  -4 1 1 1
     41   0  -4  -3 1 1 1
     42   1  -4  -3 1 1 1
     43   2  -4  -3 1 1 1
     44   3  -4  -3 1 1 1
     45   4  -4  -3 1 1 1
     46   5  -4  -3 1 1 1
     47   6  -4  -3 1 1 1
     48   7  -4  -3 1 1 1
     49   0  -4  -2 1 1 1
     50   1  -4  -2 1 1 1
     51   2  -4  -2 1 1 1
     52   3  -4  -2 1 1 1
     53   4  -4  -2 1 1 1
     54   5  -4  -2 1 1 1
     55   6  -4  -2 1 1 1
     56   7  -4  -2 1 1 1
     57   0  -4  -1 1 1 1
     58   1  -4  -1 1 1 1
     59   2  -4  -1 1 1 1
     60   3  -4  -1 1 1 1
     61   4  -4  -1 1 1 1
     62   5  -4  -1 1 1 1
     63   6  -4  -1 1 1 1
     64   7  -4  -1 1 1 1
     65   0  -4   0 1 1 1
     66   1  -4   0 1 1 1
     67   2  -4   0 1 1 1
     68   3  -4   0 1 1 1
     69   4  -4   0 1 1 1
     70   5  -4   0 1 1 1
     71   6  -4   0 1 1 1
     72   7  -4   0 1 1 1
     73   0  -4   1 1 1 1
     74   1  -4   1 1 1 1
     75   2  -4   1 1 1 1
     76   3  -4   1 1 1 1
     77   4  -4   1 1 1 1
     78   5  -4   1 1 1 1
     79   6  -4   1 1 1 1
     80   7  -4   1 1 1 1
     81   0  -4   2 1 1 1
     82   1  -4   2 1 1 1
     83   2  -4   2 1 1 1
     84   3  -4   2 1 1 1
     85   4  -4   2 1 1 1
     86   5  -4   2 1 1 1
     87   6  -4   2 1 1 1
     88   7  -4   2 1 1 1
     89   0  -4   3 1 1 1
     90   1  -4   3 1 1 1
     91   2  -4   3 1 1 1
     92   3  -4   3 1 1 1
     93   4  -4   3 1 1 1
     94   5  -4   3 1 1 1
     95   6  -4   3 1 1 1
     96   7  -4   3 1 1 1
     97   0  -3  -4 1 1 1
     98   1  -3  -4 1 1 1
     99   2  -3  -4 1 1 1
    100   3  -3  -4 1 1 1
    101   4  -3  -4 1 1 1
    102   5  -3  -4 1 1 1
    103   6  -3  -4 1 1 1
    104   7  -3  -4 1 1 1
    105   0  -3  -3 1 1 1
    106   1  -3  -3 1 1 1
    107   2  -3  -3 1 1 1
    108   3  -3  -3 1 1 1
    109   4  -3  -3 1 1 1
    110   5  -3  -3 1 1 1
    111   6  -3  -3 1 1 1
    112   7  -3  -3 1 1 1
    113   0  -3  -2 1 1 1
    114   1  -3  -2 1 1 1
    115   2  -3  -2 1 1 1
    116   3  -3  -2 1 1 1
    117   4  -3  -2 1 1 1
    118   5  -3  -2 1 1 1
    119   6  -3  -2 1 1 1
    120   7  -3  -2 1 1 1
    121   0  -3  -1 1 1 1
    122   1  -3  -1 1 1 1
    123   2  -3  -1 1 1 1
    124   3  -3  -1 1 1 1
    125   4  -3  -1 1 1 1
    126   5  -3  -1 1 1 1
    127   6  -3  -1 1 1 1
    128   7  -3  -1 1 1 1
    129   0  -3   0 1 1 1
    130   1  -3   0 1 1 1
    131   2  -3   0 1 1 1
    132   3  -3   0 1 1 1
    133   4  -3   0 1 1 1
    134   5  -3   0 1 1 1
    135   6  -3   0 1 1 1
    136   7  -3   0 1 1 1
    137   0  -3   1 1 1 1
    138   1  -3   1 1 1 1
    139   2  -3   1 1 1 1
    140   3  -3   1 1 1 1
    141   4  -3   1 1 1 1
    142   5  -3   1 1 1 1
    143   6  -3   1 1 1 1
    144   7  -3   1 1 1 1
    145   0  -3   2 1 1 1
    146   1  -3   2 1 1 1
    147   2  -3   2 1 1 1
    148   3  -3   2 1 1 1
    149   4  -3   2 1 1 1
    150   5  -3   2 1 1 1
    151   6  -3   2 1 1 1
    152   7  -3   2 1 1 1
    153   0  -3   3 1 1 1
    154   1  -3   3 1 1 1
    155   2  -3   3 1 1 1
    156   3  -3   3 1 1 1
    157   4  -3   3 1 1 1
    158   5  -3   3 1 1 1
    159   6  -3   3 1 1 1
    160   7  -3   3 1 1 1
    161   0  -2  -5 1 1 1
    162   1  -2  -5 1 1 1
    163   2  -2  -5 1 1 1
    164   3  -2  -5 1 1 1
    165   4  -2  -5 1 1 1
    166   5  -2  -5 1 1 1
    167   6  -2  -5 1 1 1
    168   7  -2  -5 1 1 1
    169   0  -2  -4 1 1 1
    170   1  -2  -4 1 1 1
    171   2  -2  -4 1 1 1
    172   3  -2  -4 1 1 1
    173   4  -2  -4 1 1 1
    174   5  -2  -4 1 1 1
    175   6  -2  -4 1 1 1
    176   7  -2  -4 1 1 1
    177   0  -2  -3 1 1 1
    178   1  -2  -3 1 1 1
    179   2  -2  -3 1 1 1
    180   3  -2  -3 1 1 1
    181   4  -2  -3 1 1 1
    182   5  -2  -3 1 1 1
    183   6  -2  -3 1 1 1
    184   7  -2  -3 1 1 1
    185   0  -2  -2 1 1 1
    186   1  -2  -2 1 1 1
    187   2  -2  -2 1 1 1
    188   3  -2  -2 1 1 1
    189   4  -2  -2 1 1 1
    190   5  -2  -2 1 1 1
    191   6  -2  -2 1 1 1
    192   7  -2  -2 1 1 1
    193   0  -2  -1 1 1 1
    194   1  -2  -1 1 1 1
    195   2  -2  -1 1 1 1
    196   3  -2  -1 1 1 1
    197   4  -2  -1 1 1 1
    198   5  -2  -1 1 1 1
    199   6  -2  -1 1 1 1
    200   7  -2  -1 1 1 1
    201   0  -2   0 1 1 1
    202   1  -2   0 1 1 1
    203   2  -2   0 1 1 1
    204   3  -2   0 1 1 1
    205   4  -2   0 1 1 1
    206   5  -2   0 1 1 1
    207   6  -2   0 1 1 1
    208   7  -2   0 1 1 1
    209   0  -2   1 1 1 1
    210   1  -2   1 1 1 1
    211   2  -2   1 1 1 1
    212   3  -2   1 1 1 1
    213   4  -2   1 1 1 1
    214   5  -2   1 1 1 1
    215   6  -2   1 1 1 1
    216   7  -2   1 1 1 1
    217   0  -2   2 1 1 1
    218   1  -2   2 1 1 1
    219   2  -2   2 1 1 1
    220   3  -2   2 1 1 1
    221   4  -2   2 1 1 1
    222   5  -2   2 1 1 1
    223   6  -2   2 1 1 1
    224   7  -2   2 1 1 1
    225   0  -2   3 1 1 1
    226   1  -2   3 1 1 1
    227   2  -2   3 1 1 1
    228   3  -2   3 1 1 1
    229   4  -2   3 1 1 1
    230   5  -2   3 1 1 1
    231   6  -2   3 1 1 1
    232   7  -2   3 1 1 1
    233   0  -2   4 1 1 1
    234   1  -2   4 1 1 1
    235   2  -2   4 1 1 1
    236   3  -2   4 1 1 1
    237   4  -2   4 1 1 1
    238   5  -2   4 1 1 1
    239   6  -2   4 1 1 1
    240   7  -2   4 1 1 1
    241   0  -1  -5 1 1 1
    242   1  -1  -5 1 1 1
    243   2  -1  -5 1 1 1
    244   3  -1  -5 1 1 1
    245   4  -1  -5 1 1 1
    246   5  -1  -5 1 1 1
    247   6  -1  -5 1 1 1
    248   7  -1  -5 1 1 1
    249   0  -1  -4 1 1 1
    250   1  -1  -4 1 1 1
    251   2  -1  -4 1 1 1
    252   3  -1  -4 1 1 1
    253   4  -1  -4 1 1 1
    254   5  -1  -4 1 1 1
    255   6  -1  -4 1 1 1
    256   7  -1  -4 1 1 1
    257   0  -1  -3 1 1 1
    258   1  -1  -3 1 1 1
    259   2  -1  -3 1 1 1
    260   3  -1  -3 1 1 1
    261   4  -1  -3 1 1 1
    262   5  -1  -3 1 1 1
    263   6  -1  -3 1 1 1
    264   7  -1  -3 1 1 1
    265   0  -1  -2 1 1 1
    266   1  -1  -2 1 1 1
    267   2  -1  -2 1 1 1
    268   3  -1  -2 1 1 1
    269   4  -1  -2 1 1 1
    270   5  -1  -2 1 1 1
    271   6  -1  -2 1 1 1
    272   7  -1  -2 1 1 1
    273   0  -1  -1 1 1 1
    274   1  -1  -1 1 1 1
    275   2  -1  -1 1 1 1
    276   3  -1  -1 1 1 1
    277   4  -1  -1 1 1 1
    278   5  -1  -1 1 1 1
    279   6  -1  -1 1 1 1
    280   7  -1  -1 1 1 1
    281   0  -1   0 1 1 1
    282   1  -1   0 1 1 1
    283   2  -1   0 1 1 1
    284   3  -1   0 1 1 1
    285   4  -1   0 1 1 1
    286   5  -1   0 1 1 1
    287   6  -1   0 1 1 1
    288   7  -1   0 1 1 1
    289   0  -1   1 1 1 1
    290   1  -1   1 1 1 1
    291   2  -1   1 1 1 1
    292   3  -1   1 1 1 1
    293   4  -1   1 1 1 1
    294   5  -1   1 1 1 1
    295   6  -1   1 1 1 1
    296   7  -1   1 1 1 1
    297   0  -1   2 1 1 1
    298   1  -1   2 1 1 1
    299   2  -1   2 1 1 1
    300   3  -1   2 1 1 1
    301   4  -1   2 1 1 1
    302   5  -1   2 1 1 1
    303   6  -1   2 1 1 1
    304   7  -1   2 1 1 1
    305   0  -1   3 1 1 1
    306   1  -1   3 1 1 1
    307   2  -1   3 1 1 1
    308   3  -1   3 1 1 1
    309   4  -1   3 1 1 1
    310   5  -1   3 1 1 1
    311   6  -1   3 1 1 1
    312   7  -1   3 1 1 1
    313   0  -1   4 1 1 1
    314   1  -1   4 1 1 1
    315   2  -1   4 1 1 1
    316   3  -1   4 1 1 1
    317   4  -1   4 1 1 1
    318   5  -1   4 1 1 1
    319   6  -1   4 1 1 1
    320   7  -1   4 1 1 1
    321   0   0  -5 1 1 1
    322   1   0  -5 1 1 1
    323   2   0  -5 1 1 1
    324   3   0  -5 1 1 1
    325   4   0  -5 1 1 1
    326   5   0  -5 1 1 1
    327   6   0  -5 1 1 1
    328   7   0  -5 1 1 1
    329   0   0  -4 1 1 1
    330   1   0  -4 1 1 1
    331   2   0  -4 1 1 1
    332   3   0  -4 1 1 1
    333   4   0  -4 1 1 1
    334   5   0  -4 1 1 1
    335   6   0  -4 1 1 1
    336   7   0  -4 1 1 1
    337   0   0  -3 1 1 1
    338   1   0  -3 1 1 1
    339   2   0  -3 1 1 1
    340   3   0  -3 1 1 1
    341   4   0  -3 1 1 1
    342   5   0  -3 1 1 1
    343   6   0  -3 1 1 1
    344   7   0  -3 1 1 1
    345   0   0  -2 1 1 1
    346   1   0  -2 1 1 1
    347   2   0  -2 1 1 1
    348   3   0  -2 1 1 1
    349   4   0  -2 1 1 1
    350   5   0  -2 1 1 1
    351   6   0  -2 1 1 1
    352   7   0  -2 1 1 1
    353   0   0  -1 1 1 1
    354   1   0  -1 1 1 1
    355   2   0  -1 1 1 1
    356   3   0  -1 1 1 1
    357   4   0  -1 1 1 1
    358   5   0  -1 1 1 1
    359   6   0  -1 1 1 1
    360   7   0  -1 1 1 1
    361   0   0   0 1 1 1
    362   1   0   0 1 1 1
    363   2   0   0 1 1 1
    364   3   0   0 1 1 1
    365   4   0   0 1 1 1
    366   5   0   0 1 1 1
    367   6   0   0 1 1 1
    368   7   0   0 1 1 1
    369   0   0   1 1 1 1
    370   1   0   1 1 1 1
    371   2   0   1 1 1 1
    372   3   0   1 1 1 1
    373   4   0   1 1 1 1
    374   5   0   1 1 1 1
    375   6   0   1 1 1 1
    376   7   0   1 1 1 1
    377   0   0   2 1 1 1
    378   1   0   2 1 1 1
    379   2   0   2 1 1 1
    380   3   0   2 1 1 1
    381   4   0   2 1 1 1
    382   5   0   2 1 1 1
    383   6   0   2 1 1 1
    384   7   0   2 1 1 1
    385   0   0   3 1 1 1
    386   1   0   3 1 1 1
    387   2   0   3 1 1 1
    388   3   0   3 1 1 1
    389   4   0   3 1 1 1
    390   5   0   3 1 1 1
    391   6   0   3 1 1 1
    392   7   0   3 1 1 1
    393   0   0   4 1 1 1
    394   1   0   4 1 1 1
    395   2   0   4 1 1 1
    396   3   0   4 1 1 1
    397   4   0   4 1 1 1
    398   5   0   4 1 1 1
    399   6   0   4 1 1 1
    400   7   0   4 1 1 1
    401   0   1  -5 1 1 1
    402   1   1  -5 1 1 1
    403   2   1  -5 1 1 1
    404   3   1  -5 1 1 1
    405   4   1  -5 1 1 1
    406   5   1  -5 1 1 1
    407   6   1  -5 1 1 1
    408   7   1  -5 1 1 1
    409   0   1  -4 1 1 1
    410   1   1  -4 1 1 1
    411   2   1  -4 1 1 1
    412   3   1  -4 1 1 1
    413   4   1  -4 1 1 1
    414   5   1  -4 1 1 1
    415   6   1  -4 1 1 1
    416   7   1  -4 1 1 1
    417   0   1  -3 1 1 1
    418   1   1  -3 1 1 1
    419   2   1  -3 1 1 1
    420   3   1  -3 1 1 1
    421   4   1  -3 1 1 1
    422   5   1  -3 1 1 1
    423   6   1  -3 1 1 1
    424   7   1  -3 1 1 1
    425   0   1  -2 1 1 1
    426   1   1  -2 1 1 1
    427   2   1  -2 1 1 1
    428   3   1  -2 1 1 1
    429   4   1  -2 1 1 1
    430   5   1  -2 1 1 1
    431   6   1  -2 1 1 1
    432   7   1  -2 1 1 1
    433   0   1  -1 1 1 1
    434   1   1  -1 1 1 1
    435   2   1  -1 1 1 1
    436   3   1  -1 1 1 1
    437   4   1  -1 1 1 1
    438   5   1  -1 1 1 1
    439   6   1  -1 1 1 1
    440   7   1  -1 1 1 1
    441   0   1   0 1 1 1
    442   1   1   0 1 1 1
    443   2   1   0 1 1 1
    444   3   1   0 1 1 1
    445   4   1   0 1 1 1
    446   5   1   0 1 1 1
    447   6   1   0 1 1 1
    448   7   1   0 1 1 1
    449   0   1   1 1 1 1
    450   1   1   1 1 1 1
    451   2   1   1 1 1 1
    452   3   1   1 1 1 1
    453   4   1   1 1 1 1
    454   5   1   1 1 1 1
    455   6   1   1 1 1 1
    456   7   1   1 1 1 1
    457   0   1   2 1 1 1
    458   1   1   2 1 1 1
    459   2   1   2 1 1 1
    460   3   1   2 1 1 1
    461   4   1   2 1 1 1
    462   5   1   2 1 1 1
    463   6   1   2 1 1 1
    464   7   1   2 1 1 1
    465   0   1   3 1 1 1
    466   1   1   3 1 1 1
    467   2   1   3 1 1 1
    468   3   1   3 1 1 1
    469   4   1   3 1 1 1
    470   5   1   3 1 1 1
    471   6   1   3 1 1 1
    472   7   1   3 1 1 1
    473   0   1   4 1 1 1
    474   1   1   4 1 1 1
    475   2   1   4 1 1 1
    476   3   1   4 1 1 1
    477   4   1   4 1 1 1
    478   5   1   4 1 1 1
    479   6   1   4 1 1 1
    480   7   1   4 1 1 1
    481   0   2  -4 1 1 1
    482   1   2  -4 1 1 1
    483   2   2  -4 1 1 1
    484   3   2  -4 1 1 1
    485   4   2  -4 1 1 1
    486   5   2  -4 1 1 1
    487   6   2  -4 1 1 1
    488   7   2  -4 1 1 1
    489   0   2  -3 1 1 1
    490   1   2  -3 1 1 1
    491   2   2  -3 1 1 1
    492   3   2  -3 1 1 1
    493   4   2  -3 1 1 1
    494   5   2  -3 1 1 1
    495   6   2  -3 1 1 1
    496   7   2  -3 1 1 1
    497   0   2  -2 1 1 1
    498   1   2  -2 1 1 1
    499   2   2  -2 1 1 1
    500   3   2  -2 1 1 1
    501   4   2  -2 1 1 1
    502   5   2  -2 1 1 1
    503   6   2  -2 1 1 1
    504   7   2  -2 1 1 1
    505   0   2  -1 1 1 1
    506   1   2  -1 1 1 1
    507   2   2  -1 1 1 1
    508   3   2  -1 1 1 1
    509   4   2  -1 1 1 1
    510   5   2  -1 1 1 1
    511   6   2  -1 1 1 1
    512   7   2  -1 1 1 1
    513   0   2   0 1 1 1
    514   1   2   0 1 1 1
    515   2   2   0 1 1 1
    516   3   2   0 1 1 1
    517   4   2   0 1 1 1
    518   5   2   0 1 1 1
    519   6   2   0 1 1 1
    520   7   2   0 1 1 1
    521   0   2   1 1 1 1
    522   1   2   1 1 1 1
    523   2   2   1 1 1 1
    524   3   2   1 1 1 1
    525   4   2   1 1 1 1
    526   5   2   1 1 1 1
    527   6   2   1 1 1 1
    528   7   2   1 1 1 1
    529   0   2   2 1 1 1
    530   1   2   2 1 1 1
    531   2   2   2 1 1 1
    532   3   2   2 1 1 1
    533   4   2   2 1 1 1
    534   5   2   2 1 1 1
    535   6   2   2 1 1 1
    536   7   2   2 1 1 1
    537   0   2   3 1 1 1
    538   1   2   3 1 1 1
    539   2   2   3 1 1 1
    540   3   2   3 1 1 1
    541   4   2   3 1 1 1
    542   5   2   3 1 1 1
    543   6   2   3 1 1 1
    544   7   2   3 1 1 1
    545   0   3  -4 1 1 1
    546   1   3  -4 1 1 1
    547   2   3  -4 1 1 1
    548   3   3  -4 1 1 1
    549   4   3  -4 1 1 1
    550   5   3  -4 1 1 1
    551   6   3  -4 1 1 1
    552   7   3  -4 1 1 1
    553   0   3  -3 1 1 1
    554   1   3  -3 1 1 1
    555   2   3  -3 1 1 1
    556   3   3  -3 1 1 1
    557   4   3  -3 1 1 1
    558   5   3  -3 1 1 1
    559   6   3  -3 1 1 1
    560   7   3  -3 1 1 1
    561   0   3  -2 1 1 1
    562   1   3  -2 1 1 1
    563   2   3  -2 1 1 1
    564   3   3  -2 1 1 1
    565   4   3  -2 1 1 1
    566   5   3  -2 1 1 1
    567   6   3  -2 1 1 1
    568   7   3  -2 1 1 1
    569   0   3  -1 1 1 1
    570   1   3  -1 1 1 1
    571   2   3  -1 1 1 1
    572   3   3  -1 1 1 1
    573   4   3  -1 1 1 1
    574   5   3  -1 1 1 1
    575   6   3  -1 1 1 1
    576   7   3  -1 1 1 1
    577   0   3   0 1 1 1
    578   1   3   0 1 1 1
    579   2   3   0 1 1 1
    580   3   3   0 1 1 1
    581   4   3   0 1 1 1
    582   5   3   0 1 1 1
    583   6   3   0 1 1 1
    584   7   3   0 1 1 1
    585   0   3   1 1 1 1
    586   1   3   1 1 1 1
    587   2   3   1 1 1 1
    588   3   3   1 1 1 1
    589   4   3   1 1 1 1
    590   5   3   1 1 1 1
    591   6   3   1 1 1 1
    592   7   3   1 1 1 1
    593   0   3   2 1 1 1
    594   1   3   2 1 1 1
    595   2   3   2 1 1 1
    596   3   3   2 1 1 1
    597   4   3   2 1 1 1
    598   5   3   2 1 1 1
    599   6   3   2 1 1 1
    600   7   3   2 1 1 1
    601   0   3   3 1 1 1
    602   1   3   3 1 1 1
    603   2   3   3 1 1 1
    604   3   3   3 1 1 1
    605   4   3   3 1 1 1
    606   5   3   3 1 1 1
    607   6   3   3 1 1 1
    608   7   3   3 1 1 1
    609   0   4  -2 1 1 1
    610   1   4  -2 1 1 1
    611   2   4  -2 1 1 1
    612   3   4  -2 1 1 1
    613   4   4  -2 1 1 1
    614   5   4  -2 1 1 1
    615   6   4  -2 1 1 1
    616   7   4  -2 1 1 1
    617   0   4  -1 1 1 1
    618   1   4  -1 1 1 1
    619   2   4  -1 1 1 1
    620   3   4  -1 1 1 1
    621   4   4  -1 1 1 1
    622   5   4  -1 1 1 1
    623   6   4  -1 1 1 1
    624   7   4  -1 1 1 1
    625   0   4   0 1 1 1
    626   1   4   0 1 1 1
    627   2   4   0 1 1 1
    628   3   4   0 1 1 1
    629   4   4   0 1 1 1
    630   5   4   0 1 1 1
    631   6   4   0 1 1 1
    632   7   4   0 1 1 1
    633   0   4   1 1 1 1
    634   1   4   1 1 1 1
    635   2   4   1 1 1 1
    636   3   4   1 1 1 1
    637   4   4   1 1 1 1
    638   5   4   1 1 1 1
    639   6   4   1 1 1 1
    640   7   4   1 1 1 1
    641 -10  -8  -8 2 2 2
    642 -10  -8  -7 2 2 2
    643 -10  -8  -6 2 2 2
    644 -10  -8  -5 2 2 2
    645 -10  -8  -4 2 2 2
    646 -10  -8  -3 2 2 2
    647 -10  -8  -2 2 2 2
    648 -10  -8  -1 2 2 2
    649 -10  -8   0 2 2 2
    650 -10  -8   1 2 2 2
    651 -10  -8   2 2 2 2
    652 -10  -8   3 2 2 2
    653 -10  -8   4 2 2 2
    654 -10  -8   5 2 2 2
    655 -10  -8   6 2 2 2
    656 -10  -8   7 2 2 2
    657 -10  -7  -8 2 2 2
    658 -10  -7  -7 2 2 2
    659 -10  -7  -6 2 2 2
    660 -10  -7  -5 2 2 2
    661 -10  -7  -4 2 2 2
    662 -10  -7  -3 2 2 2
    663 -10  -7  -2 2 2 2
    664 -10  -7  -1 2 2 2
    665 -10  -7   0 2 2 2
    666 -10  -7   1 2 2 2
    667 -10  -7   2 2 2 2
    668 -10  -7   3 2 2 2
    669 -10  -7   4 2 2 2
    670 -10  -7   5 2 2 2
    671 -10  -7   6 2 2 2
    672 -10  -7   7 2 2 2
    673 -10  -6  -8 2 2 2
    674 -10  -6  -7 2 2 2
    675 -10  -6  -6 2 2 2
    676 -10  -6  -5 2 2 2
    677 -10  -6  -4 2 2 2
    678 -10  -6  -3 2 2 2
    679 -10  -6  -2 2 2 2
    680 -10  -6  -1 2 2 2
    681 -10  -6   0 2 2 2
    682 -10  -6   1 2 2 2
    683 -10  -6   2 2 2 2
    684 -10  -6   3 2 2 2
    685 -10  -6   4 2 2 2
    686 -10  -6   5 2 2 2
    687 -10  -6   6 2 2 2
    688 -10  -6   7 2 2 2
    689 -10  -5  -8 2 2 2
    690 -10  -5  -7 2 2 2
    691 -10  -5  -6 2 2 2
    692 -10  -5  -5 2 2 2
    693 -10  -5  -4 2 2 2
    694 -10  -5  -3 2 2 2
    695 -10  -5  -2 2 2 2
    696 -10  -5  -1 2 2 2
    697 -10  -5   0 2 2 2
    698 -10  -5   1 2 2 2
    699 -10  -5   2 2 2 2
    700 -10  -5   3 2 2 2
    701 -10  -5   4 2 2 2
    702 -10  -5   5 2 2 2
    703 -10  -5   6 2 2 2
    704 -10  -5   7 2 2 2
    705 -10  -4  -8 2 2 2
    706 -10  -4  -7 2 2 2
    707 -10  -4  -6 2 2 2
    708 -10  -4  -5 2 2 2
    709 -10  -4  -4 2 2 2
    710 -10  -4  -3 2 2 2
    711 -10  -4  -2 2 2 2
    712 -10  -4  -1 2 2 2
    713 -10  -4   0 2 2 2
    714 -10  -4   1 2 2 2
    715 -10  -4   2 2 2 2
    716 -10  -4   3 2 2 2
    717 -10  -4   4 2 2 2
    718 -10  -4   5 2 2 2
    719 -10  -4   6 2 2 2
    720 -10  -4   7 2 2 2
    721 -10  -3  -8 2 2 2
    722 -10  -3  -7 2 2 2
    723 -10  -3  -6 2 2 2
    724 -10  -3  -5 2 2 2
    725 -10  -3  -4 2 2 2
    726 -10  -3  -3 2 2 2
    727 -10  -3  -2 2 2 2
    728 -10  -3  -1 2 2 2
    729 -10  -3   0 2 2 2
    730 -10  -3   1 2 2 2
    731 -10  -3   2 2 2 2
    732 -10  -3   3 2 2 2
    733 -10  -3   4 2 2 2
    734 -10  -3   5 2 2 2
    735 -10  -3   6 2 2 2
    736 -10  -3   7 2 2 2
    737 -10  -2  -8 2 2 2
    738 -10  -2  -7 2 2 2
    739 -10  -2  -6 2 2 2
    740 -10  -2  -5 2 2 2
    741 -10  -2  -4 2 2 2
    742 -10  -2  -3 2 2 2
    743 -10  -2  -2 2 2 2
    744 -10  -2  -1 2 2 2
    745 -10  -2   0 2 2 2
    746 -10  -2   1 2 2 2
    747 -10  -2   2 2 2 2
    748 -10  -2   3 2 2 2
    749 -10  -2   4 2 2 2
    750 -10  -2   5 2 2 2
    751 -10  -2   6 2 2 2
    752 -10  -2   7 2 2 2
    753 -10  -1  -8 2 2 2
    754 -10  -1  -7 2 2 2
    755 -10  -1  -6 2 2 2
    756 -10  -1  -5 2 2 2
    757 -10  -1  -4 2 2 2
    758 -10  -1  -3 2 2 2
    759 -10  -1  -2 2 2 2
    760 -10  -1  -1 2 2 2
    761 -10  -1   0 2 2 2
    762 -10  -1   1 2 2 2
    763 -10  -1   2 2 2 2
    764 -10  -1   3 2 2 2
    765 -10  -1   4 2 2 2
    766 -10  -1   5 2 2 2
    767 -10  -1   6 2 2 2
    768 -10  -1   7 2 2 2
    769 -10   0  -8 2 2 2
    770 -10   0  -7 2 2 2
    771 -10   0  -6 2 2 2
    772 -10   0  -5 2 2 2
    773 -10   0  -4 2 2 2
    774 -10   0  -3 2 2 2
    775 -10   0  -2 2 2 2
    776 -10   0  -1 2 2 2
    777 -10   0   0 2 2 2
    778 -10   0   1 2 2 2
    779 -10   0   2 2 2 2
    780 -10   0   3 2 2 2
    781 -10   0   4 2 2 2
    782 -10   0   5 2 2 2
    783 -10   0   6 2 2 2
    784 -10   0   7 2 2 2
    785 -10   1  -8 2 2 2
    786 -10   1  -7 2 2 2
    787 -10   1  -6 2 2 2
    788 -10   1  -5 2 2 2
    789 -10   1  -4 2 2 2
    790 -10   1  -3 2 2 2
    791 -10   1  -2 2 2 2
    792 -10   1  -1 2 2 2
    793 -10   1   0 2 2 2
    794 -10   1   1 2 2 2
    795 -10   1   2 2 2 2
    796 -10   1   3 2 2 2
    797 -10   1   4 2 2 2
    798 -10   1   5 2 2 2
    799 -10   1   6 2 2 2
    800 -10   1   7 2 2 2
    801 -10   2  -8 2 2 2
    802 -10   2  -7 2 2 2
    803 -10   2  -6 2 2 2
    804 -10   2  -5 2 2 2
    805 -10   2  -4 2 2 2
    806 -10   2  -3 2 2 2
    807 -10   2  -2 2 2 2
    808 -10   2  -1 2 2 2
    809 -10   2   0 2 2 2
    810 -10   2   1 2 2 2
    811 -10   2   2 2 2 2
    812 -10   2   3 2 2 2
    813 -10   2   4 2 2 2
    814 -10   2   5 2 2 2
    815 -10   2   6 2 2 2
    816 -10   2   7 2 2 2
    817 -10   3  -8 2 2 2
    818 -10   3  -7 2 2 2
    819 -10   3  -6 2 2 2
    820 -10   3  -5 2 2 2
    821 -10   3  -4 2 2 2
    822 -10   3  -3 2 2 2
    823 -10   3  -2 2 2 2
    824 -10   3  -1 2 2 2
    825 -10   3   0 2 2 2
    826 -10   3   1 2 2 2
    827 -10   3   2 2 2 2
    828 -10   3   3 2 2 2
    829 -10   3   4 2 2 2
    830 -10   3   5 2 2 2
    831 -10   3   6 2 2 2
    832 -10   3   7 2 2 2
    833 -10   4  -8 2 2 2
    834 -10   4  -7 2 2 2
    835 -10   4  -6 2 2 2
    836 -10   4  -5 2 2 2
    837 -10   4  -4 2 2 2
    838 -10   4  -3 2 2 2
    839 -10   4  -2 2 2 2
    840 -10   4  -1 2 2 2
    841 -10   4   0 2 2 2
    842 -10   4   1 2 2 2
    843 -10   4   2 2 2 2
    844 -10   4   3 2 2 2
    845 -10   4   4 2 2 2
    846 -10   4   5 2 2 2
    847 -10   4   6 2 2 2
    848 -10   4   7 2 2 2
    849 -10   5  -8 2 2 2
    850 -10   5  -7 2 2 2
    851 -10   5  -6 2 2 2
    852 -10   5  -5 2 2 2
    853 -10   5  -4 2 2 2
    854 -10   5  -3 2 2 2
    855 -10   5  -2 2 2 2
    856 -10   5  -1 2 2 2
    857 -10   5   0 2 2 2
    858 -10   5   1 2 2 2
    859 -10   5   2 2 2 2
    860 -10   5   3 2 2 2
    861 -10   5   4 2 2 2
    862 -10   5   5 2 2 2
    863 -10   5   6 2 2 2
    864 -10   5   7 2 2 2
    865 -10   6  -8 2 2 2
    866 -10   6  -7 2 2 2
    867 -10   6  -6 2 2 2
    868 -10   6  -5 2 2 2
    869 -10   6  -4 2 2 2
    870 -10   6  -3 2 2 2
    871 -10   6  -2 2 2 2
    872 -10   6  -1 2 2 2
    873 -10   6   0 2 2 2
    874 -10   6   1 2 2 2
    875 -10   6   2 2 2 2
    876 -10   6   3 2 2 2
    877 -10   6   4 2 2 2
    878 -10   6   5 2 2 2
    879 -10   6   6 2 2 2
    880 -10   6   7 2 2 2
    881 -10   7  -8 2 2 2
    882 -10   7  -7 2 2 2
    883 -10   7  -6 2 2 2
    884 -10   7  -5 2 2 2
    885 -10   7  -4 2 2 2
    886 -10   7  -3 2 2 2
    887 -10   7  -2 2 2 2
    888 -10   7  -1 2 2 2
    889 -10   7   0 2 2 2
    890 -10   7   1 2 2 2
    891 -10   7   2 2 2 2
    892 -10   7   3 2 2 2
    893 -10   7   4 2 2 2
    894 -10   7   5 2 2 2
    895 -10   7   6 2 2 2
    896 -10   7   7 2 2 2
    897  -9  -8  -8 2 2 2
    898  -9  -8  -7 2 2 2
    899  -9  -8  -6 2 2 2
    900  -9  -8  -5 2 2 2
    901  -9  -8  -4 2 2 2
    902  -9  -8  -3 2 2 2
    903  -9  -8  -2 2 2 2
    904  -9  -8  -1 2 2 2
    905  -9  -8   0 2 2 2
    906  -9  -8   1 2 2 2
    907  -9  -8   2 2 2 2
    908  -9  -8   3 2 2 2
    909  -9  -8   4 2 2 2
    910  -9  -8   5 2 2 2
    911  -9  -8   6 2 2 2
    912  -9  -8   7 2 2 2
    913  -9  -7  -8 2 2 2
    914  -9  -7  -7 2 2 2
    915  -9  -7  -6 2 2 2
    916  -9  -7  -5 2 2 2
    917  -9  -7  -4 2 2 2
    918  -9  -7  -3 2 2 2
    919  -9  -7  -2 2 2 2
    920  -9  -7  -1 2 2 2
    921  -9  -7   0 2 2 2
    922  -9  -7   1 2 2 2
    923  -9  -7   2 2 2 2
    924  -9  -7   3 2 2 2
    925  -9  -7   4 2 2 2
    926  -9  -7   5 2 2 2
    927  -9  -7   6 2 2 2
    928  -9  -7   7 2 2 2
    929  -9  -6  -8 2 2 2
    930  -9  -6  -7 2 2 2
    931  -9  -6  -6 2 2 2
    932  -9  -6  -5 2 2 2
    933  -9  -6  -4 2 2 2
    934  -9  -6  -3 2 2 2
    935  -9  -6  -2 2 2 2
    936  -9  -6  -1 2 2 2
    937  -9  -6   0 2 2 2
    938  -9  -6   1 2 2 2
    939  -9  -6   2 2 2 2
    940  -9  -6   3 2 2 2
    941  -9  -6   4 2 2 2
    942  -9  -6   5 2 2 2
    943  -9  -6   6 2 2 2
    944  -9  -6   7 2 2 2
    945  -9  -5  -8 2 2 2
    946  -9  -5  -7 2 2 2
    947  -9  -5  -6 2 2 2
    948  -9  -5  -5 2 2 2
    949  -9  -5  -4 2 2 2
    950  -9  -5  -3 2 2 2
    951  -9  -5  -2 2 2 2
    952  -9  -5  -1 2 2 2
    953  -9  -5   0 2 2 2
    954  -9  -5   1 2 2 2
    955  -9  -5   2 2 2 2
    956  -9  -5   3 2 2 2
    957  -9  -5   4 2 2 2
    958  -9  -5   5 2 2 2
    959  -9  -5   6 2 2 2
    960  -9  -5   7 2 2 2
    961  -9  -4  -8 2 2 2
    962  -9  -4  -7 2 2 2
    963  -9  -4  -6 2 2 2
    964  -9  -4  -5 2 2 2
    965  -9  -4  -4 2 2 2
    966  -9  -4  -3 2 2 2
    967  -9  -4  -2 2 2 2
    968  -9  -4  -1 2 2 2
    969  -9  -4   0 2 2 2
    970  -9  -4   1 2 2 2
    971  -9  -4   2 2 2 2
    972  -9  -4   3 2 2 2
    973  -9  -4   4 2 2 2
    974  -9  -4   5 2 2 2
    975  -9  -4   6 2 2 2
    976  -9  -4   7 2 2 2
    977  -9  -3  -8 2 2 2
    978  -9  -3  -7 2 2 2
    979  -9  -3  -6 2 2 2
    980  -9  -3  -5 2 2 2
    981  -9  -3  -4 2 2 2
    982  -9  -3  -3 2 2 2
    983  -9  -3  -2 2 2 2
    984  -9  -3  -1 2 2 2
    985  -9  -3   0 2 2 2
    986  -9  -3   1 2 2 2
    987  -9  -3   2 2 2 2
    988  -9  -3   3 2 2 2
    989  -9  -3   4 2 2 2
    990  -9  -3   5 2 2 2
    991  -9  -3   6 2 2 2
    992  -9  -3   7 2 2 2
    993  -9  -2  -8 2 2 2
    994  -9  -2  -7 2 2 2
    995  -9  -2  -6 2 2 2
    996  -9  -2  -5 2 2 2
    997  -9  -2  -4 2 2 2
    998  -9  -2  -3 2 2 2
    999  -9  -2  -2 2 2 2
   1000  -9  -2  -1 2 2 2
   1001  -9  -2   0 2 2 2
   1002  -9  -2   1 2 2 2
   1003  -9  -2   2 2 2 2
   1004  -9  -2   3 2 2 2
   1005  -9  -2   4 2 2 2
   1006  -9  -2   5 2 2 2
   1007  -9  -2   6 2 2 2
   1008  -9  -2   7 2 2 2
   1009  -9  -1  -8 2 2 2
   1010  -9  -1  -7 2 2 2
   1011  -9  -1  -6 2 2 2
   1012  -9  -1  -5 2 2 2
   1013  -9  -1  -4 2 2 2
   1014  -9  -1  -3 2 2 2
   1015  -9  -1  -2 2 2 2
   1016  -9  -1  -1 2 2 2
   1017  -9  -1   0 2 2 2
   1018  -9  -1   1 2 2 2
   1019  -9  -1   2 2 2 2
   1020  -9  -1   3 2 2 2
   1021  -9  -1   4 2 2 2
   1022  -9  -1   5 2 2 2
   1023  -9  -1   6 2 2 2
   1024  -9  -1   7 2 2 2
   1025  -9   0  -8 2 2 2
   1026  -9   0  -7 2 2 2
   1027  -9   0  -6 2 2 2
   1028  -9   0  -5 2 2 2
   1029  -9   0  -4 2 2 2
   1030  -9   0  -3 2 2 2
   1031  -9   0  -2 2 2 2
   1032  -9   0  -1 2 2 2
   1033  -9   0   0 2 2 2
   1034  -9   0   1 2 2 2
   1035  -9   0   2 2 2 2
   1036  -9   0   3 2 2 2
   1037  -9   0   4 2 2 2
   1038  -9   0   5 2 2 2
   1039  -9   0   6 2 2 2
   1040  -9   0   7 2 2 2
   1041  -9   1  -8 2 2 2
   1042  -9   1  -7 2 2 2
   1043  -9   1  -6 2 2 2
   1044  -9   1  -5 2 2 2
   1045  -9   1  -4 2 2 2
   1046  -9   1  -3 2 2 2
   1047  -9   1  -2 2 2 2
   1048  -9   1  -1 2 2 2
   1049  -9   1   0 2 2 2
   1050  -9   1   1 2 2 2
   1051  -9   1   2 2 2 2
   1052  -9   1   3 2 2 2
   1053  -9   1   4 2 2 2
   1054  -9   1   5 2 2 2
   1055  -9   1   6 2 2 2
   1056  -9   1   7 2 2 2
   1057  -9   2  -8 2 2 2
   1058  -9   2  -7 2 2 2
   1059  -9   2  -6 2 2 2
   1060  -9   2  -5 2 2 2
   1061  -9   2  -4 2 2 2
   1062  -9   2  -3 2 2 2
   1063  -9   2  -2 2 2 2
   1064  -9   2  -1 2 2 2
   1065  -9   2   0 2 2 2
   1066  -9   2   1 2 2 2
   1067  -9   2   2 2 2 2
   1068  -9   2   3 2 2 2
   1069  -9   2   4 2 2 2
   1070  -9   2   5 2 2 2
   1071  -9   2   6 2 2 2
   1072  -9   2   7 2 2 2
   1073  -9   3  -8 2 2 2
   1074  -9   3  -7 2 2 2
   1075  -9   3  -6 2 2 2
   1076  -9   3  -5 2 2 2
   1077  -9   3  -4 2 2 2
   1078  -9   3  -3 2 2 2
   1079  -9   3  -2 2 2 2
   1080  -9   3  -1 2 2 2
   1081  -9   3   0 2 2 2
   1082  -9   3   1 2 2 2
   1083  -9   3   2 2 2 2
   1084  -9   3   3 2 2 2
   1085  -9   3   4 2 2 2
   1086  -9   3   5 2 2 2
   1087  -9   3   6 2 2 2
   1088  -9   3   7 2 2 2
   1089  -9   4  -8 2 2 2
   1090  -9   4  -7 2 2 2
   1091  -9   4  -6 2 2 2
   1092  -9   4  -5 2 2 2
   1093  -9   4  -4 2 2 2
   1094  -9   4  -3 2 2 2
   1095  -9   4  -2 2 2 2
   1096  -9   4  -1 2 2 2
   1097  -9   4   0 2 2 2
   1098  -9   4   1 2 2 2
   1099  -9   4   2 2 2 2
   1100  -9   4   3 2 2 2
   1101  -9   4   4 2 2 2
   1102  -9   4   5 2 2 2
   1103  -9   4   6 2 2 2
   1104  -9   4   7 2 2 2
   1105  -9   5  -8 2 2 2
   1106  -9   5  -7 2 2 2
   1107  -9   5  -6 2 2 2
   1108  -9   5  -5 2 2 2
   1109  -9   5  -4 2 2 2
   1110  -9   5  -3 2 2 2
   1111  -9   5  -2 2 2 2
   1112  -9   5  -1 2 2 2
   1113  -9   5   0 2 2 2
   1114  -9   5   1 2 2 2
   1115  -9   5   2 2 2 2
   1116  -9   5   3 2 2 2
   1117  -9   5   4 2 2 2
   1118  -9   5   5 2 2 2
   1119  -9   5   6 2 2 2
   1120  -9   5   7 2 2 2
   1121  -9   6  -8 2 2 2
   1122  -9   6  -7 2 2 2
   1123  -9   6  -6 2 2 2
   1124  -9   6  -5 2 2 2
   1125  -9   6  -4 2 2 2
   1126  -9   6  -3 2 2 2
   1127  -9   6  -2 2 2 2
   1128  -9   6  -1 2 2 2
   1129  -9   6   0 2 2 2
   1130  -9   6   1 2 2 2
   1131  -9   6   2 2 2 2
   1132  -9   6   3 2 2 2
   1133  -9   6   4 2 2 2
   1134  -9   6   5 2 2 2
   1135  -9   6   6 2 2 2
   1136  -9   6   7 2 2 2
   1137  -9   7  -8 2 2 2
   1138  -9   7  -7 2 2 2
   1139  -9   7  -6 2 2 2
   1140  -9   7  -5 2 2 2
   1141  -9   7  -4 2 2 2
   1142  -9   7  -3 2 2 2
   1143  -9   7  -2 2 2 2
   1144  -9   7  -1 2 2 2
   1145  -9   7   0 2 2 2
   1146  -9   7   1 2 2 2
   1147  -9   7   2 2 2 2
   1148  -9   7   3 2 2 2
   1149  -9   7   4 2 2 2
   1150  -9   7   5 2 2 2
   1151  -9   7   6 2 2 2
   1152  -9   7   7 2 2 2
   1153  -8  -8  -8 2 2 2
   1154  -8  -8  -7 2 2 2
   1155  -8  -8  -6 2 2 2
   1156  -8  -8  -5 2 2 2
   1157  -8  -8  -4 2 2 2
   1158  -8  -8  -3 2 2 2
   1159  -8  -8  -2 2 2 2
   1160  -8  -8  -1 2 2 2
   1161  -8  -8   0 2 2 2
   1162  -8  -8   1 2 2 2
   1163  -8  -8   2 2 2 2
   1164  -8  -8   3 2 2 2
   1165  -8  -8   4 2 2 2
   1166  -8  -8   5 2 2 2
   1167  -8  -8   6 2 2 2
   1168  -8  -8   7 2 2 2
   1169  -8  -7  -8 2 2 2
   1170  -8  -7  -7 2 2 2
   1171  -8  -7  -6 2 2 2
   1172  -8  -7  -5 2 2 2
   1173  -8  -7  -4 2 2 2
   1174  -8  -7  -3 2 2 2
   1175  -8  -7  -2 2 2 2
   1176  -8  -7  -1 2 2 2
   1177  -8  -7   0 2 2 2
   1178  -8  -7   1 2 2 2
   1179  -8  -7   2 2 2 2
   1180  -8  -7   3 2 2 2
   1181  -8  -7   4 2 2 2
   1182  -8  -7   5 2 2 2
   1183  -8  -7   6 2 2 2
   1184  -8  -7   7 2 2 2
   1185  -8  -6  -8 2 2 2
   1186  -8  -6  -7 2 2 2
   1187  -8  -6  -6 2 2 2
   1188  -8  -6  -5 2 2 2
   1189  -8  -6  -4 2 2 2
   1190  -8  -6  -3 2 2 2
   1191  -8  -6  -2 2 2 2
   1192  -8  -6  -1 2 2 2
   1193  -8  -6   0 2 2 2
   1194  -8  -6   1 2 2 2
   1195  -8  -6   2 2 2 2
   1196  -8  -6   3 2 2 2
   1197  -8  -6   4 2 2 2
   1198  -8  -6   5 2 2 2
   1199  -8  -6   6 2 2 2
   1200  -8  -6   7 2 2 2
   1201  -8  -5  -8 2 2 2
   1202  -8  -5  -7 2 2 2
   1203  -8  -5  -6 2 2 2
   1204  -8  -5  -5 2 2 2
   1205  -8  -5  -4 2 2 2
   1206  -8  -5  -3 2 2 2
   1207  -8  -5  -2 2 2 2
   1208  -8  -5  -1 2 2 2
   1209  -8  -5   0 2 2 2
   1210  -8  -5   1 2 2 2
   1211  -8  -5   2 2 2 2
   1212  -8  -5   3 2 2 2
   1213  -8  -5   4 2 2 2
   1214  -8  -5   5 2 2 2
   1215  -8  -5   6 2 2 2
   1216  -8  -5   7 2 2 2
   1217  -8  -4  -8 2 2 2
   1218  -8  -4  -7 2 2 2
   1219  -8  -4  -6 2 2 2
   1220  -8  -4  -5 2 2 2
   1221  -8  -4  -4 2 2 2
   1222  -8  -4  -3 2 2 2
   1223  -8  -4  -2 2 2 2
   1224  -8  -4  -1 2 2 2
   1225  -8  -4   0 2 2 2
   1226  -8  -4   1 2 2 2
   1227  -8  -4   2 2 2 2
   1228  -8  -4   3 2 2 2
   1229  -8  -4   4 2 2 2
   1230  -8  -4   5 2 2 2
   1231  -8  -4   6 2 2 2
   1232  -8  -4   7 2 2 2
   1233  -8  -3  -8 2 2 2
   1234  -8  -3  -7 2 2 2
   1235  -8  -3  -6 2 2 2
   1236  -8  -3  -5 2 2 2
   1237  -8  -3  -4 2 2 2
   1238  -8  -3  -3 2 2 2
   1239  -8  -3  -2 2 2 2
   1240  -8  -3  -1 2 2 2
   1241  -8  -3   0 2 2 2
   1242  -8  -3   1 2 2 2
   1243  -8  -3   2 2 2 2
   1244  -8  -3   3 2 2 2
   1245  -8  -3   4 2 2 2
   1246  -8  -3   5 2 2 2
   1247  -8  -3   6 2 2 2
   1248  -8  -3   7 2 2 2
   1249  -8  -2  -8 2 2 2
   1250  -8  -2  -7 2 2 2
   1251  -8  -2  -6 2 2 2
   1252  -8  -2  -5 2 2 2
   1253  -8  -2  -4 2 2 2
   1254  -8  -2  -3 2 2 2
   1255  -8  -2  -2 2 2 2
   1256  -8  -2  -1 2 2 2
   1257  -8  -2   0 2 2 2
   1258  -8  -2   1 2 2 2
   1259  -8  -2   2 2 2 2
   1260  -8  -2   3 2 2 2
   1261  -8  -2   4 2 2 2
   1262  -8  -2   5 2 2 2
   1263  -8  -2   6 2 2 2
   1264  -8  -2   7 2 2 2
   1265  -8  -1  -8 2 2 2
   1266  -8  -1  -7 2 2 2
   1267  -8  -1  -6 2 2 2
   1268  -8  -1  -5 2 2 2
   1269  -8  -1  -4 2 2 2
   1270  -8  -1  -3 2 2 2
   1271  -8  -1  -2 2 2 2
   1272  -8  -1  -1 2 2 2
   1273  -8  -1   0 2 2 2
   1274  -8  -1   1 2 2 2
   1275  -8  -1   2 2 2 2
   1276  -8  -1   3 2 2 2
   1277  -8  -1   4 2 2 2
   1278  -8  -1   5 2 2 2
   1279  -8  -1   6 2 2 2
   1280  -8  -1   7 2 2 2
   1281  -8   0  -8 2 2 2
   1282  -8   0  -7 2 2 2
   1283  -8   0  -6 2 2 2
   1284  -8   0  -5 2 2 2
   1285  -8   0  -4 2 2 2
   1286  -8   0  -3 2 2 2
   1287  -8   0  -2 2 2 2
   1288  -8   0  -1 2 2 2
   1289  -8   0   0 2 2 2
   1290  -8   0   1 2 2 2
   1291  -8   0   2 2 2 2
   1292  -8   0   3 2 2 2
   1293  -8   0   4 2 2 2
   1294  -8   0   5 2 2 2
   1295  -8   0   6 2 2 2
   1296  -8   0   7 2 2 2
   1297  -8   1  -8 2 2 2
   1298  -8   1  -7 2 2 2
   1299  -8   1  -6 2 2 2
   1300  -8   1  -5 2 2 2
   1301  -8   1  -4 2 2 2
   1302  -8   1  -3 2 2 2
   1303  -8   1  -2 2 2 2
   1304  -8   1  -1 2 2 2
   1305  -8   1   0 2 2 2
   1306  -8   1   1 2 2 2
   1307  -8   1   2 2 2 2
   1308  -8   1   3 2 2 2
   1309  -8   1   4 2 2 2
   1310  -8   1   5 2 2 2
   1311  -8   1   6 2 2 2
   1312  -8   1   7 2 2 2
   1313  -8   2  -8 2 2 2
   1314  -8   2  -7 2 2 2
   1315  -8   2  -6 2 2 2
   1316  -8   2  -5 2 2 2
   1317  -8   2  -4 2 2 2
   1318  -8   2  -3 2 2 2
   1319  -8   2  -2 2 2 2
   1320  -8   2  -1 2 2 2
   1321  -8   2   0 2 2 2
   1322  -8   2   1 2 2 2
   1323  -8   2   2 2 2 2
   1324  -8   2   3 2 2 2
   1325  -8   2   4 2 2 2
   1326  -8   2   5 2 2 2
   1327  -8   2   6 2 2 2
   1328  -8   2   7 2 2 2
   1329  -8   3  -8 2 2 2
   1330  -8   3  -7 2 2 2
   1331  -8   3  -6 2 2 2
   1332  -8   3  -5 2 2 2
   1333  -8   3  -4 2 2 2
   1334  -8   3  -3 2 2 2
   1335  -8   3  -2 2 2 2
   1336  -8   3  -1 2 2 2
   1337  -8   3   0 2 2 2
   1338  -8   3   1 2 2 2
   1339  -8   3   2 2 2 2
   1340  -8   3   3 2 2 2
   1341  -8   3   4 2 2 2
   1342  -8   3   5 2 2 2
   1343  -8   3   6 2 2 2
   1344  -8   3   7 2 2 2
   1345  -8   4  -8 2 2 2
   1346  -8   4  -7 2 2 2
   1347  -8   4  -6 2 2 2
   1348  -8   4  -5 2 2 2
   1349  -8   4  -4 2 2 2
   1350  -8   4  -3 2 2 2
   1351  -8   4  -2 2 2 2
   1352  -8   4  -1 2 2 2
   1353  -8   4   0 2 2 2
   1354  -8   4   1 2 2 2
   1355  -8   4   2 2 2 2
   1356  -8   4   3 2 2 2
   1357  -8   4   4 2 2 2
   1358  -8   4   5 2 2 2
   1359  -8   4   6 2 2 2
   1360  -8   4   7 2 2 2
   1361  -8   5  -8 2 2 2
   1362  -8   5  -7 2 2 2
   1363  -8   5  -6 2 2 2
   1364  -8   5  -5 2 2 2
   1365  -8   5  -4 2 2 2
   1366  -8   5  -3 2 2 2
   1367  -8   5  -2 2 2 2
   1368  -8   5  -1 2 2 2
   1369  -8   5   0 2 2 2
   1370  -8   5   1 2 2 2
   1371  -8   5   2 2 2 2
   1372  -8   5   3 2 2 2
   1373  -8   5   4 2 2 2
   1374  -8   5   5 2 2 2
   1375  -8   5   6 2 2 2
   1376  -8   5   7 2 2 2
   1377  -8   6  -8 2 2 2
   1378  -8   6  -7 2 2 2
   1379  -8   6  -6 2 2 2
   1380  -8   6  -5 2 2 2
   1381  -8   6  -4 2 2 2
   1382  -8   6  -3 2 2 2
   1383  -8   6  -2 2 2 2
   1384  -8   6  -1 2 2 2
   1385  -8   6   0 2 2 2
   1386  -8   6   1 2 2 2
   1387  -8   6   2 2 2 2
   1388  -8   6   3 2 2 2
   1389  -8   6   4 2 2 2
   1390  -8   6   5 2 2 2
   1391  -8   6   6 2 2 2
   1392  -8   6   7 2 2 2
   1393  -8   7  -8 2 2 2
   1394  -8   7  -7 2 2 2
   1395  -8   7  -6 2 2 2
   1396  -8   7  -5 2 2 2
   1397  -8   7  -4 2 2 2
   1398  -8   7  -3 2 2 2
   1399  -8   7  -2 2 2 2
   1400  -8   7  -1 2 2 2
   1401  -8   7   0 2 2 2
   1402  -8   7   1 2 2 2
   1403  -8   7   2 2 2 2
   1404  -8   7   3 2 2 2
   1405  -8   7   4 2 2 2
   1406  -8   7   5 2 2 2
   1407  -8   7   6 2 2 2
   1408  -8   7   7 2 2 2
   1409  -7  -8  -8 2 2 2
   1410  -7  -8  -7 2 2 2
   1411  -7  -8  -6 2 2 2
   1412  -7  -8  -5 2 2 2
   1413  -7  -8  -4 2 2 2
   1414  -7  -8  -3 2 2 2
   1415  -7  -8  -2 2 2 2
   1416  -7  -8  -1 2 2 2
   1417  -7  -8   0 2 2 2
   1418  -7  -8   1 2 2 2
   1419  -7  -8   2 2 2 2
   1420  -7  -8   3 2 2 2
   1421  -7  -8   4 2 2 2
   1422  -7  -8   5 2 2 2
   1423  -7  -8   6 2 2 2
   1424  -7  -8   7 2 2 2
   1425  -7  -7  -8 2 2 2
   1426  -7  -7  -7 2 2 2
   1427  -7  -7  -6 2 2 2
   1428  -7  -7  -5 2 2 2
   1429  -7  -7  -4 2 2 2
   1430  -7  -7  -3 2 2 2
   1431  -7  -7  -2 2 2 2
   1432  -7  -7  -1 2 2 2
   1433  -7  -7   0 2 2 2
   1434  -7  -7   1 2 2 2
   1435  -7  -7   2 2 2 2
   1436  -7  -7   3 2 2 2
   1437  -7  -7   4 2 2 2
   1438  -7  -7   5 2 2 2
   1439  -7  -7   6 2 2 2
   1440  -7  -7   7 2 2 2
   1441  -7  -6  -8 2 2 2
   1442  -7  -6  -7 2 2 2
   1443  -7  -6  -6 2 2 2
   1444  -7  -6  -5 2 2 2
   1445  -7  -6  -4 2 2 2
   1446  -7  -6  -3 2 2 2
   1447  -7  -6  -2 2 2 2
   1448  -7  -6  -1 2 2 2
   1449  -7  -6   0 2 2 2
   1450  -7  -6   1 2 2 2
   1451  -7  -6   2 2 2 2
   1452  -7  -6   3 2 2 2
   1453  -7  -6   4 2 2 2
   1454  -7  -6   5 2 2 2
   1455  -7  -6   6 2 2 2
   1456  -7  -6   7 2 2 2
   1457  -7  -5  -8 2 2 2
   1458  -7  -5  -7 2 2 2
   1459  -7  -5  -6 2 2 2
   1460  -7  -5  -5 2 2 2
   1461  -7  -5  -4 2 2 2
   1462  -7  -5  -3 2 2 2
   1463  -7  -5  -2 2 2 2
   1464  -7  -5  -1 2 2 2
   1465  -7  -5   0 2 2 2
   1466  -7  -5   1 2 2 2
   1467  -7  -5   2 2 2 2
   1468  -7  -5   3 2 2 2
   1469  -7  -5   4 2 2 2
   1470  -7  -5   5 2 2 2
   1471  -7  -5   6 2 2 2
   1472  -7  -5   7 2 2 2
   1473  -7  -4  -8 2 2 2
   1474  -7  -4  -7 2 2 2
   1475  -7  -4  -6 2 2 2
   1476  -7  -4  -5 2 2 2
   1477  -7  -4  -4 2 2 2
   1478  -7  -4  -3 2 2 2
   1479  -7  -4  -2 2 2 2
   1480  -7  -4  -1 2 2 2
   1481  -7  -4   0 2 2 2
   1482  -7  -4   1 2 2 2
   1483  -7  -4   2 2 2 2
   1484  -7  -4   3 2 2 2
   1485  -7  -4   4 2 2 2
   1486  -7  -4   5 2 2 2
   1487  -7  -4   6 2 2 2
   1488  -7  -4   7 2 2 2
   1489  -7  -3  -8 2 2 2
   1490  -7  -3  -7 2 2 2
   1491  -7  -3  -6 2 2 2
   1492  -7  -3  -5 2 2 2
   1493  -7  -3  -4 2 2 2
   1494  -7  -3  -3 2 2 2
   1495  -7  -3  -2 2 2 2
   1496  -7  -3  -1 2 2 2
   1497  -7  -3   0 2 2 2
   1498  -7  -3   1 2 2 2
   1499  -7  -3   2 2 2 2
   1500  -7  -3   3 2 2 2
   1501  -7  -3   4 2 2 2
   1502  -7  -3   5 2 2 2
   1503  -7  -3   6 2 2 2
   1504  -7  -3   7 2 2 2
   1505  -7  -2  -8 2 2 2
   1506  -7  -2  -7 2 2 2
   1507  -7  -2  -6 2 2 2
   1508  -7  -2  -5 2 2 2
   1509  -7  -2  -4 2 2 2
   1510  -7  -2  -3 2 2 2
   1511  -7  -2  -2 2 2 2
   1512  -7  -2  -1 2 2 2
   1513  -7  -2   0 2 2 2
   1514  -7  -2   1 2 2 2
   1515  -7  -2   2 2 2 2
   1516  -7  -2   3 2 2 2
   1517  -7  -2   4 2 2 2
   1518  -7  -2   5 2 2 2
   1519  -7  -2   6 2 2 2
   1520  -7  -2   7 2 2 2
   1521  -7  -1  -8 2 2 2
   1522  -7  -1  -7 2 2 2
   1523  -7  -1  -6 2 2 2
   1524  -7  -1  -5 2 2 2
   1525  -7  -1  -4 2 2 2
   1526  -7  -1  -3 2 2 2
   1527  -7  -1  -2 2 2 2
   1528  -7  -1  -1 2 2 2
   1529  -7  -1   0 2 2 2
   1530  -7  -1   1 2 2 2
   1531  -7  -1   2 2 2 2
   1532  -7  -1   3 2 2 2
   1533  -7  -1   4 2 2 2
   1534  -7  -1   5 2 2 2
   1535  -7  -1   6 2 2 2
   1536  -7  -1   7 2 2 2
   1537  -7   0  -8 2 2 2
   1538  -7   0  -7 2 2 2
   1539  -7   0  -6 2 2 2
   1540  -7   0  -5 2 2 2
   1541  -7   0  -4 2 2 2
   1542  -7   0  -3 2 2 2
   1543  -7   0  -2 2 2 2
   1544  -7   0  -1 2 2 2
   1545  -7   0   0 2 2 2
   1546  -7   0   1 2 2 2
   1547  -7   0   2 2 2 2
   1548  -7   0   3 2 2 2
   1549  -7   0   4 2 2 2
   1550  -7   0   5 2 2 2
   1551  -7   0   6 2 2 2
   1552  -7   0   7 2 2 2
   1553  -7   1  -8 2 2 2
   1554  -7   1  -7 2 2 2
   1555  -7   1  -6 2 2 2
   1556  -7   1  -5 2 2 2
   1557  -7   1  -4 2 2 2
   1558  -7   1  -3 2 2 2
   1559  -7   1  -2 2 2 2
   1560  -7   1  -1 2 2 2
   1561  -7   1   0 2 2 2
   1562  -7   1   1 2 2 2
   1563  -7   1   2 2 2 2
   1564  -7   1   3 2 2 2
   1565  -7   1   4 2 2 2
   1566  -7   1   5 2 2 2
   1567  -7   1   6 2 2 2
   1568  -7   1   7 2 2 2
   1569  -7   2  -8 2 2 2
   1570  -7   2  -7 2 2 2
   1571  -7   2  -6 2 2 2
   1572  -7   2  -5 2 2 2
   1573  -7   2  -4 2 2 2
   1574  -7   2  -3 2 2 2
   1575  -7   2  -2 2 2 2
   1576  -7   2  -1 2 2 2
   1577  -7   2   0 2 2 2
   1578  -7   2   1 2 2 2
   1579  -7   2   2 2 2 2
   1580  -7   2   3 2 2 2
   1581  -7   2   4 2 2 2
   1582  -7   2   5 2 2 2
   1583  -7   2   6 2 2 2
   1584  -7   2   7 2 2 2
   1585  -7   3  -8 2 2 2
   1586  -7   3  -7 2 2 2
   1587  -7   3  -6 2 2 2
   1588  -7   3  -5 2 2 2
   1589  -7   3  -4 2 2 2
   1590  -7   3  -3 2 2 2
   1591  -7   3  -2 2 2 2
   1592  -7   3  -1 2 2 2
   1593  -7   3   0 2 2 2
   1594  -7   3   1 2 2 2
   1595  -7   3   2 2 2 2
   1596  -7   3   3 2 2 2
   1597  -7   3   4 2 2 2
   1598  -7   3   5 2 2 2
   1599  -7   3   6 2 2 2
   1600  -7   3   7 2 2 2
   1601  -7   4  -8 2 2 2
   1602  -7   4  -7 2 2 2
   1603  -7   4  -6 2 2 2
   1604  -7   4  -5 2 2 2
   1605  -7   4  -4 2 2 2
   1606  -7   4  -3 2 2 2
   1607  -7   4  -2 2 2 2
   1608  -7   4  -1 2 2 2
   1609  -7   4   0 2 2 2
   1610  -7   4   1 2 2 2
   1611  -7   4   2 2 2 2
   1612  -7   4   3 2 2 2
   1613  -7   4   4 2 2 2
   1614  -7   4   5 2 2 2
   1615  -7   4   6 2 2 2
   1616  -7   4   7 2 2 2
   1617  -7   5  -8 2 2 2
   1618  -7   5  -7 2 2 2
   1619  -7   5  -6 2 2 2
   1620  -7   5  -5 2 2 2
   1621  -7   5  -4 2 2 2
   1622  -7   5  -3 2 2 2
   1623  -7   5  -2 2 2 2
   1624  -7   5  -1 2 2 2
   1625  -7   5   0 2 2 2
   1626  -7   5   1 2 2 2
   1627  -7   5   2 2 2 2
   1628  -7   5   3 2 2 2
   1629  -7   5   4 2 2 2
   1630  -7   5   5 2 2 2
   1631  -7   5   6 2 2 2
   1632  -7   5   7 2 2 2
   1633  -7   6  -8 2 2 2
   1634  -7   6  -7 2 2 2
   1635  -7   6  -6 2 2 2
   1636  -7   6  -5 2 2 2
   1637  -7   6  -4 2 2 2
   1638  -7   6  -3 2 2 2
   1639  -7   6  -2 2 2 2
   1640  -7   6  -1 2 2 2
   1641  -7   6   0 2 2 2
   1642  -7   6   1 2 2 2
   1643  -7   6   2 2 2 2
   1644  -7   6   3 2 2 2
   1645  -7   6   4 2 2 2
   1646  -7   6   5 2 2 2
   1647  -7   6   6 2 2 2
   1648  -7   6   7 2 2 2
   1649  -7   7  -8 2 2 2
   1650  -7   7  -7 2 2 2
   1651  -7   7  -6 2 2 2
   1652  -7   7  -5 2 2 2
   1653  -7   7  -4 2 2 2
   1654  -7   7  -3 2 2 2
   1655  -7   7  -2 2 2 2
   1656  -7   7  -1 2 2 2
   1657  -7   7   0 2 2 2
   1658  -7   7   1 2 2 2
   1659  -7   7   2 2 2 2
   1660  -7   7   3 2 2 2
   1661  -7   7   4 2 2 2
   1662  -7   7   5 2 2 2
   1663  -7   7   6 2 2 2
   1664  -7   7   7 2 2 2
   1665  -6  -8  -8 2 2 2
   1666  -6  -8  -7 2 2 2
   1667  -6  -8  -6 2 2 2
   1668  -6  -8  -5 2 2 2
   1669  -6  -8  -4 2 2 2
   1670  -6  -8  -3 2 2 2
   1671  -6  -8  -2 2 2 2
   1672  -6  -8  -1 2 2 2
   1673  -6  -8   0 2 2 2
   1674  -6  -8   1 2 2 2
   1675  -6  -8   2 2 2 2
   1676  -6  -8   3 2 2 2
   1677  -6  -8   4 2 2 2
   1678  -6  -8   5 2 2 2
   1679  -6  -8   6 2 2 2
   1680  -6  -8   7 2 2 2
   1681  -6  -7  -8 2 2 2
   1682  -6  -7  -7 2 2 2
   1683  -6  -7  -6 2 2 2
   1684  -6  -7  -5 2 2 2
   1685  -6  -7  -4 2 2 2
   1686  -6  -7  -3 2 2 2
   1687  -6  -7  -2 2 2 2
   1688  -6  -7  -1 2 2 2
   1689  -6  -7   0 2 2 2
   1690  -6  -7   1 2 2 2
   1691  -6  -7   2 2 2 2
   1692  -6  -7   3 2 2 2
   1693  -6  -7   4 2 2 2
   1694  -6  -7   5 2 2 2
   1695  -6  -7   6 2 2 2
   1696  -6  -7   7 2 2 2
   1697  -6  -6  -8 2 2 2
   1698  -6  -6  -7 2 2 2
   1699  -6  -6  -6 2 2 2
   1700  -6  -6  -5 2 2 2
   1701  -6  -6  -4 2 2 2
   1702  -6  -6  -3 2 2 2
   1703  -6  -6  -2 2 2 2
   1704  -6  -6  -1 2 2 2
   1705  -6  -6   0 2 2 2
   1706  -6  -6   1 2 2 2
   1707  -6  -6   2 2 2 2
   1708  -6  -6   3 2 2 2
   1709  -6  -6   4 2 2 2
   1710  -6  -6   5 2 2 2
   1711  -6  -6   6 2 2 2
   1712  -6  -6   7 2 2 2
   1713  -6  -5  -8 2 2 2
   1714  -6  -5  -7 2 2 2
   1715  -6  -5  -6 2 2 2
   1716  -6  -5  -5 2 2 2
   1717  -6  -5  -4 2 2 2
   1718  -6  -5  -3 2 2 2
   1719  -6  -5  -2 2 2 2
   1720  -6  -5  -1 2 2 2
   1721  -6  -5   0 2 2 2
   1722  -6  -5   1 2 2 2
   1723  -6  -5   2 2 2 2
   1724  -6  -5   3 2 2 2
   1725  -6  -5   4 2 2 2
   1726  -6  -5   5 2 2 2
   1727  -6  -5   6 2 2 2
   1728  -6  -5   7 2 2 2
   1729  -6  -4  -8 2 2 2
   1730  -6  -4  -7 2 2 2
   1731  -6  -4  -6 2 2 2
   1732  -6  -4  -5 2 2 2
   1733  -6  -4  -4 2 2 2
   1734  -6  -4  -3 2 2 2
   1735  -6  -4  -2 2 2 2
   1736  -6  -4  -1 2 2 2
   1737  -6  -4   0 2 2 2
   1738  -6  -4   1 2 2 2
   1739  -6  -4   2 2 2 2
   1740  -6  -4   3 2 2 2
   1741  -6  -4   4 2 2 2
   1742  -6  -4   5 2 2 2
   1743  -6  -4   6 2 2 2
   1744  -6  -4   7 2 2 2
   1745  -6  -3  -8 2 2 2
   1746  -6  -3  -7 2 2 2
   1747  -6  -3  -6 2 2 2
   1748  -6  -3  -5 2 2 2
   1749  -6  -3  -4 2 2 2
   1750  -6  -3  -3 2 2 2
   1751  -6  -3  -2 2 2 2
   1752  -6  -3  -1 2 2 2
   1753  -6  -3   0 2 2 2
   1754  -6  -3   1 2 2 2
   1755  -6  -3   2 2 2 2
   1756  -6  -3   3 2 2 2
   1757  -6  -3   4 2 2 2
   1758  -6  -3   5 2 2 2
   1759  -6  -3   6 2 2 2
   1760  -6  -3   7 2 2 2
   1761  -6  -2  -8 2 2 2
   1762  -6  -2  -7 2 2 2
   1763  -6  -2  -6 2 2 2
   1764  -6  -2  -5 2 2 2
   1765  -6  -2  -4 2 2 2
   1766  -6  -2  -3 2 2 2
   1767  -6  -2  -2 2 2 2
   1768  -6  -2  -1 2 2 2
   1769  -6  -2   0 2 2 2
   1770  -6  -2   1 2 2 2
   1771  -6  -2   2 2 2 2
   1772  -6  -2   3 2 2 2
   1773  -6  -2   4 2 2 2
   1774  -6  -2   5 2 2 2
   1775  -6  -2   6 2 2 2
   1776  -6  -2   7 2 2 2
   1777  -6  -1  -8 2 2 2
   1778  -6  -1  -7 2 2 2
   1779  -6  -1  -6 2 2 2
   1780  -6  -1  -5 2 2 2
   1781  -6  -1  -4 2 2 2
   1782  -6  -1  -3 2 2 2
   1783  -6  -1  -2 2 2 2
   1784  -6  -1  -1 2 2 2
   1785  -6  -1   0 2 2 2
   1786  -6  -1   1 2 2 2
   1787  -6  -1   2 2 2 2
   1788  -6  -1   3 2 2 2
   1789  -6  -1   4 2 2 2
   1790  -6  -1   5 2 2 2
   1791  -6  -1   6 2 2 2
   1792  -6  -1   7 2 2 2
   1793  -6   0  -8 2 2 2
   1794  -6   0  -7 2 2 2
   1795  -6   0  -6 2 2 2
   1796  -6   0  -5 2 2 2
   1797  -6   0  -4 2 2 2
   1798  -6   0  -3 2 2 2
   1799  -6   0  -2 2 2 2
   1800  -6   0  -1 2 2 2
   1801  -6   0   0 2 2 2
   1802  -6   0   1 2 2 2
   1803  -6   0   2 2 2 2
   1804  -6   0   3 2 2 2
   1805  -6   0   4 2 2 2
   1806  -6   0   5 2 2 2
   1807  -6   0   6 2 2 2
   1808  -6   0   7 2 2 2
   1809  -6   1  -8 2 2 2
   1810  -6   1  -7 2 2 2
   1811  -6   1  -6 2 2 2
   1812  -6   1  -5 2 2 2
   1813  -6   1  -4 2 2 2
   1814  -6   1  -3 2 2 2
   1815  -6   1  -2 2 2 2
   1816  -6   1  -1 2 2 2
   1817  -6   1   0 2 2 2
   1818  -6   1   1 2 2 2
   1819  -6   1   2 2 2 2
   1820  -6   1   3 2 2 2
   1821  -6   1   4 2 2 2
   1822  -6   1   5 2 2 2
   1823  -6   1   6 2 2 2
   1824  -6   1   7 2 2 2
   1825  -6   2  -8 2 2 2
   1826  -6   2  -7 2 2 2
   1827  -6   2  -6 2 2 2
   1828  -6   2  -5 2 2 2
   1829  -6   2  -4 2 2 2
   1830  -6   2  -3 2 2 2
   1831  -6   2  -2 2 2 2
   1832  -6   2  -1 2 2 2
   1833  -6   2   0 2 2 2
   1834  -6   2   1 2 2 2
   1835  -6   2   2 2 2 2
   1836  -6   2   3 2 2 2
   1837  -6   2   4 2 2 2
   1838  -6   2   5 2 2 2
   1839  -6   2   6 2 2 2
   1840  -6   2   7 2 2 2
   1841  -6   3  -8 2 2 2
   1842  -6   3  -7 2 2 2
   1843  -6   3  -6 2 2 2
   1844  -6   3  -5 2 2 2
   1845  -6   3  -4 2 2 2
   1846  -6   3  -3 2 2 2
   1847  -6   3  -2 2 2 2
   1848  -6   3  -1 2 2 2
   1849  -6   3   0 2 2 2
   1850  -6   3   1 2 2 2
   1851  -6   3   2 2 2 2
   1852  -6   3   3 2 2 2
   1853  -6   3   4 2 2 2
   1854  -6   3   5 2 2 2
   1855  -6   3   6 2 2 2
   1856  -6   3   7 2 2 2
   1857  -6   4  -8 2 2 2
   1858  -6   4  -7 2 2 2
   1859  -6   4  -6 2 2 2
   1860  -6   4  -5 2 2 2
   1861  -6   4  -4 2 2 2
   1862  -6   4  -3 2 2 2
   1863  -6   4  -2 2 2 2
   1864  -6   4  -1 2 2 2
   1865  -6   4   0 2 2 2
   1866  -6   4   1 2 2 2
   1867  -6   4   2 2 2 2
   1868  -6   4   3 2 2 2
   1869  -6   4   4 2 2 2
   1870  -6   4   5 2 2 2
   1871  -6   4   6 2 2 2
   1872  -6   4   7 2 2 2
   1873  -6   5  -8 2 2 2
   1874  -6   5  -7 2 2 2
   1875  -6   5  -6 2 2 2
   1876  -6   5  -5 2 2 2
   1877  -6   5  -4 2 2 2
   1878  -6   5  -3 2 2 2
   1879  -6   5  -2 2 2 2
   1880  -6   5  -1 2 2 2
   1881  -6   5   0 2 2 2
   1882  -6   5   1 2 2 2
   1883  -6   5   2 2 2 2
   1884  -6   5   3 2 2 2
   1885  -6   5   4 2 2 2
   1886  -6   5   5 2 2 2
   1887  -6   5   6 2 2 2
   1888  -6   5   7 2 2 2
   1889  -6   6  -8 2 2 2
   1890  -6   6  -7 2 2 2
   1891  -6   6  -6 2 2 2
   1892  -6   6  -5 2 2 2
   1893  -6   6  -4 2 2 2
   1894  -6   6  -3 2 2 2
   1895  -6   6  -2 2 2 2
   1896  -6   6  -1 2 2 2
   1897  -6   6   0 2 2 2
   1898  -6   6   1 2 2 2
   1899  -6   6   2 2 2 2
   1900  -6   6   3 2 2 2
   1901  -6   6   4 2 2 2
   1902  -6   6   5 2 2 2
   1903  -6   6   6 2 2 2
   1904  -6   6   7 2 2 2
   1905  -6   7  -8 2 2 2
   1906  -6   7  -7 2 2 2
   1907  -6   7  -6 2 2 2
   1908  -6   7  -5 2 2 2
   1909  -6   7  -4 2 2 2
   1910  -6   7  -3 2 2 2
   1911  -6   7  -2 2 2 2
   1912  -6   7  -1 2 2 2
   1913  -6   7   0 2 2 2
   1914  -6   7   1 2 2 2
   1915  -6   7   2 2 2 2
   1916  -6   7   3 2 2 2
   1917  -6   7   4 2 2 2
   1918  -6   7   5 2 2 2
   1919  -6   7   6 2 2 2
   1920  -6   7   7 2 2 2
   1921  -5  -8  -8 2 2 2
   1922  -5  -8  -7 2 2 2
   1923  -5  -8  -6 2 2 2
   1924  -5  -8  -5 2 2 2
   1925  -5  -8  -4 2 2 2
   1926  -5  -8  -3 2 2 2
   1927  -5  -8  -2 2 2 2
   1928  -5  -8  -1 2 2 2
   1929  -5  -8   0 2 2 2
   1930  -5  -8   1 2 2 2
   1931  -5  -8   2 2 2 2
   1932  -5  -8   3 2 2 2
   1933  -5  -8   4 2 2 2
   1934  -5  -8   5 2 2 2
   1935  -5  -8   6 2 2 2
   1936  -5  -8   7 2 2 2
   1937  -5  -7  -8 2 2 2
   1938  -5  -7  -7 2 2 2
   1939  -5  -7  -6 2 2 2
   1940  -5  -7  -5 2 2 2
   1941  -5  -7  -4 2 2 2
   1942  -5  -7  -3 2 2 2
   1943  -5  -7  -2 2 2 2
   1944  -5  -7  -1 2 2 2
   1945  -5  -7   0 2 2 2
   1946  -5  -7   1 2 2 2
   1947  -5  -7   2 2 2 2
   1948  -5  -7   3 2 2 2
   1949  -5  -7   4 2 2 2
   1950  -5  -7   5 2 2 2
   1951  -5  -7   6 2 2 2
   1952  -5  -7   7 2 2 2
   1953  -5  -6  -8 2 2 2
   1954  -5  -6  -7 2 2 2
   1955  -5  -6  -6 2 2 2
   1956  -5  -6  -5 2 2 2
   1957  -5  -6  -4 2 2 2
   1958  -5  -6  -3 2 2 2
   1959  -5  -6  -2 2 2 2
   1960  -5  -6  -1 2 2 2
   1961  -5  -6   0 2 2 2
   1962  -5  -6   1 2 2 2
   1963  -5  -6   2 2 2 2
   1964  -5  -6   3 2 2 2
   1965  -5  -6   4 2 2 2
   1966  -5  -6   5 2 2 2
   1967  -5  -6   6 2 2 2
   1968  -5  -6   7 2 2 2
   1969  -5  -5  -8 2 2 2
   1970  -5  -5  -7 2 2 2
   1971  -5  -5  -6 2 2 2
   1972  -5  -5  -5 2 2 2
   1973  -5  -5  -4 2 2 2
   1974  -5  -5  -3 2 2 2
   1975  -5  -5  -2 2 2 2
   1976  -5  -5  -1 2 2 2
   1977  -5  -5   0 2 2 2
   1978  -5  -5   1 2 2 2
   1979  -5  -5   2 2 2 2
   1980  -5  -5   3 2 2 2
   1981  -5  -5   4 2 2 2
   1982  -5  -5   5 2 2 2
   1983  -5  -5   6 2 2 2
   1984  -5  -5   7 2 2 2
   1985  -5  -4  -8 2 2 2
   1986  -5  -4  -7 2 2 2
   1987  -5  -4  -6 2 2 2
   1988  -5  -4  -5 2 2 2
   1989  -5  -4  -4 2 2 2
   1990  -5  -4  -3 2 2 2
   1991  -5  -4  -2 2 2 2
   1992  -5  -4  -1 2 2 2
   1993  -5  -4   0 2 2 2
   1994  -5  -4   1 2 2 2
   1995  -5  -4   2 2 2 2
   1996  -5  -4   3 2 2 2
   1997  -5  -4   4 2 2 2
   1998  -5  -4   5 2 2 2
   1999  -5  -4   6 2 2 2
   2000  -5  -4   7 2 2 2
   2001  -5  -3  -8 2 2 2
   2002  -5  -3  -7 2 2 2
   2003  -5  -3  -6 2 2 2
   2004  -5  -3  -5 2 2 2
   2005  -5  -3  -4 2 2 2
   2006  -5  -3  -3 2 2 2
   2007  -5  -3  -2 2 2 2
   2008  -5  -3  -1 2 2 2
   2009  -5  -3   0 2 2 2
   2010  -5  -3   1 2 2 2
   2011  -5  -3   2 2 2 2
   2012  -5  -3   3 2 2 2
   2013  -5  -3   4 2 2 2
   2014  -5  -3   5 2 2 2
   2015  -5  -3   6 2 2 2
   2016  -5  -3   7 2 2 2
   2017  -5  -2  -8 2 2 2
   2018  -5  -2  -7 2 2 2
   2019  -5  -2  -6 2 2 2
   2020  -5  -2  -5 2 2 2
   2021  -5  -2  -4 2 2 2
   2022  -5  -2  -3 2 2 2
   2023  -5  -2  -2 2 2 2
   2024  -5  -2  -1 2 2 2
   2025  -5  -2   0 2 2 2
   2026  -5  -2   1 2 2 2
   2027  -5  -2   2 2 2 2
   2028  -5  -2   3 2 2 2
   2029  -5  -2   4 2 2 2
   2030  -5  -2   5 2 2 2
   2031  -5  -2   6 2 2 2
   2032  -5  -2   7 2 2 2
   2033  -5  -1  -8 2 2 2
   2034  -5  -1  -7 2 2 2
   2035  -5  -1  -6 2 2 2
   2036  -5  -1  -5 2 2 2
   2037  -5  -1  -4 2 2 2
   2038  -5  -1  -3 2 2 2
   2039  -5  -1  -2 2 2 2
   2040  -5  -1  -1 2 2 2
   2041  -5  -1   0 2 2 2
   2042  -5  -1   1 2 2 2
   2043  -5  -1   2 2 2 2
   2044  -5  -1   3 2 2 2
   2045  -5  -1   4 2 2 2
   2046  -5  -1   5 2 2 2
   2047  -5  -1   6 2 2 2
   2048  -5  -1   7 2 2 2
   2049  -5   0  -8 2 2 2
   2050  -5   0  -7 2 2 2
   2051  -5   0  -6 2 2 2
   2052  -5   0  -5 2 2 2
   2053  -5   0  -4 2 2 2
   2054  -5   0  -3 2 2 2
   2055  -5   0  -2 2 2 2
   2056  -5   0  -1 2 2 2
   2057  -5   0   0 2 2 2
   2058  -5   0   1 2 2 2
   2059  -5   0   2 2 2 2
   2060  -5   0   3 2 2 2
   2061  -5   0   4 2 2 2
   2062  -5   0   5 2 2 2
   2063  -5   0   6 2 2 2
   2064  -5   0   7 2 2 2
   2065  -5   1  -8 2 2 2
   2066  -5   1  -7 2 2 2
   2067  -5   1  -6 2 2 2
   2068  -5   1  -5 2 2 2
   2069  -5   1  -4 2 2 2
   2070  -5   1  -3 2 2 2
   2071  -5   1  -2 2 2 2
   2072  -5   1  -1 2 2 2
   2073  -5   1   0 2 2 2
   2074  -5   1   1 2 2 2
   2075  -5   1   2 2 2 2
   2076  -5   1   3 2 2 2
   2077  -5   1   4 2 2 2
   2078  -5   1   5 2 2 2
   2079  -5   1   6 2 2 2
   2080  -5   1   7 2 2 2
   2081  -5   2  -8 2 2 2
   2082  -5   2  -7 2 2 2
   2083  -5   2  -6 2 2 2
   2084  -5   2  -5 2 2 2
   2085  -5   2  -4 2 2 2
   2086  -5   2  -3 2 2 2
   2087  -5   2  -2 2 2 2
   2088  -5   2  -1 2 2 2
   2089  -5   2   0 2 2 2
   2090  -5   2   1 2 2 2
   2091  -5   2   2 2 2 2
   2092  -5   2   3 2 2 2
   2093  -5   2   4 2 2 2
   2094  -5   2   5 2 2 2
   2095  -5   2   6 2 2 2
   2096  -5   2   7 2 2 2
   2097  -5   3  -8 2 2 2
   2098  -5   3  -7 2 2 2
   2099  -5   3  -6 2 2 2
   2100  -5   3  -5 2 2 2
   2101  -5   3  -4 2 2 2
   2102  -5   3  -3 2 2 2
   2103  -5   3  -2 2 2 2
   2104  -5   3  -1 2 2 2
   2105  -5   3   0 2 2 2
   2106  -5   3   1 2 2 2
   2107  -5   3   2 2 2 2
   2108  -5   3   3 2 2 2
   2109  -5   3   4 2 2 2
   2110  -5   3   5 2 2 2
   2111  -5   3   6 2 2 2
   2112  -5   3   7 2 2 2
   2113  -5   4  -8 2 2 2
   2114  -5   4  -7 2 2 2
   2115  -5   4  -6 2 2 2
   2116  -5   4  -5 2 2 2
   2117  -5   4  -4 2 2 2
   2118  -5   4  -3 2 2 2
   2119  -5   4  -2 2 2 2
   2120  -5   4  -1 2 2 2
   2121  -5   4   0 2 2 2
   2122  -5   4   1 2 2 2
   2123  -5   4   2 2 2 2
   2124  -5   4   3 2 2 2
   2125  -5   4   4 2 2 2
   2126  -5   4   5 2 2 2
   2127  -5   4   6 2 2 2
   2128  -5   4   7 2 2 2
   2129  -5   5  -8 2 2 2
   2130  -5   5  -7 2 2 2
   2131  -5   5  -6 2 2 2
   2132  -5   5  -5 2 2 2
   2133  -5   5  -4 2 2 2
   2134  -5   5  -3 2 2 2
   2135  -5   5  -2 2 2 2
   2136  -5   5  -1 2 2 2
   2137  -5   5   0 2 2 2
   2138  -5   5   1 2 2 2
   2139  -5   5   2 2 2 2
   2140  -5   5   3 2 2 2
   2141  -5   5   4 2 2 2
   2142  -5   5   5 2 2 2
   2143  -5   5   6 2 2 2
   2144  -5   5   7 2 2 2
   2145  -5   6  -8 2 2 2
   2146  -5   6  -7 2 2 2
   2147  -5   6  -6 2 2 2
   2148  -5   6  -5 2 2 2
   2149  -5   6  -4 2 2 2
   2150  -5   6  -3 2 2 2
   2151  -5   6  -2 2 2 2
   2152  -5   6  -1 2 2 2
   2153  -5   6   0 2 2 2
   2154  -5   6   1 2 2 2
   2155  -5   6   2 2 2 2
   2156  -5   6   3 2 2 2
   2157  -5   6   4 2 2 2
   2158  -5   6   5 2 2 2
   2159  -5   6   6 2 2 2
   2160  -5   6   7 2 2 2
   2161  -5   7  -8 2 2 2
   2162  -5   7  -7 2 2 2
   2163  -5   7  -6 2 2 2
   2164  -5   7  -5 2 2 2
   2165  -5   7  -4 2 2 2
   2166  -5   7  -3 2 2 2
   2167  -5   7  -2 2 2 2
   2168  -5   7  -1 2 2 2
   2169  -5   7   0 2 2 2
   2170  -5   7   1 2 2 2
   2171  -5   7   2 2 2 2
   2172  -5   7   3 2 2 2
   2173  -5   7   4 2 2 2
   2174  -5   7   5 2 2 2
   2175  -5   7   6 2 2 2
   2176  -5   7   7 2 2 2
   2177  -4  -8  -8 2 2 2
   2178  -4  -8  -7 2 2 2
   2179  -4  -8  -6 2 2 2
   2180  -4  -8  -5 2 2 2
   2181  -4  -8  -4 2 2 2
   2182  -4  -8  -3 2 2 2
   2183  -4  -8  -2 2 2 2
   2184  -4  -8  -1 2 2 2
   2185  -4  -8   0 2 2 2
   2186  -4  -8   1 2 2 2
   2187  -4  -8   2 2 2 2
   2188  -4  -8   3 2 2 2
   2189  -4  -8   4 2 2 2
   2190  -4  -8   5 2 2 2
   2191  -4  -8   6 2 2 2
   2192  -4  -8   7 2 2 2
   2193  -4  -7  -8 2 2 2
   2194  -4  -7  -7 2 2 2
   2195  -4  -7  -6 2 2 2
   2196  -4  -7  -5 2 2 2
   2197  -4  -7  -4 2 2 2
   2198  -4  -7  -3 2 2 2
   2199  -4  -7  -2 2 2 2
   2200  -4  -7  -1 2 2 2
   2201  -4  -7   0 2 2 2
   2202  -4  -7   1 2 2 2
   2203  -4  -7   2 2 2 2
   2204  -4  -7   3 2 2 2
   2205  -4  -7   4 2 2 2
   2206  -4  -7   5 2 2 2
   2207  -4  -7   6 2 2 2
   2208  -4  -7   7 2 2 2
   2209  -4  -6  -8 2 2 2
   2210  -4  -6  -7 2 2 2
   2211  -4  -6  -6 2 2 2
   2212  -4  -6  -5 2 2 2
   2213  -4  -6  -4 2 2 2
   2214  -4  -6  -3 2 2 2
   2215  -4  -6  -2 2 2 2
   2216  -4  -6  -1 2 2 2
   2217  -4  -6   0 2 2 2
   2218  -4  -6   1 2 2 2
   2219  -4  -6   2 2 2 2
   2220  -4  -6   3 2 2 2
   2221  -4  -6   4 2 2 2
   2222  -4  -6   5 2 2 2
   2223  -4  -6   6 2 2 2
   2224  -4  -6   7 2 2 2
   2225  -4  -5  -8 2 2 2
   2226  -4  -5  -7 2 2 2
   2227  -4  -5  -6 2 2 2
   2228  -4  -5  -5 2 2 2
   2229  -4  -5  -4 2 2 2
   2230  -4  -5  -3 2 2 2
   2231  -4  -5  -2 2 2 2
   2232  -4  -5  -1 2 2 2
   2233  -4  -5   0 2 2 2
   2234  -4  -5   1 2 2 2
   2235  -4  -5   2 2 2 2
   2236  -4  -5   3 2 2 2
   2237  -4  -5   4 2 2 2
   2238  -4  -5   5 2 2 2
   2239  -4  -5   6 2 2 2
   2240  -4  -5   7 2 2 2
   2241  -4  -4  -8 2 2 2
   2242  -4  -4  -7 2 2 2
   2243  -4  -4  -6 2 2 2
   2244  -4  -4  -5 2 2 2
   2245  -4  -4  -4 2 2 2
   2246  -4  -4  -3 2 2 2
   2247  -4  -4  -2 2 2 2
   2248  -4  -4  -1 2 2 2
   2249  -4  -4   0 2 2 2
   2250  -4  -4   1 2 2 2
   2251  -4  -4   2 2 2 2
   2252  -4  -4   3 2 2 2
   2253  -4  -4   4 2 2 2
   2254  -4  -4   5 2 2 2
   2255  -4  -4   6 2 2 2
   2256  -4  -4   7 2 2 2
   2257  -4  -3  -8 2 2 2
   2258  -4  -3  -7 2 2 2
   2259  -4  -3  -6 2 2 2
   2260  -4  -3  -5 2 2 2
   2261  -4  -3  -4 2 2 2
   2262  -4  -3  -3 2 2 2
   2263  -4  -3  -2 2 2 2
   2264  -4  -3  -1 2 2 2
   2265  -4  -3   0 2 2 2
   2266  -4  -3   1 2 2 2
   2267  -4  -3   2 2 2 2
   2268  -4  -3   3 2 2 2
   2269  -4  -3   4 2 2 2
   2270  -4  -3   5 2 2 2
   2271  -4  -3   6 2 2 2
   2272  -4  -3   7 2 2 2
   2273  -4  -2  -8 2 2 2
   2274  -4  -2  -7 2 2 2
   2275  -4  -2  -6 2 2 2
   2276  -4  -2  -5 2 2 2
   2277  -4  -2  -4 2 2 2
   2278  -4  -2  -3 2 2 2
   2279  -4  -2  -2 2 2 2
   2280  -4  -2  -1 2 2 2
   2281  -4  -2   0 2 2 2
   2282  -4  -2   1 2 2 2
   2283  -4  -2   2 2 2 2
   2284  -4  -2   3 2 2 2
   2285  -4  -2   4 2 2 2
   2286  -4  -2   5 2 2 2
   2287  -4  -2   6 2 2 2
   2288  -4  -2   7 2 2 2
   2289  -4  -1  -8 2 2 2
   2290  -4  -1  -7 2 2 2
   2291  -4  -1  -6 2 2 2
   2292  -4  -1  -5 2 2 2
   2293  -4  -1  -4 2 2 2
   2294  -4  -1  -3 2 2 2
   2295  -4  -1  -2 2 2 2
   2296  -4  -1  -1 2 2 2
   2297  -4  -1   0 2 2 2
   2298  -4  -1   1 2 2 2
   2299  -4  -1   2 2 2 2
   2300  -4  -1   3 2 2 2
   2301  -4  -1   4 2 2 2
   2302  -4  -1   5 2 2 2
   2303  -4  -1   6 2 2 2
   2304  -4  -1   7 2 2 2
   2305  -4   0  -8 2 2 2
   2306  -4   0  -7 2 2 2
   2307  -4   0  -6 2 2 2
   2308  -4   0  -5 2 2 2
   2309  -4   0  -4 2 2 2
   2310  -4   0  -3 2 2 2
   2311  -4   0  -2 2 2 2
   2312  -4   0  -1 2 2 2
   2313  -4   0   0 2 2 2
   2314  -4   0   1 2 2 2
   2315  -4   0   2 2 2 2
   2316  -4   0   3 2 2 2
   2317  -4   0   4 2 2 2
   2318  -4   0   5 2 2 2
   2319  -4   0   6 2 2 2
   2320  -4   0   7 2 2 2
   2321  -4   1  -8 2 2 2
   2322  -4   1  -7 2 2 2
   2323  -4   1  -6 2 2 2
   2324  -4   1  -5 2 2 2
   2325  -4   1  -4 2 2 2
   2326  -4   1  -3 2 2 2
   2327  -4   1  -2 2 2 2
   2328  -4   1  -1 2 2 2
   2329  -4   1   0 2 2 2
   2330  -4   1   1 2 2 2
   2331  -4   1   2 2 2 2
   2332  -4   1   3 2 2 2
   2333  -4   1   4 2 2 2
   2334  -4   1   5 2 2 2
   2335  -4   1   6 2 2 2
   2336  -4   1   7 2 2 2
   2337  -4   2  -8 2 2 2
   2338  -4   2  -7 2 2 2
   2339  -4   2  -6 2 2 2
   2340  -4   2  -5 2 2 2
   2341  -4   2  -4 2 2 2
   2342  -4   2  -3 2 2 2
   2343  -4   2  -2 2 2 2
   2344  -4   2  -1 2 2 2
   2345  -4   2   0 2 2 2
   2346  -4   2   1 2 2 2
   2347  -4   2   2 2 2 2
   2348  -4   2   3 2 2 2
   2349  -4   2   4 2 2 2
   2350  -4   2   5 2 2 2
   2351  -4   2   6 2 2 2
   2352  -4   2   7 2 2 2
   2353  -4   3  -8 2 2 2
   2354  -4   3  -7 2 2 2
   2355  -4   3  -6 2 2 2
   2356  -4   3  -5 2 2 2
   2357  -4   3  -4 2 2 2
   2358  -4   3  -3 2 2 2
   2359  -4   3  -2 2 2 2
   2360  -4   3  -1 2 2 2
   2361  -4   3   0 2 2 2
   2362  -4   3   1 2 2 2
   2363  -4   3   2 2 2 2
   2364  -4   3   3 2 2 2
   2365  -4   3   4 2 2 2
   2366  -4   3   5 2 2 2
   2367  -4   3   6 2 2 2
   2368  -4   3   7 2 2 2
   2369  -4   4  -8 2 2 2
   2370  -4   4  -7 2 2 2
   2371  -4   4  -6 2 2 2
   2372  -4   4  -5 2 2 2
   2373  -4   4  -4 2 2 2
   2374  -4   4  -3 2 2 2
   2375  -4   4  -2 2 2 2
   2376  -4   4  -1 2 2 2
   2377  -4   4   0 2 2 2
   2378  -4   4   1 2 2 2
   2379  -4   4   2 2 2 2
   2380  -4   4   3 2 2 2
   2381  -4   4   4 2 2 2
   2382  -4   4   5 2 2 2
   2383  -4   4   6 2 2 2
   2384  -4   4   7 2 2 2
   2385  -4   5  -8 2 2 2
   2386  -4   5  -7 2 2 2
   2387  -4   5  -6 2 2 2
   2388  -4   5  -5 2 2 2
   2389  -4   5  -4 2 2 2
   2390  -4   5  -3 2 2 2
   2391  -4   5  -2 2 2 2
   2392  -4   5  -1 2 2 2
   2393  -4   5   0 2 2 2
   2394  -4   5   1 2 2 2
   2395  -4   5   2 2 2 2
   2396  -4   5   3 2 2 2
   2397  -4   5   4 2 2 2
   2398  -4   5   5 2 2 2
   2399  -4   5   6 2 2 2
   2400  -4   5   7 2 2 2
   2401  -4   6  -8 2 2 2
   2402  -4   6  -7 2 2 2
   2403  -4   6  -6 2 2 2
   2404  -4   6  -5 2 2 2
   2405  -4   6  -4 2 2 2
   2406  -4   6  -3 2 2 2
   2407  -4   6  -2 2 2 2
   2408  -4   6  -1 2 2 2
   2409  -4   6   0 2 2 2
   2410  -4   6   1 2 2 2
   2411  -4   6   2 2 2 2
   2412  -4   6   3 2 2 2
   2413  -4   6   4 2 2 2
   2414  -4   6   5 2 2 2
   2415  -4   6   6 2 2 2
   2416  -4   6   7 2 2 2
   2417  -4   7  -8 2 2 2
   2418  -4   7  -7 2 2 2
   2419  -4   7  -6 2 2 2
   2420  -4   7  -5 2 2 2
   2421  -4   7  -4 2 2 2
   2422  -4   7  -3 2 2 2
   2423  -4   7  -2 2 2 2
   2424  -4   7  -1 2 2 2
   2425  -4   7   0 2 2 2
   2426  -4   7   1 2 2 2
   2427  -4   7   2 2 2 2
   2428  -4   7   3 2 2 2
   2429  -4   7   4 2 2 2
   2430  -4   7   5 2 2 2
   2431  -4   7   6 2 2 2
   2432  -4   7   7 2 2 2
   2433  -3  -8  -8 2 2 2
   2434  -3  -8  -7 2 2 2
   2435  -3  -8  -6 2 2 2
   2436  -3  -8  -5 2 2 2
   2437  -3  -8  -4 2 2 2
   2438  -3  -8  -3 2 2 2
   2439  -3  -8  -2 2 2 2
   2440  -3  -8  -1 2 2 2
   2441  -3  -8   0 2 2 2
   2442  -3  -8   1 2 2 2
   2443  -3  -8   2 2 2 2
   2444  -3  -8   3 2 2 2
   2445  -3  -8   4 2 2 2
   2446  -3  -8   5 2 2 2
   2447  -3  -8   6 2 2 2
   2448  -3  -8   7 2 2 2
   2449  -3  -7  -8 2 2 2
   2450  -3  -7  -7 2 2 2
   2451  -3  -7  -6 2 2 2
   2452  -3  -7  -5 2 2 2
   2453  -3  -7  -4 2 2 2
   2454  -3  -7  -3 2 2 2
   2455  -3  -7  -2 2 2 2
   2456  -3  -7  -1 2 2 2
   2457  -3  -7   0 2 2 2
   2458  -3  -7   1 2 2 2
   2459  -3  -7   2 2 2 2
   2460  -3  -7   3 2 2 2
   2461  -3  -7   4 2 2 2
   2462  -3  -7   5 2 2 2
   2463  -3  -7   6 2 2 2
   2464  -3  -7   7 2 2 2
   2465  -3  -6  -8 2 2 2
   2466  -3  -6  -7 2 2 2
   2467  -3  -6  -6 2 2 2
   2468  -3  -6  -5 2 2 2
   2469  -3  -6  -4 2 2 2
   2470  -3  -6  -3 2 2 2
   2471  -3  -6  -2 2 2 2
   2472  -3  -6  -1 2 2 2
   2473  -3  -6   0 2 2 2
   2474  -3  -6   1 2 2 2
   2475  -3  -6   2 2 2 2
   2476  -3  -6   3 2 2 2
   2477  -3  -6   4 2 2 2
   2478  -3  -6   5 2 2 2
   2479  -3  -6   6 2 2 2
   2480  -3  -6   7 2 2 2
   2481  -3  -5  -8 2 2 2
   2482  -3  -5  -7 2 2 2
   2483  -3  -5  -6 2 2 2
   2484  -3  -5  -5 2 2 2
   2485  -3  -5  -4 2 2 2
   2486  -3  -5  -3 2 2 2
   2487  -3  -5  -2 2 2 2
   2488  -3  -5  -1 2 2 2
   2489  -3  -5   0 2 2 2
   2490  -3  -5   1 2 2 2
   2491  -3  -5   2 2 2 2
   2492  -3  -5   3 2 2 2
   2493  -3  -5   4 2 2 2
   2494  -3  -5   5 2 2 2
   2495  -3  -5   6 2 2 2
   2496  -3  -5   7 2 2 2
   2497  -3  -4  -8 2 2 2
   2498  -3  -4  -7 2 2 2
   2499  -3  -4  -6 2 2 2
   2500  -3  -4  -5 2 2 2
   2501  -3  -4  -4 2 2 2
   2502  -3  -4  -3 2 2 2
   2503  -3  -4  -2 2 2 2
   2504  -3  -4  -1 2 2 2
   2505  -3  -4   0 2 2 2
   2506  -3  -4   1 2 2 2
   2507  -3  -4   2 2 2 2
   2508  -3  -4   3 2 2 2
   2509  -3  -4   4 2 2 2
   2510  -3  -4   5 2 2 2
   2511  -3  -4   6 2 2 2
   2512  -3  -4   7 2 2 2
   2513  -3  -3  -8 2 2 2
   2514  -3  -3  -7 2 2 2
   2515  -3  -3  -6 2 2 2
   2516  -3  -3  -5 2 2 2
   2517  -3  -3  -4 2 2 2
   2518  -3  -3  -3 2 2 2
   2519  -3  -3  -2 2 2 2
   2520  -3  -3  -1 2 2 2
   2521  -3  -3   0 2 2 2
   2522  -3  -3   1 2 2 2
   2523  -3  -3   2 2 2 2
   2524  -3  -3   3 2 2 2
   2525  -3  -3   4 2 2 2
   2526  -3  -3   5 2 2 2
   2527  -3  -3   6 2 2 2
   2528  -3  -3   7 2 2 2
   2529  -3  -2  -8 2 2 2
   2530  -3  -2  -7 2 2 2
   2531  -3  -2  -6 2 2 2
   2532  -3  -2  -5 2 2 2
   2533  -3  -2  -4 2 2 2
   2534  -3  -2  -3 2 2 2
   2535  -3  -2  -2 2 2 2
   2536  -3  -2  -1 2 2 2
   2537  -3  -2   0 2 2 2
   2538  -3  -2   1 2 2 2
   2539  -3  -2   2 2 2 2
   2540  -3  -2   3 2 2 2
   2541  -3  -2   4 2 2 2
   2542  -3  -2   5 2 2 2
   2543  -3  -2   6 2 2 2
   2544  -3  -2   7 2 2 2
   2545  -3  -1  -8 2 2 2
   2546  -3  -1  -7 2 2 2
   2547  -3  -1  -6 2 2 2
   2548  -3  -1  -5 2 2 2
   2549  -3  -1  -4 2 2 2
   2550  -3  -1  -3 2 2 2
   2551  -3  -1  -2 2 2 2
   2552  -3  -1  -1 2 2 2
   2553  -3  -1   0 2 2 2
   2554  -3  -1   1 2 2 2
   2555  -3  -1   2 2 2 2
   2556  -3  -1   3 2 2 2
   2557  -3  -1   4 2 2 2
   2558  -3  -1   5 2 2 2
   2559  -3  -1   6 2 2 2
   2560  -3  -1   7 2 2 2
   2561  -3   0  -8 2 2 2
   2562  -3   0  -7 2 2 2
   2563  -3   0  -6 2 2 2
   2564  -3   0  -5 2 2 2
   2565  -3   0  -4 2 2 2
   2566  -3   0  -3 2 2 2
   2567  -3   0  -2 2 2 2
   2568  -3   0  -1 2 2 2
   2569  -3   0   0 2 2 2
   2570  -3   0   1 2 2 2
   2571  -3   0   2 2 2 2
   2572  -3   0   3 2 2 2
   2573  -3   0   4 2 2 2
   2574  -3   0   5 2 2 2
   2575  -3   0   6 2 2 2
   2576  -3   0   7 2 2 2
   2577  -3   1  -8 2 2 2
   2578  -3   1  -7 2 2 2
   2579  -3   1  -6 2 2 2
   2580  -3   1  -5 2 2 2
   2581  -3   1  -4 2 2 2
   2582  -3   1  -3 2 2 2
   2583  -3   1  -2 2 2 2
   2584  -3   1  -1 2 2 2
   2585  -3   1   0 2 2 2
   2586  -3   1   1 2 2 2
   2587  -3   1   2 2 2 2
   2588  -3   1   3 2 2 2
   2589  -3   1   4 2 2 2
   2590  -3   1   5 2 2 2
   2591  -3   1   6 2 2 2
   2592  -3   1   7 2 2 2
   2593  -3   2  -8 2 2 2
   2594  -3   2  -7 2 2 2
   2595  -3   2  -6 2 2 2
   2596  -3   2  -5 2 2 2
   2597  -3   2  -4 2 2 2
   2598  -3   2  -3 2 2 2
   2599  -3   2  -2 2 2 2
   2600  -3   2  -1 2 2 2
   2601  -3   2   0 2 2 2
   2602  -3   2   1 2 2 2
   2603  -3   2   2 2 2 2
   2604  -3   2   3 2 2 2
   2605  -3   2   4 2 2 2
   2606  -3   2   5 2 2 2
   2607  -3   2   6 2 2 2
   2608  -3   2   7 2 2 2
   2609  -3   3  -8 2 2 2
   2610  -3   3  -7 2 2 2
   2611  -3   3  -6 2 2 2
   2612  -3   3  -5 2 2 2
   2613  -3   3  -4 2 2 2
   2614  -3   3  -3 2 2 2
   2615  -3   3  -2 2 2 2
   2616  -3   3  -1 2 2 2
   2617  -3   3   0 2 2 2
   2618  -3   3   1 2 2 2
   2619  -3   3   2 2 2 2
   2620  -3   3   3 2 2 2
   2621  -3   3   4 2 2 2
   2622  -3   3   5 2 2 2
   2623  -3   3   6 2 2 2
   2624  -3   3   7 2 2 2
   2625  -3   4  -8 2 2 2
   2626  -3   4  -7 2 2 2
   2627  -3   4  -6 2 2 2
   2628  -3   4  -5 2 2 2
   2629  -3   4  -4 2 2 2
   2630  -3   4  -3 2 2 2
   2631  -3   4  -2 2 2 2
   2632  -3   4  -1 2 2 2
   2633  -3   4   0 2 2 2
   2634  -3   4   1 2 2 2
   2635  -3   4   2 2 2 2
   2636  -3   4   3 2 2 2
   2637  -3   4   4 2 2 2
   2638  -3   4   5 2 2 2
   2639  -3   4   6 2 2 2
   2640  -3   4   7 2 2 2
   2641  -3   5  -8 2 2 2
   2642  -3   5  -7 2 2 2
   2643  -3   5  -6 2 2 2
   2644  -3   5  -5 2 2 2
   2645  -3   5  -4 2 2 2
   2646  -3   5  -3 2 2 2
   2647  -3   5  -2 2 2 2
   2648  -3   5  -1 2 2 2
   2649  -3   5   0 2 2 2
   2650  -3   5   1 2 2 2
   2651  -3   5   2 2 2 2
   2652  -3   5   3 2 2 2
   2653  -3   5   4 2 2 2
   2654  -3   5   5 2 2 2
   2655  -3   5   6 2 2 2
   2656  -3   5   7 2 2 2
   2657  -3   6  -8 2 2 2
   2658  -3   6  -7 2 2 2
   2659  -3   6  -6 2 2 2
   2660  -3   6  -5 2 2 2
   2661  -3   6  -4 2 2 2
   2662  -3   6  -3 2 2 2
   2663  -3   6  -2 2 2 2
   2664  -3   6  -1 2 2 2
   2665  -3   6   0 2 2 2
   2666  -3   6   1 2 2 2
   2667  -3   6   2 2 2 2
   2668  -3   6   3 2 2 2
   2669  -3   6   4 2 2 2
   2670  -3   6   5 2 2 2
   2671  -3   6   6 2 2 2
   2672  -3   6   7 2 2 2
   2673  -3   7  -8 2 2 2
   2674  -3   7  -7 2 2 2
   2675  -3   7  -6 2 2 2
   2676  -3   7  -5 2 2 2
   2677  -3   7  -4 2 2 2
   2678  -3   7  -3 2 2 2
   2679  -3   7  -2 2 2 2
   2680  -3   7  -1 2 2 2
   2681  -3   7   0 2 2 2
   2682  -3   7   1 2 2 2
   2683  -3   7   2 2 2 2
   2684  -3   7   3 2 2 2
   2685  -3   7   4 2 2 2
   2686  -3   7   5 2 2 2
   2687  -3   7   6 2 2 2
   2688  -3   7   7 2 2 2
   2689  -2  -8  -8 2 2 2
   2690  -2  -8  -7 2 2 2
   2691  -2  -8  -6 2 2 2
   2692  -2  -8  -5 2 2 2
   2693  -2  -8  -4 2 2 2
   2694  -2  -8  -3 2 2 2
   2695  -2  -8  -2 2 2 2
   2696  -2  -8  -1 2 2 2
   2697  -2  -8   0 2 2 2
   2698  -2  -8   1 2 2 2
   2699  -2  -8   2 2 2 2
   2700  -2  -8   3 2 2 2
   2701  -2  -8   4 2 2 2
   2702  -2  -8   5 2 2 2
   2703  -2  -8   6 2 2 2
   2704  -2  -8   7 2 2 2
   2705  -2  -7  -8 2 2 2
   2706  -2  -7  -7 2 2 2
   2707  -2  -7  -6 2 2 2
   2708  -2  -7  -5 2 2 2
   2709  -2  -7  -4 2 2 2
   2710  -2  -7  -3 2 2 2
   2711  -2  -7  -2 2 2 2
   2712  -2  -7  -1 2 2 2
   2713  -2  -7   0 2 2 2
   2714  -2  -7   1 2 2 2
   2715  -2  -7   2 2 2 2
   2716  -2  -7   3 2 2 2
   2717  -2  -7   4 2 2 2
   2718  -2  -7   5 2 2 2
   2719  -2  -7   6 2 2 2
   2720  -2  -7   7 2 2 2
   2721  -2  -6  -8 2 2 2
   2722  -2  -6  -7 2 2 2
   2723  -2  -6  -6 2 2 2
   2724  -2  -6  -5 2 2 2
   2725  -2  -6  -4 2 2 2
   2726  -2  -6  -3 2 2 2
   2727  -2  -6  -2 2 2 2
   2728  -2  -6  -1 2 2 2
   2729  -2  -6   0 2 2 2
   2730  -2  -6   1 2 2 2
   2731  -2  -6   2 2 2 2
   2732  -2  -6   3 2 2 2
   2733  -2  -6   4 2 2 2
   2734  -2  -6   5 2 2 2
   2735  -2  -6   6 2 2 2
   2736  -2  -6   7 2 2 2
   2737  -2  -5  -8 2 2 2
   2738  -2  -5  -7 2 2 2
   2739  -2  -5  -6 2 2 2
   2740  -2  -5  -5 2 2 2
   2741  -2  -5  -4 2 2 2
   2742  -2  -5  -3 2 2 2
   2743  -2  -5  -2 2 2 2
   2744  -2  -5  -1 2 2 2
   2745  -2  -5   0 2 2 2
   2746  -2  -5   1 2 2 2
   2747  -2  -5   2 2 2 2
   2748  -2  -5   3 2 2 2
   2749  -2  -5   4 2 2 2
   2750  -2  -5   5 2 2 2
   2751  -2  -5   6 2 2 2
   2752  -2  -5   7 2 2 2
   2753  -2  -4  -8 2 2 2
   2754  -2  -4  -7 2 2 2
   2755  -2  -4  -6 2 2 2
   2756  -2  -4  -5 2 2 2
   2757  -2  -4  -4 2 2 2
   2758  -2  -4  -3 2 2 2
   2759  -2  -4  -2 2 2 2
   2760  -2  -4  -1 2 2 2
   2761  -2  -4   0 2 2 2
   2762  -2  -4   1 2 2 2
   2763  -2  -4   2 2 2 2
   2764  -2  -4   3 2 2 2
   2765  -2  -4   4 2 2 2
   2766  -2  -4   5 2 2 2
   2767  -2  -4   6 2 2 2
   2768  -2  -4   7 2 2 2
   2769  -2  -3  -8 2 2 2
   2770  -2  -3  -7 2 2 2
   2771  -2  -3  -6 2 2 2
   2772  -2  -3  -5 2 2 2
   2773  -2  -3  -4 2 2 2
   2774  -2  -3  -3 2 2 2
   2775  -2  -3  -2 2 2 2
   2776  -2  -3  -1 2 2 2
   2777  -2  -3   0 2 2 2
   2778  -2  -3   1 2 2 2
   2779  -2  -3   2 2 2 2
   2780  -2  -3   3 2 2 2
   2781  -2  -3   4 2 2 2
   2782  -2  -3   5 2 2 2
   2783  -2  -3   6 2 2 2
   2784  -2  -3   7 2 2 2
   2785  -2  -2  -8 2 2 2
   2786  -2  -2  -7 2 2 2
   2787  -2  -2  -6 2 2 2
   2788  -2  -2  -5 2 2 2
   2789  -2  -2  -4 2 2 2
   2790  -2  -2  -3 2 2 2
   2791  -2  -2  -2 2 2 2
   2792  -2  -2  -1 2 2 2
   2793  -2  -2   0 2 2 2
   2794  -2  -2   1 2 2 2
   2795  -2  -2   2 2 2 2
   2796  -2  -2   3 2 2 2
   2797  -2  -2   4 2 2 2
   2798  -2  -2   5 2 2 2
   2799  -2  -2   6 2 2 2
   2800  -2  -2   7 2 2 2
   2801  -2  -1  -8 2 2 2
   2802  -2  -1  -7 2 2 2
   2803  -2  -1  -6 2 2 2
   2804  -2  -1  -5 2 2 2
   2805  -2  -1  -4 2 2 2
   2806  -2  -1  -3 2 2 2
   2807  -2  -1  -2 2 2 2
   2808  -2  -1  -1 2 2 2
   2809  -2  -1   0 2 2 2
   2810  -2  -1   1 2 2 2
   2811  -2  -1   2 2 2 2
   2812  -2  -1   3 2 2 2
   2813  -2  -1   4 2 2 2
   2814  -2  -1   5 2 2 2
   2815  -2  -1   6 2 2 2
   2816  -2  -1   7 2 2 2
   2817  -2   0  -8 2 2 2
   2818  -2   0  -7 2 2 2
   2819  -2   0  -6 2 2 2
   2820  -2   0  -5 2 2 2
   2821  -2   0  -4 2 2 2
   2822  -2   0  -3 2 2 2
   2823  -2   0  -2 2 2 2
   2824  -2   0  -1 2 2 2
   2825  -2   0   0 2 2 2
   2826  -2   0   1 2 2 2
   2827  -2   0   2 2 2 2
   2828  -2   0   3 2 2 2
   2829  -2   0   4 2 2 2
   2830  -2   0   5 2 2 2
   2831  -2   0   6 2 2 2
   2832  -2   0   7 2 2 2
   2833  -2   1  -8 2 2 2
   2834  -2   1  -7 2 2 2
   2835  -2   1  -6 2 2 2
   2836  -2   1  -5 2 2 2
   2837  -2   1  -4 2 2 2
   2838  -2   1  -3 2 2 2
   2839  -2   1  -2 2 2 2
   2840  -2   1  -1 2 2 2
   2841  -2   1   0 2 2 2
   2842  -2   1   1 2 2 2
   2843  -2   1   2 2 2 2
   2844  -2   1   3 2 2 2
   2845  -2   1   4 2 2 2
   2846  -2   1   5 2 2 2
   2847  -2   1   6 2 2 2
   2848  -2   1   7 2 2 2
   2849  -2   2  -8 2 2 2
   2850  -2   2  -7 2 2 2
   2851  -2   2  -6 2 2 2
   2852  -2   2  -5 2 2 2
   2853  -2   2  -4 2 2 2
   2854  -2   2  -3 2 2 2
   2855  -2   2  -2 2 2 2
   2856  -2   2  -1 2 2 2
   2857  -2   2   0 2 2 2
   2858  -2   2   1 2 2 2
   2859  -2   2   2 2 2 2
   2860  -2   2   3 2 2 2
   2861  -2   2   4 2 2 2
   2862  -2   2   5 2 2 2
   2863  -2   2   6 2 2 2
   2864  -2   2   7 2 2 2
   2865  -2   3  -8 2 2 2
   2866  -2   3  -7 2 2 2
   2867  -2   3  -6 2 2 2
   2868  -2   3  -5 2 2 2
   2869  -2   3  -4 2 2 2
   2870  -2   3  -3 2 2 2
   2871  -2   3  -2 2 2 2
   2872  -2   3  -1 2 2 2
   2873  -2   3   0 2 2 2
   2874  -2   3   1 2 2 2
   2875  -2   3   2 2 2 2
   2876  -2   3   3 2 2 2
   2877  -2   3   4 2 2 2
   2878  -2   3   5 2 2 2
   2879  -2   3   6 2 2 2
   2880  -2   3   7 2 2 2
   2881  -2   4  -8 2 2 2
   2882  -2   4  -7 2 2 2
   2883  -2   4  -6 2 2 2
   2884  -2   4  -5 2 2 2
   2885  -2   4  -4 2 2 2
   2886  -2   4  -3 2 2 2
   2887  -2   4  -2 2 2 2
   2888  -2   4  -1 2 2 2
   2889  -2   4   0 2 2 2
   2890  -2   4   1 2 2 2
   2891  -2   4   2 2 2 2
   2892  -2   4   3 2 2 2
   2893  -2   4   4 2 2 2
   2894  -2   4   5 2 2 2
   2895  -2   4   6 2 2 2
   2896  -2   4   7 2 2 2
   2897  -2   5  -8 2 2 2
   2898  -2   5  -7 2 2 2
   2899  -2   5  -6 2 2 2
   2900  -2   5  -5 2 2 2
   2901  -2   5  -4 2 2 2
   2902  -2   5  -3 2 2 2
   2903  -2   5  -2 2 2 2
   2904  -2   5  -1 2 2 2
   2905  -2   5   0 2 2 2
   2906  -2   5   1 2 2 2
   2907  -2   5   2 2 2 2
   2908  -2   5   3 2 2 2
   2909  -2   5   4 2 2 2
   2910  -2   5   5 2 2 2
   2911  -2   5   6 2 2 2
   2912  -2   5   7 2 2 2
   2913  -2   6  -8 2 2 2
   2914  -2   6  -7 2 2 2
   2915  -2   6  -6 2 2 2
   2916  -2   6  -5 2 2 2
   2917  -2   6  -4 2 2 2
   2918  -2   6  -3 2 2 2
   2919  -2   6  -2 2 2 2
   2920  -2   6  -1 2 2 2
   2921  -2   6   0 2 2 2
   2922  -2   6   1 2 2 2
   2923  -2   6   2 2 2 2
   2924  -2   6   3 2 2 2
   2925  -2   6   4 2 2 2
   2926  -2   6   5 2 2 2
   2927  -2   6   6 2 2 2
   2928  -2   6   7 2 2 2
   2929  -2   7  -8 2 2 2
   2930  -2   7  -7 2 2 2
   2931  -2   7  -6 2 2 2
   2932  -2   7  -5 2 2 2
   2933  -2   7  -4 2 2 2
   2934  -2   7  -3 2 2 2
   2935  -2   7  -2 2 2 2
   2936  -2   7  -1 2 2 2
   2937  -2   7   0 2 2 2
   2938  -2   7   1 2 2 2
   2939  -2   7   2 2 2 2
   2940  -2   7   3 2 2 2
   2941  -2   7   4 2 2 2
   2942  -2   7   5 2 2 2
   2943  -2   7   6 2 2 2
   2944  -2   7   7 2 2 2
   2945  -1  -8  -8 2 2 2
   2946  -1  -8  -7 2 2 2
   2947  -1  -8  -6 2 2 2
   2948  -1  -8  -5 2 2 2
   2949  -1  -8  -4 2 2 2
   2950  -1  -8  -3 2 2 2
   2951  -1  -8  -2 2 2 2
   2952  -1  -8  -1 2 2 2
   2953  -1  -8   0 2 2 2
   2954  -1  -8   1 2 2 2
   2955  -1  -8   2 2 2 2
   2956  -1  -8   3 2 2 2
   2957  -1  -8   4 2 2 2
   2958  -1  -8   5 2 2 2
   2959  -1  -8   6 2 2 2
   2960  -1  -8   7 2 2 2
   2961  -1  -7  -8 2 2 2
   2962  -1  -7  -7 2 2 2
   2963  -1  -7  -6 2 2 2
   2964  -1  -7  -5 2 2 2
   2965  -1  -7  -4 2 2 2
   2966  -1  -7  -3 2 2 2
   2967  -1  -7  -2 2 2 2
   2968  -1  -7  -1 2 2 2
   2969  -1  -7   0 2 2 2
   2970  -1  -7   1 2 2 2
   2971  -1  -7   2 2 2 2
   2972  -1  -7   3 2 2 2
   2973  -1  -7   4 2 2 2
   2974  -1  -7   5 2 2 2
   2975  -1  -7   6 2 2 2
   2976  -1  -7   7 2 2 2
   2977  -1  -6  -8 2 2 2
   2978  -1  -6  -7 2 2 2
   2979  -1  -6  -6 2 2 2
   2980  -1  -6  -5 2 2 2
   2981  -1  -6  -4 2 2 2
   2982  -1  -6  -3 2 2 2
   2983  -1  -6  -2 2 2 2
   2984  -1  -6  -1 2 2 2
   2985  -1  -6   0 2 2 2
   2986  -1  -6   1 2 2 2
   2987  -1  -6   2 2 2 2
   2988  -1  -6   3 2 2 2
   2989  -1  -6   4 2 2 2
   2990  -1  -6   5 2 2 2
   2991  -1  -6   6 2 2 2
   2992  -1  -6   7 2 2 2
   2993  -1  -5  -8 2 2 2
   2994  -1  -5  -7 2 2 2
   2995  -1  -5  -6 2 2 2
   2996  -1  -5  -5 2 2 2
   2997  -1  -5  -4 2 2 2
   2998  -1  -5  -3 2 2 2
   2999  -1  -5  -2 2 2 2
   3000  -1  -5  -1 2 2 2
   3001  -1  -5   0 2 2 2
   3002  -1  -5   1 2 2 2
   3003  -1  -5   2 2 2 2
   3004  -1  -5   3 2 2 2
   3005  -1  -5   4 2 2 2
   3006  -1  -5   5 2 2 2
   3007  -1  -5   6 2 2 2
   3008  -1  -5   7 2 2 2
   3009  -1  -4  -8 2 2 2
   3010  -1  -4  -7 2 2 2
   3011  -1  -4  -6 2 2 2
   3012  -1  -4  -5 2 2 2
   3013  -1  -4  -4 2 2 2
   3014  -1  -4  -3 2 2 2
   3015  -1  -4  -2 2 2 2
   3016  -1  -4  -1 2 2 2
   3017  -1  -4   0 2 2 2
   3018  -1  -4   1 2 2 2
   3019  -1  -4   2 2 2 2
   3020  -1  -4   3 2 2 2
   3021  -1  -4   4 2 2 2
   3022  -1  -4   5 2 2 2
   3023  -1  -4   6 2 2 2
   3024  -1  -4   7 2 2 2
   3025  -1  -3  -8 2 2 2
   3026  -1  -3  -7 2 2 2
   3027  -1  -3  -6 2 2 2
   3028  -1  -3  -5 2 2 2
   3029  -1  -3  -4 2 2 2
   3030  -1  -3  -3 2 2 2
   3031  -1  -3  -2 2 2 2
   3032  -1  -3  -1 2 2 2
   3033  -1  -3   0 2 2 2
   3034  -1  -3   1 2 2 2
   3035  -1  -3   2 2 2 2
   3036  -1  -3   3 2 2 2
   3037  -1  -3   4 2 2 2
   3038  -1  -3   5 2 2 2
   3039  -1  -3   6 2 2 2
   3040  -1  -3   7 2 2 2
   3041  -1  -2  -8 2 2 2
   3042  -1  -2  -7 2 2 2
   3043  -1  -2  -6 2 2 2
   3044  -1  -2  -5 2 2 2
   3045  -1  -2  -4 2 2 2
   3046  -1  -2  -3 2 2 2
   3047  -1  -2  -2 2 2 2
   3048  -1  -2  -1 2 2 2
   3049  -1  -2   0 2 2 2
   3050  -1  -2   1 2 2 2
   3051  -1  -2   2 2 2 2
   3052  -1  -2   3 2 2 2
   3053  -1  -2   4 2 2 2
   3054  -1  -2   5 2 2 2
   3055  -1  -2   6 2 2 2
   3056  -1  -2   7 2 2 2
   3057  -1  -1  -8 2 2 2
   3058  -1  -1  -7 2 2 2
   3059  -1  -1  -6 2 2 2
   3060  -1  -1  -5 2 2 2
   3061  -1  -1  -4 2 2 2
   3062  -1  -1  -3 2 2 2
   3063  -1  -1  -2 2 2 2
   3064  -1  -1  -1 2 2 2
   3065  -1  -1   0 2 2 2
   3066  -1  -1   1 2 2 2
   3067  -1  -1   2 2 2 2
   3068  -1  -1   3 2 2 2
   3069  -1  -1   4 2 2 2
   3070  -1  -1   5 2 2 2
   3071  -1  -1   6 2 2 2
   3072  -1  -1   7 2 2 2
   3073  -1   0  -8 2 2 2
   3074  -1   0  -7 2 2 2
   3075  -1   0  -6 2 2 2
   3076  -1   0  -5 2 2 2
   3077  -1   0  -4 2 2 2
   3078  -1   0  -3 2 2 2
   3079  -1   0  -2 2 2 2
   3080  -1   0  -1 2 2 2
   3081  -1   0   0 2 2 2
   3082  -1   0   1 2 2 2
   3083  -1   0   2 2 2 2
   3084  -1   0   3 2 2 2
   3085  -1   0   4 2 2 2
   3086  -1   0   5 2 2 2
   3087  -1   0   6 2 2 2
   3088  -1   0   7 2 2 2
   3089  -1   1  -8 2 2 2
   3090  -1   1  -7 2 2 2
   3091  -1   1  -6 2 2 2
   3092  -1   1  -5 2 2 2
   3093  -1   1  -4 2 2 2
   3094  -1   1  -3 2 2 2
   3095  -1   1  -2 2 2 2
   3096  -1   1  -1 2 2 2
   3097  -1   1   0 2 2 2
   3098  -1   1   1 2 2 2
   3099  -1   1   2 2 2 2
   3100  -1   1   3 2 2 2
   3101  -1   1   4 2 2 2
   3102  -1   1   5 2 2 2
   3103  -1   1   6 2 2 2
   3104  -1   1   7 2 2 2
   3105  -1   2  -8 2 2 2
   3106  -1   2  -7 2 2 2
   3107  -1   2  -6 2 2 2
   3108  -1   2  -5 2 2 2
   3109  -1   2  -4 2 2 2
   3110  -1   2  -3 2 2 2
   3111  -1   2  -2 2 2 2
   3112  -1   2  -1 2 2 2
   3113  -1   2   0 2 2 2
   3114  -1   2   1 2 2 2
   3115  -1   2   2 2 2 2
   3116  -1   2   3 2 2 2
   3117  -1   2   4 2 2 2
   3118  -1   2   5 2 2 2
   3119  -1   2   6 2 2 2
   3120  -1   2   7 2 2 2
   3121  -1   3  -8 2 2 2
   3122  -1   3  -7 2 2 2
   3123  -1   3  -6 2 2 2
   3124  -1   3  -5 2 2 2
   3125  -1   3  -4 2 2 2
   3126  -1   3  -3 2 2 2
   3127  -1   3  -2 2 2 2
   3128  -1   3  -1 2 2 2
   3129  -1   3   0 2 2 2
   3130  -1   3   1 2 2 2
   3131  -1   3   2 2 2 2
   3132  -1   3   3 2 2 2
   3133  -1   3   4 2 2 2
   3134  -1   3   5 2 2 2
   3135  -1   3   6 2 2 2
   3136  -1   3   7 2 2 2
   3137  -1   4  -8 2 2 2
   3138  -1   4  -7 2 2 2
   3139  -1   4  -6 2 2 2
   3140  -1   4  -5 2 2 2
   3141  -1   4  -4 2 2 2
   3142  -1   4  -3 2 2 2
   3143  -1   4  -2 2 2 2
   3144  -1   4  -1 2 2 2
   3145  -1   4   0 2 2 2
   3146  -1   4   1 2 2 2
   3147  -1   4   2 2 2 2
   3148  -1   4   3 2 2 2
   3149  -1   4   4 2 2 2
   3150  -1   4   5 2 2 2
   3151  -1   4   6 2 2 2
   3152  -1   4   7 2 2 2
   3153  -1   5  -8 2 2 2
   3154  -1   5  -7 2 2 2
   3155  -1   5  -6 2 2 2
   3156  -1   5  -5 2 2 2
   3157  -1   5  -4 2 2 2
   3158  -1   5  -3 2 2 2
   3159  -1   5  -2 2 2 2
   3160  -1   5  -1 2 2 2
   3161  -1   5   0 2 2 2
   3162  -1   5   1 2 2 2
   3163  -1   5   2 2 2 2
   3164  -1   5   3 2 2 2
   3165  -1   5   4 2 2 2
   3166  -1   5   5 2 2 2
   3167  -1   5   6 2 2 2
   3168  -1   5   7 2 2 2
   3169  -1   6  -8 2 2 2
   3170  -1   6  -7 2 2 2
   3171  -1   6  -6 2 2 2
   3172  -1   6  -5 2 2 2
   3173  -1   6  -4 2 2 2
   3174  -1   6  -3 2 2 2
   3175  -1   6  -2 2 2 2
   3176  -1   6  -1 2 2 2
   3177  -1   6   0 2 2 2
   3178  -1   6   1 2 2 2
   3179  -1   6   2 2 2 2
   3180  -1   6   3 2 2 2
   3181  -1   6   4 2 2 2
   3182  -1   6   5 2 2 2
   3183  -1   6   6 2 2 2
   3184  -1   6   7 2 2 2
   3185  -1   7  -8 2 2 2
   3186  -1   7  -7 2 2 2
   3187  -1   7  -6 2 2 2
   3188  -1   7  -5 2 2 2
   3189  -1   7  -4 2 2 2
   3190  -1   7  -3 2 2 2
   3191  -1   7  -2 2 2 2
   3192  -1   7  -1 2 2 2
   3193  -1   7   0 2 2 2
   3194  -1   7   1 2 2 2
   3195  -1   7   2 2 2 2
   3196  -1   7   3 2 2 2
   3197  -1   7   4 2 2 2
   3198  -1   7   5 2 2 2
   3199  -1   7   6 2 2 2
   3200  -1   7   7 2 2 2
