 >TARREC   rectangular prism; AX,AY,AZ= 16.0000  1.0000  1.0000
        16 = NAT 
  1.000000  0.000000  0.000000 = A_1 vector
  0.000000  1.000000  0.000000 = A_2 vector
  1.000000  1.000000  1.000000 = lattice spacings (d_x,d_y,d_z)/d
 -16.50000  -1.00000  -1.00000 = lattice offset x0(1-3) = (x_TF,y_TF,z_TF)/d for dipole 0 0 0
     JA  IX  IY  IZ ICOMP(x,y,z)
      1   1   1   1 1 1 1
      2   2   1   1 1 1 1
      3   3   1   1 1 1 1
      4   4   1   1 1 1 1
      5   5   1   1 1 1 1
      6   6   1   1 1 1 1
      7   7   1   1 1 1 1
      8   8   1   1 1 1 1
      9   9   1   1 1 1 1
     10  10   1   1 1 1 1
     11  11   1   1 1 1 1
     12  12   1   1 1 1 1
     13  13   1   1 1 1 1
     14  14   1   1 1 1 1
     15  15   1   1 1 1 1
     16  16   1   1 1 1 1
