 >TARCYL  cylindrical target: Length=  1.0000 Diameter= 64.4900
      3260 = NAT
  0.000000  1.000000  0.000000 = A_1 vector
  0.000000  0.000000  1.000000 = A_2 vector
  1.000000  1.000000  1.000000 = lattice spacings (d_x,d_y,d_z)/d
  -0.50000   0.00000  -0.50000 = lattice offset x0(1-3) = (x_TF,y_TF,z_TF)/d for dipole 0 0 0
     JA  IX  IY  IZ ICOMP(x,y,z)
      1  -6   0 -31 1 1 1
      2  -5   0 -31 1 1 1
      3  -4   0 -31 1 1 1
      4  -3   0 -31 1 1 1
      5  -2   0 -31 1 1 1
      6  -1   0 -31 1 1 1
      7   0   0 -31 1 1 1
      8   1   0 -31 1 1 1
      9   2   0 -31 1 1 1
     10   3   0 -31 1 1 1
     11   4   0 -31 1 1 1
     12   5   0 -31 1 1 1
     13   6   0 -31 1 1 1
     14   7   0 -31 1 1 1
     15  -9   0 -30 1 1 1
     16  -8   0 -30 1 1 1
     17  -7   0 -30 1 1 1
     18  -6   0 -30 1 1 1
     19  -5   0 -30 1 1 1
     20  -4   0 -30 1 1 1
     21  -3   0 -30 1 1 1
     22  -2   0 -30 1 1 1
     23  -1   0 -30 1 1 1
     24   0   0 -30 1 1 1
     25   1   0 -30 1 1 1
     26   2   0 -30 1 1 1
     27   3   0 -30 1 1 1
     28   4   0 -30 1 1 1
     29   5   0 -30 1 1 1
     30   6   0 -30 1 1 1
     31   7   0 -30 1 1 1
     32   8   0 -30 1 1 1
     33   9   0 -30 1 1 1
     34  10   0 -30 1 1 1
     35 -12   0 -29 1 1 1
     36 -11   0 -29 1 1 1
     37 -10   0 -29 1 1 1
     38  -9   0 -29 1 1 1
     39  -8   0 -29 1 1 1
     40  -7   0 -29 1 1 1
     41  -6   0 -29 1 1 1
     42  -5   0 -29 1 1 1
     43  -4   0 -29 1 1 1
     44  -3   0 -29 1 1 1
     45  -2   0 -29 1 1 1
     46  -1   0 -29 1 1 1
     47   0   0 -29 1 1 1
     48   1   0 -29 1 1 1
     49   2   0 -29 1 1 1
     50   3   0 -29 1 1 1
     51   4   0 -29 1 1 1
     52   5   0 -29 1 1 1
     53   6   0 -29 1 1 1
     54   7   0 -29 1 1 1
     55   8   0 -29 1 1 1
     56   9   0 -29 1 1 1
     57  10   0 -29 1 1 1
     58  11   0 -29 1 1 1
     59  12   0 -29 1 1 1
     60  13   0 -29 1 1 1
     61 -14   0 -28 1 1 1
     62 -13   0 -28 1 1 1
     63 -12   0 -28 1 1 1
     64 -11   0 -28 1 1 1
     65 -10   0 -28 1 1 1
     66  -9   0 -28 1 1 1
     67  -8   0 -28 1 1 1
     68  -7   0 -28 1 1 1
     69  -6   0 -28 1 1 1
     70  -5   0 -28 1 1 1
     71  -4   0 -28 1 1 1
     72  -3   0 -28 1 1 1
     73  -2   0 -28 1 1 1
     74  -1   0 -28 1 1 1
     75   0   0 -28 1 1 1
     76   1   0 -28 1 1 1
     77   2   0 -28 1 1 1
     78   3   0 -28 1 1 1
     79   4   0 -28 1 1 1
     80   5   0 -28 1 1 1
     81   6   0 -28 1 1 1
     82   7   0 -28 1 1 1
     83   8   0 -28 1 1 1
     84   9   0 -28 1 1 1
     85  10   0 -28 1 1 1
     86  11   0 -28 1 1 1
     87  12   0 -28 1 1 1
     88  13   0 -28 1 1 1
     89  14   0 -28 1 1 1
     90  15   0 -28 1 1 1
     91 -16   0 -27 1 1 1
     92 -15   0 -27 1 1 1
     93 -14   0 -27 1 1 1
     94 -13   0 -27 1 1 1
     95 -12   0 -27 1 1 1
     96 -11   0 -27 1 1 1
     97 -10   0 -27 1 1 1
     98  -9   0 -27 1 1 1
     99  -8   0 -27 1 1 1
    100  -7   0 -27 1 1 1
    101  -6   0 -27 1 1 1
    102  -5   0 -27 1 1 1
    103  -4   0 -27 1 1 1
    104  -3   0 -27 1 1 1
    105  -2   0 -27 1 1 1
    106  -1   0 -27 1 1 1
    107   0   0 -27 1 1 1
    108   1   0 -27 1 1 1
    109   2   0 -27 1 1 1
    110   3   0 -27 1 1 1
    111   4   0 -27 1 1 1
    112   5   0 -27 1 1 1
    113   6   0 -27 1 1 1
    114   7   0 -27 1 1 1
    115   8   0 -27 1 1 1
    116   9   0 -27 1 1 1
    117  10   0 -27 1 1 1
    118  11   0 -27 1 1 1
    119  12   0 -27 1 1 1
    120  13   0 -27 1 1 1
    121  14   0 -27 1 1 1
    122  15   0 -27 1 1 1
    123  16   0 -27 1 1 1
    124  17   0 -27 1 1 1
    125 -17   0 -26 1 1 1
    126 -16   0 -26 1 1 1
    127 -15   0 -26 1 1 1
    128 -14   0 -26 1 1 1
    129 -13   0 -26 1 1 1
    130 -12   0 -26 1 1 1
    131 -11   0 -26 1 1 1
    132 -10   0 -26 1 1 1
    133  -9   0 -26 1 1 1
    134  -8   0 -26 1 1 1
    135  -7   0 -26 1 1 1
    136  -6   0 -26 1 1 1
    137  -5   0 -26 1 1 1
    138  -4   0 -26 1 1 1
    139  -3   0 -26 1 1 1
    140  -2   0 -26 1 1 1
    141  -1   0 -26 1 1 1
    142   0   0 -26 1 1 1
    143   1   0 -26 1 1 1
    144   2   0 -26 1 1 1
    145   3   0 -26 1 1 1
    146   4   0 -26 1 1 1
    147   5   0 -26 1 1 1
    148   6   0 -26 1 1 1
    149   7   0 -26 1 1 1
    150   8   0 -26 1 1 1
    151   9   0 -26 1 1 1
    152  10   0 -26 1 1 1
    153  11   0 -26 1 1 1
    154  12   0 -26 1 1 1
    155  13   0 -26 1 1 1
    156  14   0 -26 1 1 1
    157  15   0 -26 1 1 1
    158  16   0 -26 1 1 1
    159  17   0 -26 1 1 1
    160  18   0 -26 1 1 1
    161 -19   0 -25 1 1 1
    162 -18   0 -25 1 1 1
    163 -17   0 -25 1 1 1
    164 -16   0 -25 1 1 1
    165 -15   0 -25 1 1 1
    166 -14   0 -25 1 1 1
    167 -13   0 -25 1 1 1
    168 -12   0 -25 1 1 1
    169 -11   0 -25 1 1 1
    170 -10   0 -25 1 1 1
    171  -9   0 -25 1 1 1
    172  -8   0 -25 1 1 1
    173  -7   0 -25 1 1 1
    174  -6   0 -25 1 1 1
    175  -5   0 -25 1 1 1
    176  -4   0 -25 1 1 1
    177  -3   0 -25 1 1 1
    178  -2   0 -25 1 1 1
    179  -1   0 -25 1 1 1
    180   0   0 -25 1 1 1
    181   1   0 -25 1 1 1
    182   2   0 -25 1 1 1
    183   3   0 -25 1 1 1
    184   4   0 -25 1 1 1
    185   5   0 -25 1 1 1
    186   6   0 -25 1 1 1
    187   7   0 -25 1 1 1
    188   8   0 -25 1 1 1
    189   9   0 -25 1 1 1
    190  10   0 -25 1 1 1
    191  11   0 -25 1 1 1
    192  12   0 -25 1 1 1
    193  13   0 -25 1 1 1
    194  14   0 -25 1 1 1
    195  15   0 -25 1 1 1
    196  16   0 -25 1 1 1
    197  17   0 -25 1 1 1
    198  18   0 -25 1 1 1
    199  19   0 -25 1 1 1
    200  20   0 -25 1 1 1
    201 -20   0 -24 1 1 1
    202 -19   0 -24 1 1 1
    203 -18   0 -24 1 1 1
    204 -17   0 -24 1 1 1
    205 -16   0 -24 1 1 1
    206 -15   0 -24 1 1 1
    207 -14   0 -24 1 1 1
    208 -13   0 -24 1 1 1
    209 -12   0 -24 1 1 1
    210 -11   0 -24 1 1 1
    211 -10   0 -24 1 1 1
    212  -9   0 -24 1 1 1
    213  -8   0 -24 1 1 1
    214  -7   0 -24 1 1 1
    215  -6   0 -24 1 1 1
    216  -5   0 -24 1 1 1
    217  -4   0 -24 1 1 1
    218  -3   0 -24 1 1 1
    219  -2   0 -24 1 1 1
    220  -1   0 -24 1 1 1
    221   0   0 -24 1 1 1
    222   1   0 -24 1 1 1
    223   2   0 -24 1 1 1
    224   3   0 -24 1 1 1
    225   4   0 -24 1 1 1
    226   5   0 -24 1 1 1
    227   6   0 -24 1 1 1
    228   7   0 -24 1 1 1
    229   8   0 -24 1 1 1
    230   9   0 -24 1 1 1
    231  10   0 -24 1 1 1
    232  11   0 -24 1 1 1
    233  12   0 -24 1 1 1
    234  13   0 -24 1 1 1
    235  14   0 -24 1 1 1
    236  15   0 -24 1 1 1
    237  16   0 -24 1 1 1
    238  17   0 -24 1 1 1
    239  18   0 -24 1 1 1
    240  19   0 -24 1 1 1
    241  20   0 -24 1 1 1
    242  21   0 -24 1 1 1
    243 -21   0 -23 1 1 1
    244 -20   0 -23 1 1 1
    245 -19   0 -23 1 1 1
    246 -18   0 -23 1 1 1
    247 -17   0 -23 1 1 1
    248 -16   0 -23 1 1 1
    249 -15   0 -23 1 1 1
    250 -14   0 -23 1 1 1
    251 -13   0 -23 1 1 1
    252 -12   0 -23 1 1 1
    253 -11   0 -23 1 1 1
    254 -10   0 -23 1 1 1
    255  -9   0 -23 1 1 1
    256  -8   0 -23 1 1 1
    257  -7   0 -23 1 1 1
    258  -6   0 -23 1 1 1
    259  -5   0 -23 1 1 1
    260  -4   0 -23 1 1 1
    261  -3   0 -23 1 1 1
    262  -2   0 -23 1 1 1
    263  -1   0 -23 1 1 1
    264   0   0 -23 1 1 1
    265   1   0 -23 1 1 1
    266   2   0 -23 1 1 1
    267   3   0 -23 1 1 1
    268   4   0 -23 1 1 1
    269   5   0 -23 1 1 1
    270   6   0 -23 1 1 1
    271   7   0 -23 1 1 1
    272   8   0 -23 1 1 1
    273   9   0 -23 1 1 1
    274  10   0 -23 1 1 1
    275  11   0 -23 1 1 1
    276  12   0 -23 1 1 1
    277  13   0 -23 1 1 1
    278  14   0 -23 1 1 1
    279  15   0 -23 1 1 1
    280  16   0 -23 1 1 1
    281  17   0 -23 1 1 1
    282  18   0 -23 1 1 1
    283  19   0 -23 1 1 1
    284  20   0 -23 1 1 1
    285  21   0 -23 1 1 1
    286  22   0 -23 1 1 1
    287 -22   0 -22 1 1 1
    288 -21   0 -22 1 1 1
    289 -20   0 -22 1 1 1
    290 -19   0 -22 1 1 1
    291 -18   0 -22 1 1 1
    292 -17   0 -22 1 1 1
    293 -16   0 -22 1 1 1
    294 -15   0 -22 1 1 1
    295 -14   0 -22 1 1 1
    296 -13   0 -22 1 1 1
    297 -12   0 -22 1 1 1
    298 -11   0 -22 1 1 1
    299 -10   0 -22 1 1 1
    300  -9   0 -22 1 1 1
    301  -8   0 -22 1 1 1
    302  -7   0 -22 1 1 1
    303  -6   0 -22 1 1 1
    304  -5   0 -22 1 1 1
    305  -4   0 -22 1 1 1
    306  -3   0 -22 1 1 1
    307  -2   0 -22 1 1 1
    308  -1   0 -22 1 1 1
    309   0   0 -22 1 1 1
    310   1   0 -22 1 1 1
    311   2   0 -22 1 1 1
    312   3   0 -22 1 1 1
    313   4   0 -22 1 1 1
    314   5   0 -22 1 1 1
    315   6   0 -22 1 1 1
    316   7   0 -22 1 1 1
    317   8   0 -22 1 1 1
    318   9   0 -22 1 1 1
    319  10   0 -22 1 1 1
    320  11   0 -22 1 1 1
    321  12   0 -22 1 1 1
    322  13   0 -22 1 1 1
    323  14   0 -22 1 1 1
    324  15   0 -22 1 1 1
    325  16   0 -22 1 1 1
    326  17   0 -22 1 1 1
    327  18   0 -22 1 1 1
    328  19   0 -22 1 1 1
    329  20   0 -22 1 1 1
    330  21   0 -22 1 1 1
    331  22   0 -22 1 1 1
    332  23   0 -22 1 1 1
    333 -23   0 -21 1 1 1
    334 -22   0 -21 1 1 1
    335 -21   0 -21 1 1 1
    336 -20   0 -21 1 1 1
    337 -19   0 -21 1 1 1
    338 -18   0 -21 1 1 1
    339 -17   0 -21 1 1 1
    340 -16   0 -21 1 1 1
    341 -15   0 -21 1 1 1
    342 -14   0 -21 1 1 1
    343 -13   0 -21 1 1 1
    344 -12   0 -21 1 1 1
    345 -11   0 -21 1 1 1
    346 -10   0 -21 1 1 1
    347  -9   0 -21 1 1 1
    348  -8   0 -21 1 1 1
    349  -7   0 -21 1 1 1
    350  -6   0 -21 1 1 1
    351  -5   0 -21 1 1 1
    352  -4   0 -21 1 1 1
    353  -3   0 -21 1 1 1
    354  -2   0 -21 1 1 1
    355  -1   0 -21 1 1 1
    356   0   0 -21 1 1 1
    357   1   0 -21 1 1 1
    358   2   0 -21 1 1 1
    359   3   0 -21 1 1 1
    360   4   0 -21 1 1 1
    361   5   0 -21 1 1 1
    362   6   0 -21 1 1 1
    363   7   0 -21 1 1 1
    364   8   0 -21 1 1 1
    365   9   0 -21 1 1 1
    366  10   0 -21 1 1 1
    367  11   0 -21 1 1 1
    368  12   0 -21 1 1 1
    369  13   0 -21 1 1 1
    370  14   0 -21 1 1 1
    371  15   0 -21 1 1 1
    372  16   0 -21 1 1 1
    373  17   0 -21 1 1 1
    374  18   0 -21 1 1 1
    375  19   0 -21 1 1 1
    376  20   0 -21 1 1 1
    377  21   0 -21 1 1 1
    378  22   0 -21 1 1 1
    379  23   0 -21 1 1 1
    380  24   0 -21 1 1 1
    381 -24   0 -20 1 1 1
    382 -23   0 -20 1 1 1
    383 -22   0 -20 1 1 1
    384 -21   0 -20 1 1 1
    385 -20   0 -20 1 1 1
    386 -19   0 -20 1 1 1
    387 -18   0 -20 1 1 1
    388 -17   0 -20 1 1 1
    389 -16   0 -20 1 1 1
    390 -15   0 -20 1 1 1
    391 -14   0 -20 1 1 1
    392 -13   0 -20 1 1 1
    393 -12   0 -20 1 1 1
    394 -11   0 -20 1 1 1
    395 -10   0 -20 1 1 1
    396  -9   0 -20 1 1 1
    397  -8   0 -20 1 1 1
    398  -7   0 -20 1 1 1
    399  -6   0 -20 1 1 1
    400  -5   0 -20 1 1 1
    401  -4   0 -20 1 1 1
    402  -3   0 -20 1 1 1
    403  -2   0 -20 1 1 1
    404  -1   0 -20 1 1 1
    405   0   0 -20 1 1 1
    406   1   0 -20 1 1 1
    407   2   0 -20 1 1 1
    408   3   0 -20 1 1 1
    409   4   0 -20 1 1 1
    410   5   0 -20 1 1 1
    411   6   0 -20 1 1 1
    412   7   0 -20 1 1 1
    413   8   0 -20 1 1 1
    414   9   0 -20 1 1 1
    415  10   0 -20 1 1 1
    416  11   0 -20 1 1 1
    417  12   0 -20 1 1 1
    418  13   0 -20 1 1 1
    419  14   0 -20 1 1 1
    420  15   0 -20 1 1 1
    421  16   0 -20 1 1 1
    422  17   0 -20 1 1 1
    423  18   0 -20 1 1 1
    424  19   0 -20 1 1 1
    425  20   0 -20 1 1 1
    426  21   0 -20 1 1 1
    427  22   0 -20 1 1 1
    428  23   0 -20 1 1 1
    429  24   0 -20 1 1 1
    430  25   0 -20 1 1 1
    431 -25   0 -19 1 1 1
    432 -24   0 -19 1 1 1
    433 -23   0 -19 1 1 1
    434 -22   0 -19 1 1 1
    435 -21   0 -19 1 1 1
    436 -20   0 -19 1 1 1
    437 -19   0 -19 1 1 1
    438 -18   0 -19 1 1 1
    439 -17   0 -19 1 1 1
    440 -16   0 -19 1 1 1
    441 -15   0 -19 1 1 1
    442 -14   0 -19 1 1 1
    443 -13   0 -19 1 1 1
    444 -12   0 -19 1 1 1
    445 -11   0 -19 1 1 1
    446 -10   0 -19 1 1 1
    447  -9   0 -19 1 1 1
    448  -8   0 -19 1 1 1
    449  -7   0 -19 1 1 1
    450  -6   0 -19 1 1 1
    451  -5   0 -19 1 1 1
    452  -4   0 -19 1 1 1
    453  -3   0 -19 1 1 1
    454  -2   0 -19 1 1 1
    455  -1   0 -19 1 1 1
    456   0   0 -19 1 1 1
    457   1   0 -19 1 1 1
    458   2   0 -19 1 1 1
    459   3   0 -19 1 1 1
    460   4   0 -19 1 1 1
    461   5   0 -19 1 1 1
    462   6   0 -19 1 1 1
    463   7   0 -19 1 1 1
    464   8   0 -19 1 1 1
    465   9   0 -19 1 1 1
    466  10   0 -19 1 1 1
    467  11   0 -19 1 1 1
    468  12   0 -19 1 1 1
    469  13   0 -19 1 1 1
    470  14   0 -19 1 1 1
    471  15   0 -19 1 1 1
    472  16   0 -19 1 1 1
    473  17   0 -19 1 1 1
    474  18   0 -19 1 1 1
    475  19   0 -19 1 1 1
    476  20   0 -19 1 1 1
    477  21   0 -19 1 1 1
    478  22   0 -19 1 1 1
    479  23   0 -19 1 1 1
    480  24   0 -19 1 1 1
    481  25   0 -19 1 1 1
    482  26   0 -19 1 1 1
    483 -25   0 -18 1 1 1
    484 -24   0 -18 1 1 1
    485 -23   0 -18 1 1 1
    486 -22   0 -18 1 1 1
    487 -21   0 -18 1 1 1
    488 -20   0 -18 1 1 1
    489 -19   0 -18 1 1 1
    490 -18   0 -18 1 1 1
    491 -17   0 -18 1 1 1
    492 -16   0 -18 1 1 1
    493 -15   0 -18 1 1 1
    494 -14   0 -18 1 1 1
    495 -13   0 -18 1 1 1
    496 -12   0 -18 1 1 1
    497 -11   0 -18 1 1 1
    498 -10   0 -18 1 1 1
    499  -9   0 -18 1 1 1
    500  -8   0 -18 1 1 1
    501  -7   0 -18 1 1 1
    502  -6   0 -18 1 1 1
    503  -5   0 -18 1 1 1
    504  -4   0 -18 1 1 1
    505  -3   0 -18 1 1 1
    506  -2   0 -18 1 1 1
    507  -1   0 -18 1 1 1
    508   0   0 -18 1 1 1
    509   1   0 -18 1 1 1
    510   2   0 -18 1 1 1
    511   3   0 -18 1 1 1
    512   4   0 -18 1 1 1
    513   5   0 -18 1 1 1
    514   6   0 -18 1 1 1
    515   7   0 -18 1 1 1
    516   8   0 -18 1 1 1
    517   9   0 -18 1 1 1
    518  10   0 -18 1 1 1
    519  11   0 -18 1 1 1
    520  12   0 -18 1 1 1
    521  13   0 -18 1 1 1
    522  14   0 -18 1 1 1
    523  15   0 -18 1 1 1
    524  16   0 -18 1 1 1
    525  17   0 -18 1 1 1
    526  18   0 -18 1 1 1
    527  19   0 -18 1 1 1
    528  20   0 -18 1 1 1
    529  21   0 -18 1 1 1
    530  22   0 -18 1 1 1
    531  23   0 -18 1 1 1
    532  24   0 -18 1 1 1
    533  25   0 -18 1 1 1
    534  26   0 -18 1 1 1
    535 -26   0 -17 1 1 1
    536 -25   0 -17 1 1 1
    537 -24   0 -17 1 1 1
    538 -23   0 -17 1 1 1
    539 -22   0 -17 1 1 1
    540 -21   0 -17 1 1 1
    541 -20   0 -17 1 1 1
    542 -19   0 -17 1 1 1
    543 -18   0 -17 1 1 1
    544 -17   0 -17 1 1 1
    545 -16   0 -17 1 1 1
    546 -15   0 -17 1 1 1
    547 -14   0 -17 1 1 1
    548 -13   0 -17 1 1 1
    549 -12   0 -17 1 1 1
    550 -11   0 -17 1 1 1
    551 -10   0 -17 1 1 1
    552  -9   0 -17 1 1 1
    553  -8   0 -17 1 1 1
    554  -7   0 -17 1 1 1
    555  -6   0 -17 1 1 1
    556  -5   0 -17 1 1 1
    557  -4   0 -17 1 1 1
    558  -3   0 -17 1 1 1
    559  -2   0 -17 1 1 1
    560  -1   0 -17 1 1 1
    561   0   0 -17 1 1 1
    562   1   0 -17 1 1 1
    563   2   0 -17 1 1 1
    564   3   0 -17 1 1 1
    565   4   0 -17 1 1 1
    566   5   0 -17 1 1 1
    567   6   0 -17 1 1 1
    568   7   0 -17 1 1 1
    569   8   0 -17 1 1 1
    570   9   0 -17 1 1 1
    571  10   0 -17 1 1 1
    572  11   0 -17 1 1 1
    573  12   0 -17 1 1 1
    574  13   0 -17 1 1 1
    575  14   0 -17 1 1 1
    576  15   0 -17 1 1 1
    577  16   0 -17 1 1 1
    578  17   0 -17 1 1 1
    579  18   0 -17 1 1 1
    580  19   0 -17 1 1 1
    581  20   0 -17 1 1 1
    582  21   0 -17 1 1 1
    583  22   0 -17 1 1 1
    584  23   0 -17 1 1 1
    585  24   0 -17 1 1 1
    586  25   0 -17 1 1 1
    587  26   0 -17 1 1 1
    588  27   0 -17 1 1 1
    589 -27   0 -16 1 1 1
    590 -26   0 -16 1 1 1
    591 -25   0 -16 1 1 1
    592 -24   0 -16 1 1 1
    593 -23   0 -16 1 1 1
    594 -22   0 -16 1 1 1
    595 -21   0 -16 1 1 1
    596 -20   0 -16 1 1 1
    597 -19   0 -16 1 1 1
    598 -18   0 -16 1 1 1
    599 -17   0 -16 1 1 1
    600 -16   0 -16 1 1 1
    601 -15   0 -16 1 1 1
    602 -14   0 -16 1 1 1
    603 -13   0 -16 1 1 1
    604 -12   0 -16 1 1 1
    605 -11   0 -16 1 1 1
    606 -10   0 -16 1 1 1
    607  -9   0 -16 1 1 1
    608  -8   0 -16 1 1 1
    609  -7   0 -16 1 1 1
    610  -6   0 -16 1 1 1
    611  -5   0 -16 1 1 1
    612  -4   0 -16 1 1 1
    613  -3   0 -16 1 1 1
    614  -2   0 -16 1 1 1
    615  -1   0 -16 1 1 1
    616   0   0 -16 1 1 1
    617   1   0 -16 1 1 1
    618   2   0 -16 1 1 1
    619   3   0 -16 1 1 1
    620   4   0 -16 1 1 1
    621   5   0 -16 1 1 1
    622   6   0 -16 1 1 1
    623   7   0 -16 1 1 1
    624   8   0 -16 1 1 1
    625   9   0 -16 1 1 1
    626  10   0 -16 1 1 1
    627  11   0 -16 1 1 1
    628  12   0 -16 1 1 1
    629  13   0 -16 1 1 1
    630  14   0 -16 1 1 1
    631  15   0 -16 1 1 1
    632  16   0 -16 1 1 1
    633  17   0 -16 1 1 1
    634  18   0 -16 1 1 1
    635  19   0 -16 1 1 1
    636  20   0 -16 1 1 1
    637  21   0 -16 1 1 1
    638  22   0 -16 1 1 1
    639  23   0 -16 1 1 1
    640  24   0 -16 1 1 1
    641  25   0 -16 1 1 1
    642  26   0 -16 1 1 1
    643  27   0 -16 1 1 1
    644  28   0 -16 1 1 1
    645 -27   0 -15 1 1 1
    646 -26   0 -15 1 1 1
    647 -25   0 -15 1 1 1
    648 -24   0 -15 1 1 1
    649 -23   0 -15 1 1 1
    650 -22   0 -15 1 1 1
    651 -21   0 -15 1 1 1
    652 -20   0 -15 1 1 1
    653 -19   0 -15 1 1 1
    654 -18   0 -15 1 1 1
    655 -17   0 -15 1 1 1
    656 -16   0 -15 1 1 1
    657 -15   0 -15 1 1 1
    658 -14   0 -15 1 1 1
    659 -13   0 -15 1 1 1
    660 -12   0 -15 1 1 1
    661 -11   0 -15 1 1 1
    662 -10   0 -15 1 1 1
    663  -9   0 -15 1 1 1
    664  -8   0 -15 1 1 1
    665  -7   0 -15 1 1 1
    666  -6   0 -15 1 1 1
    667  -5   0 -15 1 1 1
    668  -4   0 -15 1 1 1
    669  -3   0 -15 1 1 1
    670  -2   0 -15 1 1 1
    671  -1   0 -15 1 1 1
    672   0   0 -15 1 1 1
    673   1   0 -15 1 1 1
    674   2   0 -15 1 1 1
    675   3   0 -15 1 1 1
    676   4   0 -15 1 1 1
    677   5   0 -15 1 1 1
    678   6   0 -15 1 1 1
    679   7   0 -15 1 1 1
    680   8   0 -15 1 1 1
    681   9   0 -15 1 1 1
    682  10   0 -15 1 1 1
    683  11   0 -15 1 1 1
    684  12   0 -15 1 1 1
    685  13   0 -15 1 1 1
    686  14   0 -15 1 1 1
    687  15   0 -15 1 1 1
    688  16   0 -15 1 1 1
    689  17   0 -15 1 1 1
    690  18   0 -15 1 1 1
    691  19   0 -15 1 1 1
    692  20   0 -15 1 1 1
    693  21   0 -15 1 1 1
    694  22   0 -15 1 1 1
    695  23   0 -15 1 1 1
    696  24   0 -15 1 1 1
    697  25   0 -15 1 1 1
    698  26   0 -15 1 1 1
    699  27   0 -15 1 1 1
    700  28   0 -15 1 1 1
    701 -28   0 -14 1 1 1
    702 -27   0 -14 1 1 1
    703 -26   0 -14 1 1 1
    704 -25   0 -14 1 1 1
    705 -24   0 -14 1 1 1
    706 -23   0 -14 1 1 1
    707 -22   0 -14 1 1 1
    708 -21   0 -14 1 1 1
    709 -20   0 -14 1 1 1
    710 -19   0 -14 1 1 1
    711 -18   0 -14 1 1 1
    712 -17   0 -14 1 1 1
    713 -16   0 -14 1 1 1
    714 -15   0 -14 1 1 1
    715 -14   0 -14 1 1 1
    716 -13   0 -14 1 1 1
    717 -12   0 -14 1 1 1
    718 -11   0 -14 1 1 1
    719 -10   0 -14 1 1 1
    720  -9   0 -14 1 1 1
    721  -8   0 -14 1 1 1
    722  -7   0 -14 1 1 1
    723  -6   0 -14 1 1 1
    724  -5   0 -14 1 1 1
    725  -4   0 -14 1 1 1
    726  -3   0 -14 1 1 1
    727  -2   0 -14 1 1 1
    728  -1   0 -14 1 1 1
    729   0   0 -14 1 1 1
    730   1   0 -14 1 1 1
    731   2   0 -14 1 1 1
    732   3   0 -14 1 1 1
    733   4   0 -14 1 1 1
    734   5   0 -14 1 1 1
    735   6   0 -14 1 1 1
    736   7   0 -14 1 1 1
    737   8   0 -14 1 1 1
    738   9   0 -14 1 1 1
    739  10   0 -14 1 1 1
    740  11   0 -14 1 1 1
    741  12   0 -14 1 1 1
    742  13   0 -14 1 1 1
    743  14   0 -14 1 1 1
    744  15   0 -14 1 1 1
    745  16   0 -14 1 1 1
    746  17   0 -14 1 1 1
    747  18   0 -14 1 1 1
    748  19   0 -14 1 1 1
    749  20   0 -14 1 1 1
    750  21   0 -14 1 1 1
    751  22   0 -14 1 1 1
    752  23   0 -14 1 1 1
    753  24   0 -14 1 1 1
    754  25   0 -14 1 1 1
    755  26   0 -14 1 1 1
    756  27   0 -14 1 1 1
    757  28   0 -14 1 1 1
    758  29   0 -14 1 1 1
    759 -28   0 -13 1 1 1
    760 -27   0 -13 1 1 1
    761 -26   0 -13 1 1 1
    762 -25   0 -13 1 1 1
    763 -24   0 -13 1 1 1
    764 -23   0 -13 1 1 1
    765 -22   0 -13 1 1 1
    766 -21   0 -13 1 1 1
    767 -20   0 -13 1 1 1
    768 -19   0 -13 1 1 1
    769 -18   0 -13 1 1 1
    770 -17   0 -13 1 1 1
    771 -16   0 -13 1 1 1
    772 -15   0 -13 1 1 1
    773 -14   0 -13 1 1 1
    774 -13   0 -13 1 1 1
    775 -12   0 -13 1 1 1
    776 -11   0 -13 1 1 1
    777 -10   0 -13 1 1 1
    778  -9   0 -13 1 1 1
    779  -8   0 -13 1 1 1
    780  -7   0 -13 1 1 1
    781  -6   0 -13 1 1 1
    782  -5   0 -13 1 1 1
    783  -4   0 -13 1 1 1
    784  -3   0 -13 1 1 1
    785  -2   0 -13 1 1 1
    786  -1   0 -13 1 1 1
    787   0   0 -13 1 1 1
    788   1   0 -13 1 1 1
    789   2   0 -13 1 1 1
    790   3   0 -13 1 1 1
    791   4   0 -13 1 1 1
    792   5   0 -13 1 1 1
    793   6   0 -13 1 1 1
    794   7   0 -13 1 1 1
    795   8   0 -13 1 1 1
    796   9   0 -13 1 1 1
    797  10   0 -13 1 1 1
    798  11   0 -13 1 1 1
    799  12   0 -13 1 1 1
    800  13   0 -13 1 1 1
    801  14   0 -13 1 1 1
    802  15   0 -13 1 1 1
    803  16   0 -13 1 1 1
    804  17   0 -13 1 1 1
    805  18   0 -13 1 1 1
    806  19   0 -13 1 1 1
    807  20   0 -13 1 1 1
    808  21   0 -13 1 1 1
    809  22   0 -13 1 1 1
    810  23   0 -13 1 1 1
    811  24   0 -13 1 1 1
    812  25   0 -13 1 1 1
    813  26   0 -13 1 1 1
    814  27   0 -13 1 1 1
    815  28   0 -13 1 1 1
    816  29   0 -13 1 1 1
    817 -29   0 -12 1 1 1
    818 -28   0 -12 1 1 1
    819 -27   0 -12 1 1 1
    820 -26   0 -12 1 1 1
    821 -25   0 -12 1 1 1
    822 -24   0 -12 1 1 1
    823 -23   0 -12 1 1 1
    824 -22   0 -12 1 1 1
    825 -21   0 -12 1 1 1
    826 -20   0 -12 1 1 1
    827 -19   0 -12 1 1 1
    828 -18   0 -12 1 1 1
    829 -17   0 -12 1 1 1
    830 -16   0 -12 1 1 1
    831 -15   0 -12 1 1 1
    832 -14   0 -12 1 1 1
    833 -13   0 -12 1 1 1
    834 -12   0 -12 1 1 1
    835 -11   0 -12 1 1 1
    836 -10   0 -12 1 1 1
    837  -9   0 -12 1 1 1
    838  -8   0 -12 1 1 1
    839  -7   0 -12 1 1 1
    840  -6   0 -12 1 1 1
    841  -5   0 -12 1 1 1
    842  -4   0 -12 1 1 1
    843  -3   0 -12 1 1 1
    844  -2   0 -12 1 1 1
    845  -1   0 -12 1 1 1
    846   0   0 -12 1 1 1
    847   1   0 -12 1 1 1
    848   2   0 -12 1 1 1
    849   3   0 -12 1 1 1
    850   4   0 -12 1 1 1
    851   5   0 -12 1 1 1
    852   6   0 -12 1 1 1
    853   7   0 -12 1 1 1
    854   8   0 -12 1 1 1
    855   9   0 -12 1 1 1
    856  10   0 -12 1 1 1
    857  11   0 -12 1 1 1
    858  12   0 -12 1 1 1
    859  13   0 -12 1 1 1
    860  14   0 -12 1 1 1
    861  15   0 -12 1 1 1
    862  16   0 -12 1 1 1
    863  17   0 -12 1 1 1
    864  18   0 -12 1 1 1
    865  19   0 -12 1 1 1
    866  20   0 -12 1 1 1
    867  21   0 -12 1 1 1
    868  22   0 -12 1 1 1
    869  23   0 -12 1 1 1
    870  24   0 -12 1 1 1
    871  25   0 -12 1 1 1
    872  26   0 -12 1 1 1
    873  27   0 -12 1 1 1
    874  28   0 -12 1 1 1
    875  29   0 -12 1 1 1
    876  30   0 -12 1 1 1
    877 -29   0 -11 1 1 1
    878 -28   0 -11 1 1 1
    879 -27   0 -11 1 1 1
    880 -26   0 -11 1 1 1
    881 -25   0 -11 1 1 1
    882 -24   0 -11 1 1 1
    883 -23   0 -11 1 1 1
    884 -22   0 -11 1 1 1
    885 -21   0 -11 1 1 1
    886 -20   0 -11 1 1 1
    887 -19   0 -11 1 1 1
    888 -18   0 -11 1 1 1
    889 -17   0 -11 1 1 1
    890 -16   0 -11 1 1 1
    891 -15   0 -11 1 1 1
    892 -14   0 -11 1 1 1
    893 -13   0 -11 1 1 1
    894 -12   0 -11 1 1 1
    895 -11   0 -11 1 1 1
    896 -10   0 -11 1 1 1
    897  -9   0 -11 1 1 1
    898  -8   0 -11 1 1 1
    899  -7   0 -11 1 1 1
    900  -6   0 -11 1 1 1
    901  -5   0 -11 1 1 1
    902  -4   0 -11 1 1 1
    903  -3   0 -11 1 1 1
    904  -2   0 -11 1 1 1
    905  -1   0 -11 1 1 1
    906   0   0 -11 1 1 1
    907   1   0 -11 1 1 1
    908   2   0 -11 1 1 1
    909   3   0 -11 1 1 1
    910   4   0 -11 1 1 1
    911   5   0 -11 1 1 1
    912   6   0 -11 1 1 1
    913   7   0 -11 1 1 1
    914   8   0 -11 1 1 1
    915   9   0 -11 1 1 1
    916  10   0 -11 1 1 1
    917  11   0 -11 1 1 1
    918  12   0 -11 1 1 1
    919  13   0 -11 1 1 1
    920  14   0 -11 1 1 1
    921  15   0 -11 1 1 1
    922  16   0 -11 1 1 1
    923  17   0 -11 1 1 1
    924  18   0 -11 1 1 1
    925  19   0 -11 1 1 1
    926  20   0 -11 1 1 1
    927  21   0 -11 1 1 1
    928  22   0 -11 1 1 1
    929  23   0 -11 1 1 1
    930  24   0 -11 1 1 1
    931  25   0 -11 1 1 1
    932  26   0 -11 1 1 1
    933  27   0 -11 1 1 1
    934  28   0 -11 1 1 1
    935  29   0 -11 1 1 1
    936  30   0 -11 1 1 1
    937 -29   0 -10 1 1 1
    938 -28   0 -10 1 1 1
    939 -27   0 -10 1 1 1
    940 -26   0 -10 1 1 1
    941 -25   0 -10 1 1 1
    942 -24   0 -10 1 1 1
    943 -23   0 -10 1 1 1
    944 -22   0 -10 1 1 1
    945 -21   0 -10 1 1 1
    946 -20   0 -10 1 1 1
    947 -19   0 -10 1 1 1
    948 -18   0 -10 1 1 1
    949 -17   0 -10 1 1 1
    950 -16   0 -10 1 1 1
    951 -15   0 -10 1 1 1
    952 -14   0 -10 1 1 1
    953 -13   0 -10 1 1 1
    954 -12   0 -10 1 1 1
    955 -11   0 -10 1 1 1
    956 -10   0 -10 1 1 1
    957  -9   0 -10 1 1 1
    958  -8   0 -10 1 1 1
    959  -7   0 -10 1 1 1
    960  -6   0 -10 1 1 1
    961  -5   0 -10 1 1 1
    962  -4   0 -10 1 1 1
    963  -3   0 -10 1 1 1
    964  -2   0 -10 1 1 1
    965  -1   0 -10 1 1 1
    966   0   0 -10 1 1 1
    967   1   0 -10 1 1 1
    968   2   0 -10 1 1 1
    969   3   0 -10 1 1 1
    970   4   0 -10 1 1 1
    971   5   0 -10 1 1 1
    972   6   0 -10 1 1 1
    973   7   0 -10 1 1 1
    974   8   0 -10 1 1 1
    975   9   0 -10 1 1 1
    976  10   0 -10 1 1 1
    977  11   0 -10 1 1 1
    978  12   0 -10 1 1 1
    979  13   0 -10 1 1 1
    980  14   0 -10 1 1 1
    981  15   0 -10 1 1 1
    982  16   0 -10 1 1 1
    983  17   0 -10 1 1 1
    984  18   0 -10 1 1 1
    985  19   0 -10 1 1 1
    986  20   0 -10 1 1 1
    987  21   0 -10 1 1 1
    988  22   0 -10 1 1 1
    989  23   0 -10 1 1 1
    990  24   0 -10 1 1 1
    991  25   0 -10 1 1 1
    992  26   0 -10 1 1 1
    993  27   0 -10 1 1 1
    994  28   0 -10 1 1 1
    995  29   0 -10 1 1 1
    996  30   0 -10 1 1 1
    997 -30   0  -9 1 1 1
    998 -29   0  -9 1 1 1
    999 -28   0  -9 1 1 1
   1000 -27   0  -9 1 1 1
   1001 -26   0  -9 1 1 1
   1002 -25   0  -9 1 1 1
   1003 -24   0  -9 1 1 1
   1004 -23   0  -9 1 1 1
   1005 -22   0  -9 1 1 1
   1006 -21   0  -9 1 1 1
   1007 -20   0  -9 1 1 1
   1008 -19   0  -9 1 1 1
   1009 -18   0  -9 1 1 1
   1010 -17   0  -9 1 1 1
   1011 -16   0  -9 1 1 1
   1012 -15   0  -9 1 1 1
   1013 -14   0  -9 1 1 1
   1014 -13   0  -9 1 1 1
   1015 -12   0  -9 1 1 1
   1016 -11   0  -9 1 1 1
   1017 -10   0  -9 1 1 1
   1018  -9   0  -9 1 1 1
   1019  -8   0  -9 1 1 1
   1020  -7   0  -9 1 1 1
   1021  -6   0  -9 1 1 1
   1022  -5   0  -9 1 1 1
   1023  -4   0  -9 1 1 1
   1024  -3   0  -9 1 1 1
   1025  -2   0  -9 1 1 1
   1026  -1   0  -9 1 1 1
   1027   0   0  -9 1 1 1
   1028   1   0  -9 1 1 1
   1029   2   0  -9 1 1 1
   1030   3   0  -9 1 1 1
   1031   4   0  -9 1 1 1
   1032   5   0  -9 1 1 1
   1033   6   0  -9 1 1 1
   1034   7   0  -9 1 1 1
   1035   8   0  -9 1 1 1
   1036   9   0  -9 1 1 1
   1037  10   0  -9 1 1 1
   1038  11   0  -9 1 1 1
   1039  12   0  -9 1 1 1
   1040  13   0  -9 1 1 1
   1041  14   0  -9 1 1 1
   1042  15   0  -9 1 1 1
   1043  16   0  -9 1 1 1
   1044  17   0  -9 1 1 1
   1045  18   0  -9 1 1 1
   1046  19   0  -9 1 1 1
   1047  20   0  -9 1 1 1
   1048  21   0  -9 1 1 1
   1049  22   0  -9 1 1 1
   1050  23   0  -9 1 1 1
   1051  24   0  -9 1 1 1
   1052  25   0  -9 1 1 1
   1053  26   0  -9 1 1 1
   1054  27   0  -9 1 1 1
   1055  28   0  -9 1 1 1
   1056  29   0  -9 1 1 1
   1057  30   0  -9 1 1 1
   1058  31   0  -9 1 1 1
   1059 -30   0  -8 1 1 1
   1060 -29   0  -8 1 1 1
   1061 -28   0  -8 1 1 1
   1062 -27   0  -8 1 1 1
   1063 -26   0  -8 1 1 1
   1064 -25   0  -8 1 1 1
   1065 -24   0  -8 1 1 1
   1066 -23   0  -8 1 1 1
   1067 -22   0  -8 1 1 1
   1068 -21   0  -8 1 1 1
   1069 -20   0  -8 1 1 1
   1070 -19   0  -8 1 1 1
   1071 -18   0  -8 1 1 1
   1072 -17   0  -8 1 1 1
   1073 -16   0  -8 1 1 1
   1074 -15   0  -8 1 1 1
   1075 -14   0  -8 1 1 1
   1076 -13   0  -8 1 1 1
   1077 -12   0  -8 1 1 1
   1078 -11   0  -8 1 1 1
   1079 -10   0  -8 1 1 1
   1080  -9   0  -8 1 1 1
   1081  -8   0  -8 1 1 1
   1082  -7   0  -8 1 1 1
   1083  -6   0  -8 1 1 1
   1084  -5   0  -8 1 1 1
   1085  -4   0  -8 1 1 1
   1086  -3   0  -8 1 1 1
   1087  -2   0  -8 1 1 1
   1088  -1   0  -8 1 1 1
   1089   0   0  -8 1 1 1
   1090   1   0  -8 1 1 1
   1091   2   0  -8 1 1 1
   1092   3   0  -8 1 1 1
   1093   4   0  -8 1 1 1
   1094   5   0  -8 1 1 1
   1095   6   0  -8 1 1 1
   1096   7   0  -8 1 1 1
   1097   8   0  -8 1 1 1
   1098   9   0  -8 1 1 1
   1099  10   0  -8 1 1 1
   1100  11   0  -8 1 1 1
   1101  12   0  -8 1 1 1
   1102  13   0  -8 1 1 1
   1103  14   0  -8 1 1 1
   1104  15   0  -8 1 1 1
   1105  16   0  -8 1 1 1
   1106  17   0  -8 1 1 1
   1107  18   0  -8 1 1 1
   1108  19   0  -8 1 1 1
   1109  20   0  -8 1 1 1
   1110  21   0  -8 1 1 1
   1111  22   0  -8 1 1 1
   1112  23   0  -8 1 1 1
   1113  24   0  -8 1 1 1
   1114  25   0  -8 1 1 1
   1115  26   0  -8 1 1 1
   1116  27   0  -8 1 1 1
   1117  28   0  -8 1 1 1
   1118  29   0  -8 1 1 1
   1119  30   0  -8 1 1 1
   1120  31   0  -8 1 1 1
   1121 -30   0  -7 1 1 1
   1122 -29   0  -7 1 1 1
   1123 -28   0  -7 1 1 1
   1124 -27   0  -7 1 1 1
   1125 -26   0  -7 1 1 1
   1126 -25   0  -7 1 1 1
   1127 -24   0  -7 1 1 1
   1128 -23   0  -7 1 1 1
   1129 -22   0  -7 1 1 1
   1130 -21   0  -7 1 1 1
   1131 -20   0  -7 1 1 1
   1132 -19   0  -7 1 1 1
   1133 -18   0  -7 1 1 1
   1134 -17   0  -7 1 1 1
   1135 -16   0  -7 1 1 1
   1136 -15   0  -7 1 1 1
   1137 -14   0  -7 1 1 1
   1138 -13   0  -7 1 1 1
   1139 -12   0  -7 1 1 1
   1140 -11   0  -7 1 1 1
   1141 -10   0  -7 1 1 1
   1142  -9   0  -7 1 1 1
   1143  -8   0  -7 1 1 1
   1144  -7   0  -7 1 1 1
   1145  -6   0  -7 1 1 1
   1146  -5   0  -7 1 1 1
   1147  -4   0  -7 1 1 1
   1148  -3   0  -7 1 1 1
   1149  -2   0  -7 1 1 1
   1150  -1   0  -7 1 1 1
   1151   0   0  -7 1 1 1
   1152   1   0  -7 1 1 1
   1153   2   0  -7 1 1 1
   1154   3   0  -7 1 1 1
   1155   4   0  -7 1 1 1
   1156   5   0  -7 1 1 1
   1157   6   0  -7 1 1 1
   1158   7   0  -7 1 1 1
   1159   8   0  -7 1 1 1
   1160   9   0  -7 1 1 1
   1161  10   0  -7 1 1 1
   1162  11   0  -7 1 1 1
   1163  12   0  -7 1 1 1
   1164  13   0  -7 1 1 1
   1165  14   0  -7 1 1 1
   1166  15   0  -7 1 1 1
   1167  16   0  -7 1 1 1
   1168  17   0  -7 1 1 1
   1169  18   0  -7 1 1 1
   1170  19   0  -7 1 1 1
   1171  20   0  -7 1 1 1
   1172  21   0  -7 1 1 1
   1173  22   0  -7 1 1 1
   1174  23   0  -7 1 1 1
   1175  24   0  -7 1 1 1
   1176  25   0  -7 1 1 1
   1177  26   0  -7 1 1 1
   1178  27   0  -7 1 1 1
   1179  28   0  -7 1 1 1
   1180  29   0  -7 1 1 1
   1181  30   0  -7 1 1 1
   1182  31   0  -7 1 1 1
   1183 -31   0  -6 1 1 1
   1184 -30   0  -6 1 1 1
   1185 -29   0  -6 1 1 1
   1186 -28   0  -6 1 1 1
   1187 -27   0  -6 1 1 1
   1188 -26   0  -6 1 1 1
   1189 -25   0  -6 1 1 1
   1190 -24   0  -6 1 1 1
   1191 -23   0  -6 1 1 1
   1192 -22   0  -6 1 1 1
   1193 -21   0  -6 1 1 1
   1194 -20   0  -6 1 1 1
   1195 -19   0  -6 1 1 1
   1196 -18   0  -6 1 1 1
   1197 -17   0  -6 1 1 1
   1198 -16   0  -6 1 1 1
   1199 -15   0  -6 1 1 1
   1200 -14   0  -6 1 1 1
   1201 -13   0  -6 1 1 1
   1202 -12   0  -6 1 1 1
   1203 -11   0  -6 1 1 1
   1204 -10   0  -6 1 1 1
   1205  -9   0  -6 1 1 1
   1206  -8   0  -6 1 1 1
   1207  -7   0  -6 1 1 1
   1208  -6   0  -6 1 1 1
   1209  -5   0  -6 1 1 1
   1210  -4   0  -6 1 1 1
   1211  -3   0  -6 1 1 1
   1212  -2   0  -6 1 1 1
   1213  -1   0  -6 1 1 1
   1214   0   0  -6 1 1 1
   1215   1   0  -6 1 1 1
   1216   2   0  -6 1 1 1
   1217   3   0  -6 1 1 1
   1218   4   0  -6 1 1 1
   1219   5   0  -6 1 1 1
   1220   6   0  -6 1 1 1
   1221   7   0  -6 1 1 1
   1222   8   0  -6 1 1 1
   1223   9   0  -6 1 1 1
   1224  10   0  -6 1 1 1
   1225  11   0  -6 1 1 1
   1226  12   0  -6 1 1 1
   1227  13   0  -6 1 1 1
   1228  14   0  -6 1 1 1
   1229  15   0  -6 1 1 1
   1230  16   0  -6 1 1 1
   1231  17   0  -6 1 1 1
   1232  18   0  -6 1 1 1
   1233  19   0  -6 1 1 1
   1234  20   0  -6 1 1 1
   1235  21   0  -6 1 1 1
   1236  22   0  -6 1 1 1
   1237  23   0  -6 1 1 1
   1238  24   0  -6 1 1 1
   1239  25   0  -6 1 1 1
   1240  26   0  -6 1 1 1
   1241  27   0  -6 1 1 1
   1242  28   0  -6 1 1 1
   1243  29   0  -6 1 1 1
   1244  30   0  -6 1 1 1
   1245  31   0  -6 1 1 1
   1246  32   0  -6 1 1 1
   1247 -31   0  -5 1 1 1
   1248 -30   0  -5 1 1 1
   1249 -29   0  -5 1 1 1
   1250 -28   0  -5 1 1 1
   1251 -27   0  -5 1 1 1
   1252 -26   0  -5 1 1 1
   1253 -25   0  -5 1 1 1
   1254 -24   0  -5 1 1 1
   1255 -23   0  -5 1 1 1
   1256 -22   0  -5 1 1 1
   1257 -21   0  -5 1 1 1
   1258 -20   0  -5 1 1 1
   1259 -19   0  -5 1 1 1
   1260 -18   0  -5 1 1 1
   1261 -17   0  -5 1 1 1
   1262 -16   0  -5 1 1 1
   1263 -15   0  -5 1 1 1
   1264 -14   0  -5 1 1 1
   1265 -13   0  -5 1 1 1
   1266 -12   0  -5 1 1 1
   1267 -11   0  -5 1 1 1
   1268 -10   0  -5 1 1 1
   1269  -9   0  -5 1 1 1
   1270  -8   0  -5 1 1 1
   1271  -7   0  -5 1 1 1
   1272  -6   0  -5 1 1 1
   1273  -5   0  -5 1 1 1
   1274  -4   0  -5 1 1 1
   1275  -3   0  -5 1 1 1
   1276  -2   0  -5 1 1 1
   1277  -1   0  -5 1 1 1
   1278   0   0  -5 1 1 1
   1279   1   0  -5 1 1 1
   1280   2   0  -5 1 1 1
   1281   3   0  -5 1 1 1
   1282   4   0  -5 1 1 1
   1283   5   0  -5 1 1 1
   1284   6   0  -5 1 1 1
   1285   7   0  -5 1 1 1
   1286   8   0  -5 1 1 1
   1287   9   0  -5 1 1 1
   1288  10   0  -5 1 1 1
   1289  11   0  -5 1 1 1
   1290  12   0  -5 1 1 1
   1291  13   0  -5 1 1 1
   1292  14   0  -5 1 1 1
   1293  15   0  -5 1 1 1
   1294  16   0  -5 1 1 1
   1295  17   0  -5 1 1 1
   1296  18   0  -5 1 1 1
   1297  19   0  -5 1 1 1
   1298  20   0  -5 1 1 1
   1299  21   0  -5 1 1 1
   1300  22   0  -5 1 1 1
   1301  23   0  -5 1 1 1
   1302  24   0  -5 1 1 1
   1303  25   0  -5 1 1 1
   1304  26   0  -5 1 1 1
   1305  27   0  -5 1 1 1
   1306  28   0  -5 1 1 1
   1307  29   0  -5 1 1 1
   1308  30   0  -5 1 1 1
   1309  31   0  -5 1 1 1
   1310  32   0  -5 1 1 1
   1311 -31   0  -4 1 1 1
   1312 -30   0  -4 1 1 1
   1313 -29   0  -4 1 1 1
   1314 -28   0  -4 1 1 1
   1315 -27   0  -4 1 1 1
   1316 -26   0  -4 1 1 1
   1317 -25   0  -4 1 1 1
   1318 -24   0  -4 1 1 1
   1319 -23   0  -4 1 1 1
   1320 -22   0  -4 1 1 1
   1321 -21   0  -4 1 1 1
   1322 -20   0  -4 1 1 1
   1323 -19   0  -4 1 1 1
   1324 -18   0  -4 1 1 1
   1325 -17   0  -4 1 1 1
   1326 -16   0  -4 1 1 1
   1327 -15   0  -4 1 1 1
   1328 -14   0  -4 1 1 1
   1329 -13   0  -4 1 1 1
   1330 -12   0  -4 1 1 1
   1331 -11   0  -4 1 1 1
   1332 -10   0  -4 1 1 1
   1333  -9   0  -4 1 1 1
   1334  -8   0  -4 1 1 1
   1335  -7   0  -4 1 1 1
   1336  -6   0  -4 1 1 1
   1337  -5   0  -4 1 1 1
   1338  -4   0  -4 1 1 1
   1339  -3   0  -4 1 1 1
   1340  -2   0  -4 1 1 1
   1341  -1   0  -4 1 1 1
   1342   0   0  -4 1 1 1
   1343   1   0  -4 1 1 1
   1344   2   0  -4 1 1 1
   1345   3   0  -4 1 1 1
   1346   4   0  -4 1 1 1
   1347   5   0  -4 1 1 1
   1348   6   0  -4 1 1 1
   1349   7   0  -4 1 1 1
   1350   8   0  -4 1 1 1
   1351   9   0  -4 1 1 1
   1352  10   0  -4 1 1 1
   1353  11   0  -4 1 1 1
   1354  12   0  -4 1 1 1
   1355  13   0  -4 1 1 1
   1356  14   0  -4 1 1 1
   1357  15   0  -4 1 1 1
   1358  16   0  -4 1 1 1
   1359  17   0  -4 1 1 1
   1360  18   0  -4 1 1 1
   1361  19   0  -4 1 1 1
   1362  20   0  -4 1 1 1
   1363  21   0  -4 1 1 1
   1364  22   0  -4 1 1 1
   1365  23   0  -4 1 1 1
   1366  24   0  -4 1 1 1
   1367  25   0  -4 1 1 1
   1368  26   0  -4 1 1 1
   1369  27   0  -4 1 1 1
   1370  28   0  -4 1 1 1
   1371  29   0  -4 1 1 1
   1372  30   0  -4 1 1 1
   1373  31   0  -4 1 1 1
   1374  32   0  -4 1 1 1
   1375 -31   0  -3 1 1 1
   1376 -30   0  -3 1 1 1
   1377 -29   0  -3 1 1 1
   1378 -28   0  -3 1 1 1
   1379 -27   0  -3 1 1 1
   1380 -26   0  -3 1 1 1
   1381 -25   0  -3 1 1 1
   1382 -24   0  -3 1 1 1
   1383 -23   0  -3 1 1 1
   1384 -22   0  -3 1 1 1
   1385 -21   0  -3 1 1 1
   1386 -20   0  -3 1 1 1
   1387 -19   0  -3 1 1 1
   1388 -18   0  -3 1 1 1
   1389 -17   0  -3 1 1 1
   1390 -16   0  -3 1 1 1
   1391 -15   0  -3 1 1 1
   1392 -14   0  -3 1 1 1
   1393 -13   0  -3 1 1 1
   1394 -12   0  -3 1 1 1
   1395 -11   0  -3 1 1 1
   1396 -10   0  -3 1 1 1
   1397  -9   0  -3 1 1 1
   1398  -8   0  -3 1 1 1
   1399  -7   0  -3 1 1 1
   1400  -6   0  -3 1 1 1
   1401  -5   0  -3 1 1 1
   1402  -4   0  -3 1 1 1
   1403  -3   0  -3 1 1 1
   1404  -2   0  -3 1 1 1
   1405  -1   0  -3 1 1 1
   1406   0   0  -3 1 1 1
   1407   1   0  -3 1 1 1
   1408   2   0  -3 1 1 1
   1409   3   0  -3 1 1 1
   1410   4   0  -3 1 1 1
   1411   5   0  -3 1 1 1
   1412   6   0  -3 1 1 1
   1413   7   0  -3 1 1 1
   1414   8   0  -3 1 1 1
   1415   9   0  -3 1 1 1
   1416  10   0  -3 1 1 1
   1417  11   0  -3 1 1 1
   1418  12   0  -3 1 1 1
   1419  13   0  -3 1 1 1
   1420  14   0  -3 1 1 1
   1421  15   0  -3 1 1 1
   1422  16   0  -3 1 1 1
   1423  17   0  -3 1 1 1
   1424  18   0  -3 1 1 1
   1425  19   0  -3 1 1 1
   1426  20   0  -3 1 1 1
   1427  21   0  -3 1 1 1
   1428  22   0  -3 1 1 1
   1429  23   0  -3 1 1 1
   1430  24   0  -3 1 1 1
   1431  25   0  -3 1 1 1
   1432  26   0  -3 1 1 1
   1433  27   0  -3 1 1 1
   1434  28   0  -3 1 1 1
   1435  29   0  -3 1 1 1
   1436  30   0  -3 1 1 1
   1437  31   0  -3 1 1 1
   1438  32   0  -3 1 1 1
   1439 -31   0  -2 1 1 1
   1440 -30   0  -2 1 1 1
   1441 -29   0  -2 1 1 1
   1442 -28   0  -2 1 1 1
   1443 -27   0  -2 1 1 1
   1444 -26   0  -2 1 1 1
   1445 -25   0  -2 1 1 1
   1446 -24   0  -2 1 1 1
   1447 -23   0  -2 1 1 1
   1448 -22   0  -2 1 1 1
   1449 -21   0  -2 1 1 1
   1450 -20   0  -2 1 1 1
   1451 -19   0  -2 1 1 1
   1452 -18   0  -2 1 1 1
   1453 -17   0  -2 1 1 1
   1454 -16   0  -2 1 1 1
   1455 -15   0  -2 1 1 1
   1456 -14   0  -2 1 1 1
   1457 -13   0  -2 1 1 1
   1458 -12   0  -2 1 1 1
   1459 -11   0  -2 1 1 1
   1460 -10   0  -2 1 1 1
   1461  -9   0  -2 1 1 1
   1462  -8   0  -2 1 1 1
   1463  -7   0  -2 1 1 1
   1464  -6   0  -2 1 1 1
   1465  -5   0  -2 1 1 1
   1466  -4   0  -2 1 1 1
   1467  -3   0  -2 1 1 1
   1468  -2   0  -2 1 1 1
   1469  -1   0  -2 1 1 1
   1470   0   0  -2 1 1 1
   1471   1   0  -2 1 1 1
   1472   2   0  -2 1 1 1
   1473   3   0  -2 1 1 1
   1474   4   0  -2 1 1 1
   1475   5   0  -2 1 1 1
   1476   6   0  -2 1 1 1
   1477   7   0  -2 1 1 1
   1478   8   0  -2 1 1 1
   1479   9   0  -2 1 1 1
   1480  10   0  -2 1 1 1
   1481  11   0  -2 1 1 1
   1482  12   0  -2 1 1 1
   1483  13   0  -2 1 1 1
   1484  14   0  -2 1 1 1
   1485  15   0  -2 1 1 1
   1486  16   0  -2 1 1 1
   1487  17   0  -2 1 1 1
   1488  18   0  -2 1 1 1
   1489  19   0  -2 1 1 1
   1490  20   0  -2 1 1 1
   1491  21   0  -2 1 1 1
   1492  22   0  -2 1 1 1
   1493  23   0  -2 1 1 1
   1494  24   0  -2 1 1 1
   1495  25   0  -2 1 1 1
   1496  26   0  -2 1 1 1
   1497  27   0  -2 1 1 1
   1498  28   0  -2 1 1 1
   1499  29   0  -2 1 1 1
   1500  30   0  -2 1 1 1
   1501  31   0  -2 1 1 1
   1502  32   0  -2 1 1 1
   1503 -31   0  -1 1 1 1
   1504 -30   0  -1 1 1 1
   1505 -29   0  -1 1 1 1
   1506 -28   0  -1 1 1 1
   1507 -27   0  -1 1 1 1
   1508 -26   0  -1 1 1 1
   1509 -25   0  -1 1 1 1
   1510 -24   0  -1 1 1 1
   1511 -23   0  -1 1 1 1
   1512 -22   0  -1 1 1 1
   1513 -21   0  -1 1 1 1
   1514 -20   0  -1 1 1 1
   1515 -19   0  -1 1 1 1
   1516 -18   0  -1 1 1 1
   1517 -17   0  -1 1 1 1
   1518 -16   0  -1 1 1 1
   1519 -15   0  -1 1 1 1
   1520 -14   0  -1 1 1 1
   1521 -13   0  -1 1 1 1
   1522 -12   0  -1 1 1 1
   1523 -11   0  -1 1 1 1
   1524 -10   0  -1 1 1 1
   1525  -9   0  -1 1 1 1
   1526  -8   0  -1 1 1 1
   1527  -7   0  -1 1 1 1
   1528  -6   0  -1 1 1 1
   1529  -5   0  -1 1 1 1
   1530  -4   0  -1 1 1 1
   1531  -3   0  -1 1 1 1
   1532  -2   0  -1 1 1 1
   1533  -1   0  -1 1 1 1
   1534   0   0  -1 1 1 1
   1535   1   0  -1 1 1 1
   1536   2   0  -1 1 1 1
   1537   3   0  -1 1 1 1
   1538   4   0  -1 1 1 1
   1539   5   0  -1 1 1 1
   1540   6   0  -1 1 1 1
   1541   7   0  -1 1 1 1
   1542   8   0  -1 1 1 1
   1543   9   0  -1 1 1 1
   1544  10   0  -1 1 1 1
   1545  11   0  -1 1 1 1
   1546  12   0  -1 1 1 1
   1547  13   0  -1 1 1 1
   1548  14   0  -1 1 1 1
   1549  15   0  -1 1 1 1
   1550  16   0  -1 1 1 1
   1551  17   0  -1 1 1 1
   1552  18   0  -1 1 1 1
   1553  19   0  -1 1 1 1
   1554  20   0  -1 1 1 1
   1555  21   0  -1 1 1 1
   1556  22   0  -1 1 1 1
   1557  23   0  -1 1 1 1
   1558  24   0  -1 1 1 1
   1559  25   0  -1 1 1 1
   1560  26   0  -1 1 1 1
   1561  27   0  -1 1 1 1
   1562  28   0  -1 1 1 1
   1563  29   0  -1 1 1 1
   1564  30   0  -1 1 1 1
   1565  31   0  -1 1 1 1
   1566  32   0  -1 1 1 1
   1567 -31   0   0 1 1 1
   1568 -30   0   0 1 1 1
   1569 -29   0   0 1 1 1
   1570 -28   0   0 1 1 1
   1571 -27   0   0 1 1 1
   1572 -26   0   0 1 1 1
   1573 -25   0   0 1 1 1
   1574 -24   0   0 1 1 1
   1575 -23   0   0 1 1 1
   1576 -22   0   0 1 1 1
   1577 -21   0   0 1 1 1
   1578 -20   0   0 1 1 1
   1579 -19   0   0 1 1 1
   1580 -18   0   0 1 1 1
   1581 -17   0   0 1 1 1
   1582 -16   0   0 1 1 1
   1583 -15   0   0 1 1 1
   1584 -14   0   0 1 1 1
   1585 -13   0   0 1 1 1
   1586 -12   0   0 1 1 1
   1587 -11   0   0 1 1 1
   1588 -10   0   0 1 1 1
   1589  -9   0   0 1 1 1
   1590  -8   0   0 1 1 1
   1591  -7   0   0 1 1 1
   1592  -6   0   0 1 1 1
   1593  -5   0   0 1 1 1
   1594  -4   0   0 1 1 1
   1595  -3   0   0 1 1 1
   1596  -2   0   0 1 1 1
   1597  -1   0   0 1 1 1
   1598   0   0   0 1 1 1
   1599   1   0   0 1 1 1
   1600   2   0   0 1 1 1
   1601   3   0   0 1 1 1
   1602   4   0   0 1 1 1
   1603   5   0   0 1 1 1
   1604   6   0   0 1 1 1
   1605   7   0   0 1 1 1
   1606   8   0   0 1 1 1
   1607   9   0   0 1 1 1
   1608  10   0   0 1 1 1
   1609  11   0   0 1 1 1
   1610  12   0   0 1 1 1
   1611  13   0   0 1 1 1
   1612  14   0   0 1 1 1
   1613  15   0   0 1 1 1
   1614  16   0   0 1 1 1
   1615  17   0   0 1 1 1
   1616  18   0   0 1 1 1
   1617  19   0   0 1 1 1
   1618  20   0   0 1 1 1
   1619  21   0   0 1 1 1
   1620  22   0   0 1 1 1
   1621  23   0   0 1 1 1
   1622  24   0   0 1 1 1
   1623  25   0   0 1 1 1
   1624  26   0   0 1 1 1
   1625  27   0   0 1 1 1
   1626  28   0   0 1 1 1
   1627  29   0   0 1 1 1
   1628  30   0   0 1 1 1
   1629  31   0   0 1 1 1
   1630  32   0   0 1 1 1
   1631 -31   0   1 1 1 1
   1632 -30   0   1 1 1 1
   1633 -29   0   1 1 1 1
   1634 -28   0   1 1 1 1
   1635 -27   0   1 1 1 1
   1636 -26   0   1 1 1 1
   1637 -25   0   1 1 1 1
   1638 -24   0   1 1 1 1
   1639 -23   0   1 1 1 1
   1640 -22   0   1 1 1 1
   1641 -21   0   1 1 1 1
   1642 -20   0   1 1 1 1
   1643 -19   0   1 1 1 1
   1644 -18   0   1 1 1 1
   1645 -17   0   1 1 1 1
   1646 -16   0   1 1 1 1
   1647 -15   0   1 1 1 1
   1648 -14   0   1 1 1 1
   1649 -13   0   1 1 1 1
   1650 -12   0   1 1 1 1
   1651 -11   0   1 1 1 1
   1652 -10   0   1 1 1 1
   1653  -9   0   1 1 1 1
   1654  -8   0   1 1 1 1
   1655  -7   0   1 1 1 1
   1656  -6   0   1 1 1 1
   1657  -5   0   1 1 1 1
   1658  -4   0   1 1 1 1
   1659  -3   0   1 1 1 1
   1660  -2   0   1 1 1 1
   1661  -1   0   1 1 1 1
   1662   0   0   1 1 1 1
   1663   1   0   1 1 1 1
   1664   2   0   1 1 1 1
   1665   3   0   1 1 1 1
   1666   4   0   1 1 1 1
   1667   5   0   1 1 1 1
   1668   6   0   1 1 1 1
   1669   7   0   1 1 1 1
   1670   8   0   1 1 1 1
   1671   9   0   1 1 1 1
   1672  10   0   1 1 1 1
   1673  11   0   1 1 1 1
   1674  12   0   1 1 1 1
   1675  13   0   1 1 1 1
   1676  14   0   1 1 1 1
   1677  15   0   1 1 1 1
   1678  16   0   1 1 1 1
   1679  17   0   1 1 1 1
   1680  18   0   1 1 1 1
   1681  19   0   1 1 1 1
   1682  20   0   1 1 1 1
   1683  21   0   1 1 1 1
   1684  22   0   1 1 1 1
   1685  23   0   1 1 1 1
   1686  24   0   1 1 1 1
   1687  25   0   1 1 1 1
   1688  26   0   1 1 1 1
   1689  27   0   1 1 1 1
   1690  28   0   1 1 1 1
   1691  29   0   1 1 1 1
   1692  30   0   1 1 1 1
   1693  31   0   1 1 1 1
   1694  32   0   1 1 1 1
   1695 -31   0   2 1 1 1
   1696 -30   0   2 1 1 1
   1697 -29   0   2 1 1 1
   1698 -28   0   2 1 1 1
   1699 -27   0   2 1 1 1
   1700 -26   0   2 1 1 1
   1701 -25   0   2 1 1 1
   1702 -24   0   2 1 1 1
   1703 -23   0   2 1 1 1
   1704 -22   0   2 1 1 1
   1705 -21   0   2 1 1 1
   1706 -20   0   2 1 1 1
   1707 -19   0   2 1 1 1
   1708 -18   0   2 1 1 1
   1709 -17   0   2 1 1 1
   1710 -16   0   2 1 1 1
   1711 -15   0   2 1 1 1
   1712 -14   0   2 1 1 1
   1713 -13   0   2 1 1 1
   1714 -12   0   2 1 1 1
   1715 -11   0   2 1 1 1
   1716 -10   0   2 1 1 1
   1717  -9   0   2 1 1 1
   1718  -8   0   2 1 1 1
   1719  -7   0   2 1 1 1
   1720  -6   0   2 1 1 1
   1721  -5   0   2 1 1 1
   1722  -4   0   2 1 1 1
   1723  -3   0   2 1 1 1
   1724  -2   0   2 1 1 1
   1725  -1   0   2 1 1 1
   1726   0   0   2 1 1 1
   1727   1   0   2 1 1 1
   1728   2   0   2 1 1 1
   1729   3   0   2 1 1 1
   1730   4   0   2 1 1 1
   1731   5   0   2 1 1 1
   1732   6   0   2 1 1 1
   1733   7   0   2 1 1 1
   1734   8   0   2 1 1 1
   1735   9   0   2 1 1 1
   1736  10   0   2 1 1 1
   1737  11   0   2 1 1 1
   1738  12   0   2 1 1 1
   1739  13   0   2 1 1 1
   1740  14   0   2 1 1 1
   1741  15   0   2 1 1 1
   1742  16   0   2 1 1 1
   1743  17   0   2 1 1 1
   1744  18   0   2 1 1 1
   1745  19   0   2 1 1 1
   1746  20   0   2 1 1 1
   1747  21   0   2 1 1 1
   1748  22   0   2 1 1 1
   1749  23   0   2 1 1 1
   1750  24   0   2 1 1 1
   1751  25   0   2 1 1 1
   1752  26   0   2 1 1 1
   1753  27   0   2 1 1 1
   1754  28   0   2 1 1 1
   1755  29   0   2 1 1 1
   1756  30   0   2 1 1 1
   1757  31   0   2 1 1 1
   1758  32   0   2 1 1 1
   1759 -31   0   3 1 1 1
   1760 -30   0   3 1 1 1
   1761 -29   0   3 1 1 1
   1762 -28   0   3 1 1 1
   1763 -27   0   3 1 1 1
   1764 -26   0   3 1 1 1
   1765 -25   0   3 1 1 1
   1766 -24   0   3 1 1 1
   1767 -23   0   3 1 1 1
   1768 -22   0   3 1 1 1
   1769 -21   0   3 1 1 1
   1770 -20   0   3 1 1 1
   1771 -19   0   3 1 1 1
   1772 -18   0   3 1 1 1
   1773 -17   0   3 1 1 1
   1774 -16   0   3 1 1 1
   1775 -15   0   3 1 1 1
   1776 -14   0   3 1 1 1
   1777 -13   0   3 1 1 1
   1778 -12   0   3 1 1 1
   1779 -11   0   3 1 1 1
   1780 -10   0   3 1 1 1
   1781  -9   0   3 1 1 1
   1782  -8   0   3 1 1 1
   1783  -7   0   3 1 1 1
   1784  -6   0   3 1 1 1
   1785  -5   0   3 1 1 1
   1786  -4   0   3 1 1 1
   1787  -3   0   3 1 1 1
   1788  -2   0   3 1 1 1
   1789  -1   0   3 1 1 1
   1790   0   0   3 1 1 1
   1791   1   0   3 1 1 1
   1792   2   0   3 1 1 1
   1793   3   0   3 1 1 1
   1794   4   0   3 1 1 1
   1795   5   0   3 1 1 1
   1796   6   0   3 1 1 1
   1797   7   0   3 1 1 1
   1798   8   0   3 1 1 1
   1799   9   0   3 1 1 1
   1800  10   0   3 1 1 1
   1801  11   0   3 1 1 1
   1802  12   0   3 1 1 1
   1803  13   0   3 1 1 1
   1804  14   0   3 1 1 1
   1805  15   0   3 1 1 1
   1806  16   0   3 1 1 1
   1807  17   0   3 1 1 1
   1808  18   0   3 1 1 1
   1809  19   0   3 1 1 1
   1810  20   0   3 1 1 1
   1811  21   0   3 1 1 1
   1812  22   0   3 1 1 1
   1813  23   0   3 1 1 1
   1814  24   0   3 1 1 1
   1815  25   0   3 1 1 1
   1816  26   0   3 1 1 1
   1817  27   0   3 1 1 1
   1818  28   0   3 1 1 1
   1819  29   0   3 1 1 1
   1820  30   0   3 1 1 1
   1821  31   0   3 1 1 1
   1822  32   0   3 1 1 1
   1823 -31   0   4 1 1 1
   1824 -30   0   4 1 1 1
   1825 -29   0   4 1 1 1
   1826 -28   0   4 1 1 1
   1827 -27   0   4 1 1 1
   1828 -26   0   4 1 1 1
   1829 -25   0   4 1 1 1
   1830 -24   0   4 1 1 1
   1831 -23   0   4 1 1 1
   1832 -22   0   4 1 1 1
   1833 -21   0   4 1 1 1
   1834 -20   0   4 1 1 1
   1835 -19   0   4 1 1 1
   1836 -18   0   4 1 1 1
   1837 -17   0   4 1 1 1
   1838 -16   0   4 1 1 1
   1839 -15   0   4 1 1 1
   1840 -14   0   4 1 1 1
   1841 -13   0   4 1 1 1
   1842 -12   0   4 1 1 1
   1843 -11   0   4 1 1 1
   1844 -10   0   4 1 1 1
   1845  -9   0   4 1 1 1
   1846  -8   0   4 1 1 1
   1847  -7   0   4 1 1 1
   1848  -6   0   4 1 1 1
   1849  -5   0   4 1 1 1
   1850  -4   0   4 1 1 1
   1851  -3   0   4 1 1 1
   1852  -2   0   4 1 1 1
   1853  -1   0   4 1 1 1
   1854   0   0   4 1 1 1
   1855   1   0   4 1 1 1
   1856   2   0   4 1 1 1
   1857   3   0   4 1 1 1
   1858   4   0   4 1 1 1
   1859   5   0   4 1 1 1
   1860   6   0   4 1 1 1
   1861   7   0   4 1 1 1
   1862   8   0   4 1 1 1
   1863   9   0   4 1 1 1
   1864  10   0   4 1 1 1
   1865  11   0   4 1 1 1
   1866  12   0   4 1 1 1
   1867  13   0   4 1 1 1
   1868  14   0   4 1 1 1
   1869  15   0   4 1 1 1
   1870  16   0   4 1 1 1
   1871  17   0   4 1 1 1
   1872  18   0   4 1 1 1
   1873  19   0   4 1 1 1
   1874  20   0   4 1 1 1
   1875  21   0   4 1 1 1
   1876  22   0   4 1 1 1
   1877  23   0   4 1 1 1
   1878  24   0   4 1 1 1
   1879  25   0   4 1 1 1
   1880  26   0   4 1 1 1
   1881  27   0   4 1 1 1
   1882  28   0   4 1 1 1
   1883  29   0   4 1 1 1
   1884  30   0   4 1 1 1
   1885  31   0   4 1 1 1
   1886  32   0   4 1 1 1
   1887 -31   0   5 1 1 1
   1888 -30   0   5 1 1 1
   1889 -29   0   5 1 1 1
   1890 -28   0   5 1 1 1
   1891 -27   0   5 1 1 1
   1892 -26   0   5 1 1 1
   1893 -25   0   5 1 1 1
   1894 -24   0   5 1 1 1
   1895 -23   0   5 1 1 1
   1896 -22   0   5 1 1 1
   1897 -21   0   5 1 1 1
   1898 -20   0   5 1 1 1
   1899 -19   0   5 1 1 1
   1900 -18   0   5 1 1 1
   1901 -17   0   5 1 1 1
   1902 -16   0   5 1 1 1
   1903 -15   0   5 1 1 1
   1904 -14   0   5 1 1 1
   1905 -13   0   5 1 1 1
   1906 -12   0   5 1 1 1
   1907 -11   0   5 1 1 1
   1908 -10   0   5 1 1 1
   1909  -9   0   5 1 1 1
   1910  -8   0   5 1 1 1
   1911  -7   0   5 1 1 1
   1912  -6   0   5 1 1 1
   1913  -5   0   5 1 1 1
   1914  -4   0   5 1 1 1
   1915  -3   0   5 1 1 1
   1916  -2   0   5 1 1 1
   1917  -1   0   5 1 1 1
   1918   0   0   5 1 1 1
   1919   1   0   5 1 1 1
   1920   2   0   5 1 1 1
   1921   3   0   5 1 1 1
   1922   4   0   5 1 1 1
   1923   5   0   5 1 1 1
   1924   6   0   5 1 1 1
   1925   7   0   5 1 1 1
   1926   8   0   5 1 1 1
   1927   9   0   5 1 1 1
   1928  10   0   5 1 1 1
   1929  11   0   5 1 1 1
   1930  12   0   5 1 1 1
   1931  13   0   5 1 1 1
   1932  14   0   5 1 1 1
   1933  15   0   5 1 1 1
   1934  16   0   5 1 1 1
   1935  17   0   5 1 1 1
   1936  18   0   5 1 1 1
   1937  19   0   5 1 1 1
   1938  20   0   5 1 1 1
   1939  21   0   5 1 1 1
   1940  22   0   5 1 1 1
   1941  23   0   5 1 1 1
   1942  24   0   5 1 1 1
   1943  25   0   5 1 1 1
   1944  26   0   5 1 1 1
   1945  27   0   5 1 1 1
   1946  28   0   5 1 1 1
   1947  29   0   5 1 1 1
   1948  30   0   5 1 1 1
   1949  31   0   5 1 1 1
   1950  32   0   5 1 1 1
   1951 -31   0   6 1 1 1
   1952 -30   0   6 1 1 1
   1953 -29   0   6 1 1 1
   1954 -28   0   6 1 1 1
   1955 -27   0   6 1 1 1
   1956 -26   0   6 1 1 1
   1957 -25   0   6 1 1 1
   1958 -24   0   6 1 1 1
   1959 -23   0   6 1 1 1
   1960 -22   0   6 1 1 1
   1961 -21   0   6 1 1 1
   1962 -20   0   6 1 1 1
   1963 -19   0   6 1 1 1
   1964 -18   0   6 1 1 1
   1965 -17   0   6 1 1 1
   1966 -16   0   6 1 1 1
   1967 -15   0   6 1 1 1
   1968 -14   0   6 1 1 1
   1969 -13   0   6 1 1 1
   1970 -12   0   6 1 1 1
   1971 -11   0   6 1 1 1
   1972 -10   0   6 1 1 1
   1973  -9   0   6 1 1 1
   1974  -8   0   6 1 1 1
   1975  -7   0   6 1 1 1
   1976  -6   0   6 1 1 1
   1977  -5   0   6 1 1 1
   1978  -4   0   6 1 1 1
   1979  -3   0   6 1 1 1
   1980  -2   0   6 1 1 1
   1981  -1   0   6 1 1 1
   1982   0   0   6 1 1 1
   1983   1   0   6 1 1 1
   1984   2   0   6 1 1 1
   1985   3   0   6 1 1 1
   1986   4   0   6 1 1 1
   1987   5   0   6 1 1 1
   1988   6   0   6 1 1 1
   1989   7   0   6 1 1 1
   1990   8   0   6 1 1 1
   1991   9   0   6 1 1 1
   1992  10   0   6 1 1 1
   1993  11   0   6 1 1 1
   1994  12   0   6 1 1 1
   1995  13   0   6 1 1 1
   1996  14   0   6 1 1 1
   1997  15   0   6 1 1 1
   1998  16   0   6 1 1 1
   1999  17   0   6 1 1 1
   2000  18   0   6 1 1 1
   2001  19   0   6 1 1 1
   2002  20   0   6 1 1 1
   2003  21   0   6 1 1 1
   2004  22   0   6 1 1 1
   2005  23   0   6 1 1 1
   2006  24   0   6 1 1 1
   2007  25   0   6 1 1 1
   2008  26   0   6 1 1 1
   2009  27   0   6 1 1 1
   2010  28   0   6 1 1 1
   2011  29   0   6 1 1 1
   2012  30   0   6 1 1 1
   2013  31   0   6 1 1 1
   2014  32   0   6 1 1 1
   2015 -31   0   7 1 1 1
   2016 -30   0   7 1 1 1
   2017 -29   0   7 1 1 1
   2018 -28   0   7 1 1 1
   2019 -27   0   7 1 1 1
   2020 -26   0   7 1 1 1
   2021 -25   0   7 1 1 1
   2022 -24   0   7 1 1 1
   2023 -23   0   7 1 1 1
   2024 -22   0   7 1 1 1
   2025 -21   0   7 1 1 1
   2026 -20   0   7 1 1 1
   2027 -19   0   7 1 1 1
   2028 -18   0   7 1 1 1
   2029 -17   0   7 1 1 1
   2030 -16   0   7 1 1 1
   2031 -15   0   7 1 1 1
   2032 -14   0   7 1 1 1
   2033 -13   0   7 1 1 1
   2034 -12   0   7 1 1 1
   2035 -11   0   7 1 1 1
   2036 -10   0   7 1 1 1
   2037  -9   0   7 1 1 1
   2038  -8   0   7 1 1 1
   2039  -7   0   7 1 1 1
   2040  -6   0   7 1 1 1
   2041  -5   0   7 1 1 1
   2042  -4   0   7 1 1 1
   2043  -3   0   7 1 1 1
   2044  -2   0   7 1 1 1
   2045  -1   0   7 1 1 1
   2046   0   0   7 1 1 1
   2047   1   0   7 1 1 1
   2048   2   0   7 1 1 1
   2049   3   0   7 1 1 1
   2050   4   0   7 1 1 1
   2051   5   0   7 1 1 1
   2052   6   0   7 1 1 1
   2053   7   0   7 1 1 1
   2054   8   0   7 1 1 1
   2055   9   0   7 1 1 1
   2056  10   0   7 1 1 1
   2057  11   0   7 1 1 1
   2058  12   0   7 1 1 1
   2059  13   0   7 1 1 1
   2060  14   0   7 1 1 1
   2061  15   0   7 1 1 1
   2062  16   0   7 1 1 1
   2063  17   0   7 1 1 1
   2064  18   0   7 1 1 1
   2065  19   0   7 1 1 1
   2066  20   0   7 1 1 1
   2067  21   0   7 1 1 1
   2068  22   0   7 1 1 1
   2069  23   0   7 1 1 1
   2070  24   0   7 1 1 1
   2071  25   0   7 1 1 1
   2072  26   0   7 1 1 1
   2073  27   0   7 1 1 1
   2074  28   0   7 1 1 1
   2075  29   0   7 1 1 1
   2076  30   0   7 1 1 1
   2077  31   0   7 1 1 1
   2078  32   0   7 1 1 1
   2079 -30   0   8 1 1 1
   2080 -29   0   8 1 1 1
   2081 -28   0   8 1 1 1
   2082 -27   0   8 1 1 1
   2083 -26   0   8 1 1 1
   2084 -25   0   8 1 1 1
   2085 -24   0   8 1 1 1
   2086 -23   0   8 1 1 1
   2087 -22   0   8 1 1 1
   2088 -21   0   8 1 1 1
   2089 -20   0   8 1 1 1
   2090 -19   0   8 1 1 1
   2091 -18   0   8 1 1 1
   2092 -17   0   8 1 1 1
   2093 -16   0   8 1 1 1
   2094 -15   0   8 1 1 1
   2095 -14   0   8 1 1 1
   2096 -13   0   8 1 1 1
   2097 -12   0   8 1 1 1
   2098 -11   0   8 1 1 1
   2099 -10   0   8 1 1 1
   2100  -9   0   8 1 1 1
   2101  -8   0   8 1 1 1
   2102  -7   0   8 1 1 1
   2103  -6   0   8 1 1 1
   2104  -5   0   8 1 1 1
   2105  -4   0   8 1 1 1
   2106  -3   0   8 1 1 1
   2107  -2   0   8 1 1 1
   2108  -1   0   8 1 1 1
   2109   0   0   8 1 1 1
   2110   1   0   8 1 1 1
   2111   2   0   8 1 1 1
   2112   3   0   8 1 1 1
   2113   4   0   8 1 1 1
   2114   5   0   8 1 1 1
   2115   6   0   8 1 1 1
   2116   7   0   8 1 1 1
   2117   8   0   8 1 1 1
   2118   9   0   8 1 1 1
   2119  10   0   8 1 1 1
   2120  11   0   8 1 1 1
   2121  12   0   8 1 1 1
   2122  13   0   8 1 1 1
   2123  14   0   8 1 1 1
   2124  15   0   8 1 1 1
   2125  16   0   8 1 1 1
   2126  17   0   8 1 1 1
   2127  18   0   8 1 1 1
   2128  19   0   8 1 1 1
   2129  20   0   8 1 1 1
   2130  21   0   8 1 1 1
   2131  22   0   8 1 1 1
   2132  23   0   8 1 1 1
   2133  24   0   8 1 1 1
   2134  25   0   8 1 1 1
   2135  26   0   8 1 1 1
   2136  27   0   8 1 1 1
   2137  28   0   8 1 1 1
   2138  29   0   8 1 1 1
   2139  30   0   8 1 1 1
   2140  31   0   8 1 1 1
   2141 -30   0   9 1 1 1
   2142 -29   0   9 1 1 1
   2143 -28   0   9 1 1 1
   2144 -27   0   9 1 1 1
   2145 -26   0   9 1 1 1
   2146 -25   0   9 1 1 1
   2147 -24   0   9 1 1 1
   2148 -23   0   9 1 1 1
   2149 -22   0   9 1 1 1
   2150 -21   0   9 1 1 1
   2151 -20   0   9 1 1 1
   2152 -19   0   9 1 1 1
   2153 -18   0   9 1 1 1
   2154 -17   0   9 1 1 1
   2155 -16   0   9 1 1 1
   2156 -15   0   9 1 1 1
   2157 -14   0   9 1 1 1
   2158 -13   0   9 1 1 1
   2159 -12   0   9 1 1 1
   2160 -11   0   9 1 1 1
   2161 -10   0   9 1 1 1
   2162  -9   0   9 1 1 1
   2163  -8   0   9 1 1 1
   2164  -7   0   9 1 1 1
   2165  -6   0   9 1 1 1
   2166  -5   0   9 1 1 1
   2167  -4   0   9 1 1 1
   2168  -3   0   9 1 1 1
   2169  -2   0   9 1 1 1
   2170  -1   0   9 1 1 1
   2171   0   0   9 1 1 1
   2172   1   0   9 1 1 1
   2173   2   0   9 1 1 1
   2174   3   0   9 1 1 1
   2175   4   0   9 1 1 1
   2176   5   0   9 1 1 1
   2177   6   0   9 1 1 1
   2178   7   0   9 1 1 1
   2179   8   0   9 1 1 1
   2180   9   0   9 1 1 1
   2181  10   0   9 1 1 1
   2182  11   0   9 1 1 1
   2183  12   0   9 1 1 1
   2184  13   0   9 1 1 1
   2185  14   0   9 1 1 1
   2186  15   0   9 1 1 1
   2187  16   0   9 1 1 1
   2188  17   0   9 1 1 1
   2189  18   0   9 1 1 1
   2190  19   0   9 1 1 1
   2191  20   0   9 1 1 1
   2192  21   0   9 1 1 1
   2193  22   0   9 1 1 1
   2194  23   0   9 1 1 1
   2195  24   0   9 1 1 1
   2196  25   0   9 1 1 1
   2197  26   0   9 1 1 1
   2198  27   0   9 1 1 1
   2199  28   0   9 1 1 1
   2200  29   0   9 1 1 1
   2201  30   0   9 1 1 1
   2202  31   0   9 1 1 1
   2203 -30   0  10 1 1 1
   2204 -29   0  10 1 1 1
   2205 -28   0  10 1 1 1
   2206 -27   0  10 1 1 1
   2207 -26   0  10 1 1 1
   2208 -25   0  10 1 1 1
   2209 -24   0  10 1 1 1
   2210 -23   0  10 1 1 1
   2211 -22   0  10 1 1 1
   2212 -21   0  10 1 1 1
   2213 -20   0  10 1 1 1
   2214 -19   0  10 1 1 1
   2215 -18   0  10 1 1 1
   2216 -17   0  10 1 1 1
   2217 -16   0  10 1 1 1
   2218 -15   0  10 1 1 1
   2219 -14   0  10 1 1 1
   2220 -13   0  10 1 1 1
   2221 -12   0  10 1 1 1
   2222 -11   0  10 1 1 1
   2223 -10   0  10 1 1 1
   2224  -9   0  10 1 1 1
   2225  -8   0  10 1 1 1
   2226  -7   0  10 1 1 1
   2227  -6   0  10 1 1 1
   2228  -5   0  10 1 1 1
   2229  -4   0  10 1 1 1
   2230  -3   0  10 1 1 1
   2231  -2   0  10 1 1 1
   2232  -1   0  10 1 1 1
   2233   0   0  10 1 1 1
   2234   1   0  10 1 1 1
   2235   2   0  10 1 1 1
   2236   3   0  10 1 1 1
   2237   4   0  10 1 1 1
   2238   5   0  10 1 1 1
   2239   6   0  10 1 1 1
   2240   7   0  10 1 1 1
   2241   8   0  10 1 1 1
   2242   9   0  10 1 1 1
   2243  10   0  10 1 1 1
   2244  11   0  10 1 1 1
   2245  12   0  10 1 1 1
   2246  13   0  10 1 1 1
   2247  14   0  10 1 1 1
   2248  15   0  10 1 1 1
   2249  16   0  10 1 1 1
   2250  17   0  10 1 1 1
   2251  18   0  10 1 1 1
   2252  19   0  10 1 1 1
   2253  20   0  10 1 1 1
   2254  21   0  10 1 1 1
   2255  22   0  10 1 1 1
   2256  23   0  10 1 1 1
   2257  24   0  10 1 1 1
   2258  25   0  10 1 1 1
   2259  26   0  10 1 1 1
   2260  27   0  10 1 1 1
   2261  28   0  10 1 1 1
   2262  29   0  10 1 1 1
   2263  30   0  10 1 1 1
   2264  31   0  10 1 1 1
   2265 -29   0  11 1 1 1
   2266 -28   0  11 1 1 1
   2267 -27   0  11 1 1 1
   2268 -26   0  11 1 1 1
   2269 -25   0  11 1 1 1
   2270 -24   0  11 1 1 1
   2271 -23   0  11 1 1 1
   2272 -22   0  11 1 1 1
   2273 -21   0  11 1 1 1
   2274 -20   0  11 1 1 1
   2275 -19   0  11 1 1 1
   2276 -18   0  11 1 1 1
   2277 -17   0  11 1 1 1
   2278 -16   0  11 1 1 1
   2279 -15   0  11 1 1 1
   2280 -14   0  11 1 1 1
   2281 -13   0  11 1 1 1
   2282 -12   0  11 1 1 1
   2283 -11   0  11 1 1 1
   2284 -10   0  11 1 1 1
   2285  -9   0  11 1 1 1
   2286  -8   0  11 1 1 1
   2287  -7   0  11 1 1 1
   2288  -6   0  11 1 1 1
   2289  -5   0  11 1 1 1
   2290  -4   0  11 1 1 1
   2291  -3   0  11 1 1 1
   2292  -2   0  11 1 1 1
   2293  -1   0  11 1 1 1
   2294   0   0  11 1 1 1
   2295   1   0  11 1 1 1
   2296   2   0  11 1 1 1
   2297   3   0  11 1 1 1
   2298   4   0  11 1 1 1
   2299   5   0  11 1 1 1
   2300   6   0  11 1 1 1
   2301   7   0  11 1 1 1
   2302   8   0  11 1 1 1
   2303   9   0  11 1 1 1
   2304  10   0  11 1 1 1
   2305  11   0  11 1 1 1
   2306  12   0  11 1 1 1
   2307  13   0  11 1 1 1
   2308  14   0  11 1 1 1
   2309  15   0  11 1 1 1
   2310  16   0  11 1 1 1
   2311  17   0  11 1 1 1
   2312  18   0  11 1 1 1
   2313  19   0  11 1 1 1
   2314  20   0  11 1 1 1
   2315  21   0  11 1 1 1
   2316  22   0  11 1 1 1
   2317  23   0  11 1 1 1
   2318  24   0  11 1 1 1
   2319  25   0  11 1 1 1
   2320  26   0  11 1 1 1
   2321  27   0  11 1 1 1
   2322  28   0  11 1 1 1
   2323  29   0  11 1 1 1
   2324  30   0  11 1 1 1
   2325 -29   0  12 1 1 1
   2326 -28   0  12 1 1 1
   2327 -27   0  12 1 1 1
   2328 -26   0  12 1 1 1
   2329 -25   0  12 1 1 1
   2330 -24   0  12 1 1 1
   2331 -23   0  12 1 1 1
   2332 -22   0  12 1 1 1
   2333 -21   0  12 1 1 1
   2334 -20   0  12 1 1 1
   2335 -19   0  12 1 1 1
   2336 -18   0  12 1 1 1
   2337 -17   0  12 1 1 1
   2338 -16   0  12 1 1 1
   2339 -15   0  12 1 1 1
   2340 -14   0  12 1 1 1
   2341 -13   0  12 1 1 1
   2342 -12   0  12 1 1 1
   2343 -11   0  12 1 1 1
   2344 -10   0  12 1 1 1
   2345  -9   0  12 1 1 1
   2346  -8   0  12 1 1 1
   2347  -7   0  12 1 1 1
   2348  -6   0  12 1 1 1
   2349  -5   0  12 1 1 1
   2350  -4   0  12 1 1 1
   2351  -3   0  12 1 1 1
   2352  -2   0  12 1 1 1
   2353  -1   0  12 1 1 1
   2354   0   0  12 1 1 1
   2355   1   0  12 1 1 1
   2356   2   0  12 1 1 1
   2357   3   0  12 1 1 1
   2358   4   0  12 1 1 1
   2359   5   0  12 1 1 1
   2360   6   0  12 1 1 1
   2361   7   0  12 1 1 1
   2362   8   0  12 1 1 1
   2363   9   0  12 1 1 1
   2364  10   0  12 1 1 1
   2365  11   0  12 1 1 1
   2366  12   0  12 1 1 1
   2367  13   0  12 1 1 1
   2368  14   0  12 1 1 1
   2369  15   0  12 1 1 1
   2370  16   0  12 1 1 1
   2371  17   0  12 1 1 1
   2372  18   0  12 1 1 1
   2373  19   0  12 1 1 1
   2374  20   0  12 1 1 1
   2375  21   0  12 1 1 1
   2376  22   0  12 1 1 1
   2377  23   0  12 1 1 1
   2378  24   0  12 1 1 1
   2379  25   0  12 1 1 1
   2380  26   0  12 1 1 1
   2381  27   0  12 1 1 1
   2382  28   0  12 1 1 1
   2383  29   0  12 1 1 1
   2384  30   0  12 1 1 1
   2385 -29   0  13 1 1 1
   2386 -28   0  13 1 1 1
   2387 -27   0  13 1 1 1
   2388 -26   0  13 1 1 1
   2389 -25   0  13 1 1 1
   2390 -24   0  13 1 1 1
   2391 -23   0  13 1 1 1
   2392 -22   0  13 1 1 1
   2393 -21   0  13 1 1 1
   2394 -20   0  13 1 1 1
   2395 -19   0  13 1 1 1
   2396 -18   0  13 1 1 1
   2397 -17   0  13 1 1 1
   2398 -16   0  13 1 1 1
   2399 -15   0  13 1 1 1
   2400 -14   0  13 1 1 1
   2401 -13   0  13 1 1 1
   2402 -12   0  13 1 1 1
   2403 -11   0  13 1 1 1
   2404 -10   0  13 1 1 1
   2405  -9   0  13 1 1 1
   2406  -8   0  13 1 1 1
   2407  -7   0  13 1 1 1
   2408  -6   0  13 1 1 1
   2409  -5   0  13 1 1 1
   2410  -4   0  13 1 1 1
   2411  -3   0  13 1 1 1
   2412  -2   0  13 1 1 1
   2413  -1   0  13 1 1 1
   2414   0   0  13 1 1 1
   2415   1   0  13 1 1 1
   2416   2   0  13 1 1 1
   2417   3   0  13 1 1 1
   2418   4   0  13 1 1 1
   2419   5   0  13 1 1 1
   2420   6   0  13 1 1 1
   2421   7   0  13 1 1 1
   2422   8   0  13 1 1 1
   2423   9   0  13 1 1 1
   2424  10   0  13 1 1 1
   2425  11   0  13 1 1 1
   2426  12   0  13 1 1 1
   2427  13   0  13 1 1 1
   2428  14   0  13 1 1 1
   2429  15   0  13 1 1 1
   2430  16   0  13 1 1 1
   2431  17   0  13 1 1 1
   2432  18   0  13 1 1 1
   2433  19   0  13 1 1 1
   2434  20   0  13 1 1 1
   2435  21   0  13 1 1 1
   2436  22   0  13 1 1 1
   2437  23   0  13 1 1 1
   2438  24   0  13 1 1 1
   2439  25   0  13 1 1 1
   2440  26   0  13 1 1 1
   2441  27   0  13 1 1 1
   2442  28   0  13 1 1 1
   2443  29   0  13 1 1 1
   2444  30   0  13 1 1 1
   2445 -28   0  14 1 1 1
   2446 -27   0  14 1 1 1
   2447 -26   0  14 1 1 1
   2448 -25   0  14 1 1 1
   2449 -24   0  14 1 1 1
   2450 -23   0  14 1 1 1
   2451 -22   0  14 1 1 1
   2452 -21   0  14 1 1 1
   2453 -20   0  14 1 1 1
   2454 -19   0  14 1 1 1
   2455 -18   0  14 1 1 1
   2456 -17   0  14 1 1 1
   2457 -16   0  14 1 1 1
   2458 -15   0  14 1 1 1
   2459 -14   0  14 1 1 1
   2460 -13   0  14 1 1 1
   2461 -12   0  14 1 1 1
   2462 -11   0  14 1 1 1
   2463 -10   0  14 1 1 1
   2464  -9   0  14 1 1 1
   2465  -8   0  14 1 1 1
   2466  -7   0  14 1 1 1
   2467  -6   0  14 1 1 1
   2468  -5   0  14 1 1 1
   2469  -4   0  14 1 1 1
   2470  -3   0  14 1 1 1
   2471  -2   0  14 1 1 1
   2472  -1   0  14 1 1 1
   2473   0   0  14 1 1 1
   2474   1   0  14 1 1 1
   2475   2   0  14 1 1 1
   2476   3   0  14 1 1 1
   2477   4   0  14 1 1 1
   2478   5   0  14 1 1 1
   2479   6   0  14 1 1 1
   2480   7   0  14 1 1 1
   2481   8   0  14 1 1 1
   2482   9   0  14 1 1 1
   2483  10   0  14 1 1 1
   2484  11   0  14 1 1 1
   2485  12   0  14 1 1 1
   2486  13   0  14 1 1 1
   2487  14   0  14 1 1 1
   2488  15   0  14 1 1 1
   2489  16   0  14 1 1 1
   2490  17   0  14 1 1 1
   2491  18   0  14 1 1 1
   2492  19   0  14 1 1 1
   2493  20   0  14 1 1 1
   2494  21   0  14 1 1 1
   2495  22   0  14 1 1 1
   2496  23   0  14 1 1 1
   2497  24   0  14 1 1 1
   2498  25   0  14 1 1 1
   2499  26   0  14 1 1 1
   2500  27   0  14 1 1 1
   2501  28   0  14 1 1 1
   2502  29   0  14 1 1 1
   2503 -28   0  15 1 1 1
   2504 -27   0  15 1 1 1
   2505 -26   0  15 1 1 1
   2506 -25   0  15 1 1 1
   2507 -24   0  15 1 1 1
   2508 -23   0  15 1 1 1
   2509 -22   0  15 1 1 1
   2510 -21   0  15 1 1 1
   2511 -20   0  15 1 1 1
   2512 -19   0  15 1 1 1
   2513 -18   0  15 1 1 1
   2514 -17   0  15 1 1 1
   2515 -16   0  15 1 1 1
   2516 -15   0  15 1 1 1
   2517 -14   0  15 1 1 1
   2518 -13   0  15 1 1 1
   2519 -12   0  15 1 1 1
   2520 -11   0  15 1 1 1
   2521 -10   0  15 1 1 1
   2522  -9   0  15 1 1 1
   2523  -8   0  15 1 1 1
   2524  -7   0  15 1 1 1
   2525  -6   0  15 1 1 1
   2526  -5   0  15 1 1 1
   2527  -4   0  15 1 1 1
   2528  -3   0  15 1 1 1
   2529  -2   0  15 1 1 1
   2530  -1   0  15 1 1 1
   2531   0   0  15 1 1 1
   2532   1   0  15 1 1 1
   2533   2   0  15 1 1 1
   2534   3   0  15 1 1 1
   2535   4   0  15 1 1 1
   2536   5   0  15 1 1 1
   2537   6   0  15 1 1 1
   2538   7   0  15 1 1 1
   2539   8   0  15 1 1 1
   2540   9   0  15 1 1 1
   2541  10   0  15 1 1 1
   2542  11   0  15 1 1 1
   2543  12   0  15 1 1 1
   2544  13   0  15 1 1 1
   2545  14   0  15 1 1 1
   2546  15   0  15 1 1 1
   2547  16   0  15 1 1 1
   2548  17   0  15 1 1 1
   2549  18   0  15 1 1 1
   2550  19   0  15 1 1 1
   2551  20   0  15 1 1 1
   2552  21   0  15 1 1 1
   2553  22   0  15 1 1 1
   2554  23   0  15 1 1 1
   2555  24   0  15 1 1 1
   2556  25   0  15 1 1 1
   2557  26   0  15 1 1 1
   2558  27   0  15 1 1 1
   2559  28   0  15 1 1 1
   2560  29   0  15 1 1 1
   2561 -27   0  16 1 1 1
   2562 -26   0  16 1 1 1
   2563 -25   0  16 1 1 1
   2564 -24   0  16 1 1 1
   2565 -23   0  16 1 1 1
   2566 -22   0  16 1 1 1
   2567 -21   0  16 1 1 1
   2568 -20   0  16 1 1 1
   2569 -19   0  16 1 1 1
   2570 -18   0  16 1 1 1
   2571 -17   0  16 1 1 1
   2572 -16   0  16 1 1 1
   2573 -15   0  16 1 1 1
   2574 -14   0  16 1 1 1
   2575 -13   0  16 1 1 1
   2576 -12   0  16 1 1 1
   2577 -11   0  16 1 1 1
   2578 -10   0  16 1 1 1
   2579  -9   0  16 1 1 1
   2580  -8   0  16 1 1 1
   2581  -7   0  16 1 1 1
   2582  -6   0  16 1 1 1
   2583  -5   0  16 1 1 1
   2584  -4   0  16 1 1 1
   2585  -3   0  16 1 1 1
   2586  -2   0  16 1 1 1
   2587  -1   0  16 1 1 1
   2588   0   0  16 1 1 1
   2589   1   0  16 1 1 1
   2590   2   0  16 1 1 1
   2591   3   0  16 1 1 1
   2592   4   0  16 1 1 1
   2593   5   0  16 1 1 1
   2594   6   0  16 1 1 1
   2595   7   0  16 1 1 1
   2596   8   0  16 1 1 1
   2597   9   0  16 1 1 1
   2598  10   0  16 1 1 1
   2599  11   0  16 1 1 1
   2600  12   0  16 1 1 1
   2601  13   0  16 1 1 1
   2602  14   0  16 1 1 1
   2603  15   0  16 1 1 1
   2604  16   0  16 1 1 1
   2605  17   0  16 1 1 1
   2606  18   0  16 1 1 1
   2607  19   0  16 1 1 1
   2608  20   0  16 1 1 1
   2609  21   0  16 1 1 1
   2610  22   0  16 1 1 1
   2611  23   0  16 1 1 1
   2612  24   0  16 1 1 1
   2613  25   0  16 1 1 1
   2614  26   0  16 1 1 1
   2615  27   0  16 1 1 1
   2616  28   0  16 1 1 1
   2617 -27   0  17 1 1 1
   2618 -26   0  17 1 1 1
   2619 -25   0  17 1 1 1
   2620 -24   0  17 1 1 1
   2621 -23   0  17 1 1 1
   2622 -22   0  17 1 1 1
   2623 -21   0  17 1 1 1
   2624 -20   0  17 1 1 1
   2625 -19   0  17 1 1 1
   2626 -18   0  17 1 1 1
   2627 -17   0  17 1 1 1
   2628 -16   0  17 1 1 1
   2629 -15   0  17 1 1 1
   2630 -14   0  17 1 1 1
   2631 -13   0  17 1 1 1
   2632 -12   0  17 1 1 1
   2633 -11   0  17 1 1 1
   2634 -10   0  17 1 1 1
   2635  -9   0  17 1 1 1
   2636  -8   0  17 1 1 1
   2637  -7   0  17 1 1 1
   2638  -6   0  17 1 1 1
   2639  -5   0  17 1 1 1
   2640  -4   0  17 1 1 1
   2641  -3   0  17 1 1 1
   2642  -2   0  17 1 1 1
   2643  -1   0  17 1 1 1
   2644   0   0  17 1 1 1
   2645   1   0  17 1 1 1
   2646   2   0  17 1 1 1
   2647   3   0  17 1 1 1
   2648   4   0  17 1 1 1
   2649   5   0  17 1 1 1
   2650   6   0  17 1 1 1
   2651   7   0  17 1 1 1
   2652   8   0  17 1 1 1
   2653   9   0  17 1 1 1
   2654  10   0  17 1 1 1
   2655  11   0  17 1 1 1
   2656  12   0  17 1 1 1
   2657  13   0  17 1 1 1
   2658  14   0  17 1 1 1
   2659  15   0  17 1 1 1
   2660  16   0  17 1 1 1
   2661  17   0  17 1 1 1
   2662  18   0  17 1 1 1
   2663  19   0  17 1 1 1
   2664  20   0  17 1 1 1
   2665  21   0  17 1 1 1
   2666  22   0  17 1 1 1
   2667  23   0  17 1 1 1
   2668  24   0  17 1 1 1
   2669  25   0  17 1 1 1
   2670  26   0  17 1 1 1
   2671  27   0  17 1 1 1
   2672  28   0  17 1 1 1
   2673 -26   0  18 1 1 1
   2674 -25   0  18 1 1 1
   2675 -24   0  18 1 1 1
   2676 -23   0  18 1 1 1
   2677 -22   0  18 1 1 1
   2678 -21   0  18 1 1 1
   2679 -20   0  18 1 1 1
   2680 -19   0  18 1 1 1
   2681 -18   0  18 1 1 1
   2682 -17   0  18 1 1 1
   2683 -16   0  18 1 1 1
   2684 -15   0  18 1 1 1
   2685 -14   0  18 1 1 1
   2686 -13   0  18 1 1 1
   2687 -12   0  18 1 1 1
   2688 -11   0  18 1 1 1
   2689 -10   0  18 1 1 1
   2690  -9   0  18 1 1 1
   2691  -8   0  18 1 1 1
   2692  -7   0  18 1 1 1
   2693  -6   0  18 1 1 1
   2694  -5   0  18 1 1 1
   2695  -4   0  18 1 1 1
   2696  -3   0  18 1 1 1
   2697  -2   0  18 1 1 1
   2698  -1   0  18 1 1 1
   2699   0   0  18 1 1 1
   2700   1   0  18 1 1 1
   2701   2   0  18 1 1 1
   2702   3   0  18 1 1 1
   2703   4   0  18 1 1 1
   2704   5   0  18 1 1 1
   2705   6   0  18 1 1 1
   2706   7   0  18 1 1 1
   2707   8   0  18 1 1 1
   2708   9   0  18 1 1 1
   2709  10   0  18 1 1 1
   2710  11   0  18 1 1 1
   2711  12   0  18 1 1 1
   2712  13   0  18 1 1 1
   2713  14   0  18 1 1 1
   2714  15   0  18 1 1 1
   2715  16   0  18 1 1 1
   2716  17   0  18 1 1 1
   2717  18   0  18 1 1 1
   2718  19   0  18 1 1 1
   2719  20   0  18 1 1 1
   2720  21   0  18 1 1 1
   2721  22   0  18 1 1 1
   2722  23   0  18 1 1 1
   2723  24   0  18 1 1 1
   2724  25   0  18 1 1 1
   2725  26   0  18 1 1 1
   2726  27   0  18 1 1 1
   2727 -25   0  19 1 1 1
   2728 -24   0  19 1 1 1
   2729 -23   0  19 1 1 1
   2730 -22   0  19 1 1 1
   2731 -21   0  19 1 1 1
   2732 -20   0  19 1 1 1
   2733 -19   0  19 1 1 1
   2734 -18   0  19 1 1 1
   2735 -17   0  19 1 1 1
   2736 -16   0  19 1 1 1
   2737 -15   0  19 1 1 1
   2738 -14   0  19 1 1 1
   2739 -13   0  19 1 1 1
   2740 -12   0  19 1 1 1
   2741 -11   0  19 1 1 1
   2742 -10   0  19 1 1 1
   2743  -9   0  19 1 1 1
   2744  -8   0  19 1 1 1
   2745  -7   0  19 1 1 1
   2746  -6   0  19 1 1 1
   2747  -5   0  19 1 1 1
   2748  -4   0  19 1 1 1
   2749  -3   0  19 1 1 1
   2750  -2   0  19 1 1 1
   2751  -1   0  19 1 1 1
   2752   0   0  19 1 1 1
   2753   1   0  19 1 1 1
   2754   2   0  19 1 1 1
   2755   3   0  19 1 1 1
   2756   4   0  19 1 1 1
   2757   5   0  19 1 1 1
   2758   6   0  19 1 1 1
   2759   7   0  19 1 1 1
   2760   8   0  19 1 1 1
   2761   9   0  19 1 1 1
   2762  10   0  19 1 1 1
   2763  11   0  19 1 1 1
   2764  12   0  19 1 1 1
   2765  13   0  19 1 1 1
   2766  14   0  19 1 1 1
   2767  15   0  19 1 1 1
   2768  16   0  19 1 1 1
   2769  17   0  19 1 1 1
   2770  18   0  19 1 1 1
   2771  19   0  19 1 1 1
   2772  20   0  19 1 1 1
   2773  21   0  19 1 1 1
   2774  22   0  19 1 1 1
   2775  23   0  19 1 1 1
   2776  24   0  19 1 1 1
   2777  25   0  19 1 1 1
   2778  26   0  19 1 1 1
   2779 -25   0  20 1 1 1
   2780 -24   0  20 1 1 1
   2781 -23   0  20 1 1 1
   2782 -22   0  20 1 1 1
   2783 -21   0  20 1 1 1
   2784 -20   0  20 1 1 1
   2785 -19   0  20 1 1 1
   2786 -18   0  20 1 1 1
   2787 -17   0  20 1 1 1
   2788 -16   0  20 1 1 1
   2789 -15   0  20 1 1 1
   2790 -14   0  20 1 1 1
   2791 -13   0  20 1 1 1
   2792 -12   0  20 1 1 1
   2793 -11   0  20 1 1 1
   2794 -10   0  20 1 1 1
   2795  -9   0  20 1 1 1
   2796  -8   0  20 1 1 1
   2797  -7   0  20 1 1 1
   2798  -6   0  20 1 1 1
   2799  -5   0  20 1 1 1
   2800  -4   0  20 1 1 1
   2801  -3   0  20 1 1 1
   2802  -2   0  20 1 1 1
   2803  -1   0  20 1 1 1
   2804   0   0  20 1 1 1
   2805   1   0  20 1 1 1
   2806   2   0  20 1 1 1
   2807   3   0  20 1 1 1
   2808   4   0  20 1 1 1
   2809   5   0  20 1 1 1
   2810   6   0  20 1 1 1
   2811   7   0  20 1 1 1
   2812   8   0  20 1 1 1
   2813   9   0  20 1 1 1
   2814  10   0  20 1 1 1
   2815  11   0  20 1 1 1
   2816  12   0  20 1 1 1
   2817  13   0  20 1 1 1
   2818  14   0  20 1 1 1
   2819  15   0  20 1 1 1
   2820  16   0  20 1 1 1
   2821  17   0  20 1 1 1
   2822  18   0  20 1 1 1
   2823  19   0  20 1 1 1
   2824  20   0  20 1 1 1
   2825  21   0  20 1 1 1
   2826  22   0  20 1 1 1
   2827  23   0  20 1 1 1
   2828  24   0  20 1 1 1
   2829  25   0  20 1 1 1
   2830  26   0  20 1 1 1
   2831 -24   0  21 1 1 1
   2832 -23   0  21 1 1 1
   2833 -22   0  21 1 1 1
   2834 -21   0  21 1 1 1
   2835 -20   0  21 1 1 1
   2836 -19   0  21 1 1 1
   2837 -18   0  21 1 1 1
   2838 -17   0  21 1 1 1
   2839 -16   0  21 1 1 1
   2840 -15   0  21 1 1 1
   2841 -14   0  21 1 1 1
   2842 -13   0  21 1 1 1
   2843 -12   0  21 1 1 1
   2844 -11   0  21 1 1 1
   2845 -10   0  21 1 1 1
   2846  -9   0  21 1 1 1
   2847  -8   0  21 1 1 1
   2848  -7   0  21 1 1 1
   2849  -6   0  21 1 1 1
   2850  -5   0  21 1 1 1
   2851  -4   0  21 1 1 1
   2852  -3   0  21 1 1 1
   2853  -2   0  21 1 1 1
   2854  -1   0  21 1 1 1
   2855   0   0  21 1 1 1
   2856   1   0  21 1 1 1
   2857   2   0  21 1 1 1
   2858   3   0  21 1 1 1
   2859   4   0  21 1 1 1
   2860   5   0  21 1 1 1
   2861   6   0  21 1 1 1
   2862   7   0  21 1 1 1
   2863   8   0  21 1 1 1
   2864   9   0  21 1 1 1
   2865  10   0  21 1 1 1
   2866  11   0  21 1 1 1
   2867  12   0  21 1 1 1
   2868  13   0  21 1 1 1
   2869  14   0  21 1 1 1
   2870  15   0  21 1 1 1
   2871  16   0  21 1 1 1
   2872  17   0  21 1 1 1
   2873  18   0  21 1 1 1
   2874  19   0  21 1 1 1
   2875  20   0  21 1 1 1
   2876  21   0  21 1 1 1
   2877  22   0  21 1 1 1
   2878  23   0  21 1 1 1
   2879  24   0  21 1 1 1
   2880  25   0  21 1 1 1
   2881 -23   0  22 1 1 1
   2882 -22   0  22 1 1 1
   2883 -21   0  22 1 1 1
   2884 -20   0  22 1 1 1
   2885 -19   0  22 1 1 1
   2886 -18   0  22 1 1 1
   2887 -17   0  22 1 1 1
   2888 -16   0  22 1 1 1
   2889 -15   0  22 1 1 1
   2890 -14   0  22 1 1 1
   2891 -13   0  22 1 1 1
   2892 -12   0  22 1 1 1
   2893 -11   0  22 1 1 1
   2894 -10   0  22 1 1 1
   2895  -9   0  22 1 1 1
   2896  -8   0  22 1 1 1
   2897  -7   0  22 1 1 1
   2898  -6   0  22 1 1 1
   2899  -5   0  22 1 1 1
   2900  -4   0  22 1 1 1
   2901  -3   0  22 1 1 1
   2902  -2   0  22 1 1 1
   2903  -1   0  22 1 1 1
   2904   0   0  22 1 1 1
   2905   1   0  22 1 1 1
   2906   2   0  22 1 1 1
   2907   3   0  22 1 1 1
   2908   4   0  22 1 1 1
   2909   5   0  22 1 1 1
   2910   6   0  22 1 1 1
   2911   7   0  22 1 1 1
   2912   8   0  22 1 1 1
   2913   9   0  22 1 1 1
   2914  10   0  22 1 1 1
   2915  11   0  22 1 1 1
   2916  12   0  22 1 1 1
   2917  13   0  22 1 1 1
   2918  14   0  22 1 1 1
   2919  15   0  22 1 1 1
   2920  16   0  22 1 1 1
   2921  17   0  22 1 1 1
   2922  18   0  22 1 1 1
   2923  19   0  22 1 1 1
   2924  20   0  22 1 1 1
   2925  21   0  22 1 1 1
   2926  22   0  22 1 1 1
   2927  23   0  22 1 1 1
   2928  24   0  22 1 1 1
   2929 -22   0  23 1 1 1
   2930 -21   0  23 1 1 1
   2931 -20   0  23 1 1 1
   2932 -19   0  23 1 1 1
   2933 -18   0  23 1 1 1
   2934 -17   0  23 1 1 1
   2935 -16   0  23 1 1 1
   2936 -15   0  23 1 1 1
   2937 -14   0  23 1 1 1
   2938 -13   0  23 1 1 1
   2939 -12   0  23 1 1 1
   2940 -11   0  23 1 1 1
   2941 -10   0  23 1 1 1
   2942  -9   0  23 1 1 1
   2943  -8   0  23 1 1 1
   2944  -7   0  23 1 1 1
   2945  -6   0  23 1 1 1
   2946  -5   0  23 1 1 1
   2947  -4   0  23 1 1 1
   2948  -3   0  23 1 1 1
   2949  -2   0  23 1 1 1
   2950  -1   0  23 1 1 1
   2951   0   0  23 1 1 1
   2952   1   0  23 1 1 1
   2953   2   0  23 1 1 1
   2954   3   0  23 1 1 1
   2955   4   0  23 1 1 1
   2956   5   0  23 1 1 1
   2957   6   0  23 1 1 1
   2958   7   0  23 1 1 1
   2959   8   0  23 1 1 1
   2960   9   0  23 1 1 1
   2961  10   0  23 1 1 1
   2962  11   0  23 1 1 1
   2963  12   0  23 1 1 1
   2964  13   0  23 1 1 1
   2965  14   0  23 1 1 1
   2966  15   0  23 1 1 1
   2967  16   0  23 1 1 1
   2968  17   0  23 1 1 1
   2969  18   0  23 1 1 1
   2970  19   0  23 1 1 1
   2971  20   0  23 1 1 1
   2972  21   0  23 1 1 1
   2973  22   0  23 1 1 1
   2974  23   0  23 1 1 1
   2975 -21   0  24 1 1 1
   2976 -20   0  24 1 1 1
   2977 -19   0  24 1 1 1
   2978 -18   0  24 1 1 1
   2979 -17   0  24 1 1 1
   2980 -16   0  24 1 1 1
   2981 -15   0  24 1 1 1
   2982 -14   0  24 1 1 1
   2983 -13   0  24 1 1 1
   2984 -12   0  24 1 1 1
   2985 -11   0  24 1 1 1
   2986 -10   0  24 1 1 1
   2987  -9   0  24 1 1 1
   2988  -8   0  24 1 1 1
   2989  -7   0  24 1 1 1
   2990  -6   0  24 1 1 1
   2991  -5   0  24 1 1 1
   2992  -4   0  24 1 1 1
   2993  -3   0  24 1 1 1
   2994  -2   0  24 1 1 1
   2995  -1   0  24 1 1 1
   2996   0   0  24 1 1 1
   2997   1   0  24 1 1 1
   2998   2   0  24 1 1 1
   2999   3   0  24 1 1 1
   3000   4   0  24 1 1 1
   3001   5   0  24 1 1 1
   3002   6   0  24 1 1 1
   3003   7   0  24 1 1 1
   3004   8   0  24 1 1 1
   3005   9   0  24 1 1 1
   3006  10   0  24 1 1 1
   3007  11   0  24 1 1 1
   3008  12   0  24 1 1 1
   3009  13   0  24 1 1 1
   3010  14   0  24 1 1 1
   3011  15   0  24 1 1 1
   3012  16   0  24 1 1 1
   3013  17   0  24 1 1 1
   3014  18   0  24 1 1 1
   3015  19   0  24 1 1 1
   3016  20   0  24 1 1 1
   3017  21   0  24 1 1 1
   3018  22   0  24 1 1 1
   3019 -20   0  25 1 1 1
   3020 -19   0  25 1 1 1
   3021 -18   0  25 1 1 1
   3022 -17   0  25 1 1 1
   3023 -16   0  25 1 1 1
   3024 -15   0  25 1 1 1
   3025 -14   0  25 1 1 1
   3026 -13   0  25 1 1 1
   3027 -12   0  25 1 1 1
   3028 -11   0  25 1 1 1
   3029 -10   0  25 1 1 1
   3030  -9   0  25 1 1 1
   3031  -8   0  25 1 1 1
   3032  -7   0  25 1 1 1
   3033  -6   0  25 1 1 1
   3034  -5   0  25 1 1 1
   3035  -4   0  25 1 1 1
   3036  -3   0  25 1 1 1
   3037  -2   0  25 1 1 1
   3038  -1   0  25 1 1 1
   3039   0   0  25 1 1 1
   3040   1   0  25 1 1 1
   3041   2   0  25 1 1 1
   3042   3   0  25 1 1 1
   3043   4   0  25 1 1 1
   3044   5   0  25 1 1 1
   3045   6   0  25 1 1 1
   3046   7   0  25 1 1 1
   3047   8   0  25 1 1 1
   3048   9   0  25 1 1 1
   3049  10   0  25 1 1 1
   3050  11   0  25 1 1 1
   3051  12   0  25 1 1 1
   3052  13   0  25 1 1 1
   3053  14   0  25 1 1 1
   3054  15   0  25 1 1 1
   3055  16   0  25 1 1 1
   3056  17   0  25 1 1 1
   3057  18   0  25 1 1 1
   3058  19   0  25 1 1 1
   3059  20   0  25 1 1 1
   3060  21   0  25 1 1 1
   3061 -19   0  26 1 1 1
   3062 -18   0  26 1 1 1
   3063 -17   0  26 1 1 1
   3064 -16   0  26 1 1 1
   3065 -15   0  26 1 1 1
   3066 -14   0  26 1 1 1
   3067 -13   0  26 1 1 1
   3068 -12   0  26 1 1 1
   3069 -11   0  26 1 1 1
   3070 -10   0  26 1 1 1
   3071  -9   0  26 1 1 1
   3072  -8   0  26 1 1 1
   3073  -7   0  26 1 1 1
   3074  -6   0  26 1 1 1
   3075  -5   0  26 1 1 1
   3076  -4   0  26 1 1 1
   3077  -3   0  26 1 1 1
   3078  -2   0  26 1 1 1
   3079  -1   0  26 1 1 1
   3080   0   0  26 1 1 1
   3081   1   0  26 1 1 1
   3082   2   0  26 1 1 1
   3083   3   0  26 1 1 1
   3084   4   0  26 1 1 1
   3085   5   0  26 1 1 1
   3086   6   0  26 1 1 1
   3087   7   0  26 1 1 1
   3088   8   0  26 1 1 1
   3089   9   0  26 1 1 1
   3090  10   0  26 1 1 1
   3091  11   0  26 1 1 1
   3092  12   0  26 1 1 1
   3093  13   0  26 1 1 1
   3094  14   0  26 1 1 1
   3095  15   0  26 1 1 1
   3096  16   0  26 1 1 1
   3097  17   0  26 1 1 1
   3098  18   0  26 1 1 1
   3099  19   0  26 1 1 1
   3100  20   0  26 1 1 1
   3101 -17   0  27 1 1 1
   3102 -16   0  27 1 1 1
   3103 -15   0  27 1 1 1
   3104 -14   0  27 1 1 1
   3105 -13   0  27 1 1 1
   3106 -12   0  27 1 1 1
   3107 -11   0  27 1 1 1
   3108 -10   0  27 1 1 1
   3109  -9   0  27 1 1 1
   3110  -8   0  27 1 1 1
   3111  -7   0  27 1 1 1
   3112  -6   0  27 1 1 1
   3113  -5   0  27 1 1 1
   3114  -4   0  27 1 1 1
   3115  -3   0  27 1 1 1
   3116  -2   0  27 1 1 1
   3117  -1   0  27 1 1 1
   3118   0   0  27 1 1 1
   3119   1   0  27 1 1 1
   3120   2   0  27 1 1 1
   3121   3   0  27 1 1 1
   3122   4   0  27 1 1 1
   3123   5   0  27 1 1 1
   3124   6   0  27 1 1 1
   3125   7   0  27 1 1 1
   3126   8   0  27 1 1 1
   3127   9   0  27 1 1 1
   3128  10   0  27 1 1 1
   3129  11   0  27 1 1 1
   3130  12   0  27 1 1 1
   3131  13   0  27 1 1 1
   3132  14   0  27 1 1 1
   3133  15   0  27 1 1 1
   3134  16   0  27 1 1 1
   3135  17   0  27 1 1 1
   3136  18   0  27 1 1 1
   3137 -16   0  28 1 1 1
   3138 -15   0  28 1 1 1
   3139 -14   0  28 1 1 1
   3140 -13   0  28 1 1 1
   3141 -12   0  28 1 1 1
   3142 -11   0  28 1 1 1
   3143 -10   0  28 1 1 1
   3144  -9   0  28 1 1 1
   3145  -8   0  28 1 1 1
   3146  -7   0  28 1 1 1
   3147  -6   0  28 1 1 1
   3148  -5   0  28 1 1 1
   3149  -4   0  28 1 1 1
   3150  -3   0  28 1 1 1
   3151  -2   0  28 1 1 1
   3152  -1   0  28 1 1 1
   3153   0   0  28 1 1 1
   3154   1   0  28 1 1 1
   3155   2   0  28 1 1 1
   3156   3   0  28 1 1 1
   3157   4   0  28 1 1 1
   3158   5   0  28 1 1 1
   3159   6   0  28 1 1 1
   3160   7   0  28 1 1 1
   3161   8   0  28 1 1 1
   3162   9   0  28 1 1 1
   3163  10   0  28 1 1 1
   3164  11   0  28 1 1 1
   3165  12   0  28 1 1 1
   3166  13   0  28 1 1 1
   3167  14   0  28 1 1 1
   3168  15   0  28 1 1 1
   3169  16   0  28 1 1 1
   3170  17   0  28 1 1 1
   3171 -14   0  29 1 1 1
   3172 -13   0  29 1 1 1
   3173 -12   0  29 1 1 1
   3174 -11   0  29 1 1 1
   3175 -10   0  29 1 1 1
   3176  -9   0  29 1 1 1
   3177  -8   0  29 1 1 1
   3178  -7   0  29 1 1 1
   3179  -6   0  29 1 1 1
   3180  -5   0  29 1 1 1
   3181  -4   0  29 1 1 1
   3182  -3   0  29 1 1 1
   3183  -2   0  29 1 1 1
   3184  -1   0  29 1 1 1
   3185   0   0  29 1 1 1
   3186   1   0  29 1 1 1
   3187   2   0  29 1 1 1
   3188   3   0  29 1 1 1
   3189   4   0  29 1 1 1
   3190   5   0  29 1 1 1
   3191   6   0  29 1 1 1
   3192   7   0  29 1 1 1
   3193   8   0  29 1 1 1
   3194   9   0  29 1 1 1
   3195  10   0  29 1 1 1
   3196  11   0  29 1 1 1
   3197  12   0  29 1 1 1
   3198  13   0  29 1 1 1
   3199  14   0  29 1 1 1
   3200  15   0  29 1 1 1
   3201 -12   0  30 1 1 1
   3202 -11   0  30 1 1 1
   3203 -10   0  30 1 1 1
   3204  -9   0  30 1 1 1
   3205  -8   0  30 1 1 1
   3206  -7   0  30 1 1 1
   3207  -6   0  30 1 1 1
   3208  -5   0  30 1 1 1
   3209  -4   0  30 1 1 1
   3210  -3   0  30 1 1 1
   3211  -2   0  30 1 1 1
   3212  -1   0  30 1 1 1
   3213   0   0  30 1 1 1
   3214   1   0  30 1 1 1
   3215   2   0  30 1 1 1
   3216   3   0  30 1 1 1
   3217   4   0  30 1 1 1
   3218   5   0  30 1 1 1
   3219   6   0  30 1 1 1
   3220   7   0  30 1 1 1
   3221   8   0  30 1 1 1
   3222   9   0  30 1 1 1
   3223  10   0  30 1 1 1
   3224  11   0  30 1 1 1
   3225  12   0  30 1 1 1
   3226  13   0  30 1 1 1
   3227  -9   0  31 1 1 1
   3228  -8   0  31 1 1 1
   3229  -7   0  31 1 1 1
   3230  -6   0  31 1 1 1
   3231  -5   0  31 1 1 1
   3232  -4   0  31 1 1 1
   3233  -3   0  31 1 1 1
   3234  -2   0  31 1 1 1
   3235  -1   0  31 1 1 1
   3236   0   0  31 1 1 1
   3237   1   0  31 1 1 1
   3238   2   0  31 1 1 1
   3239   3   0  31 1 1 1
   3240   4   0  31 1 1 1
   3241   5   0  31 1 1 1
   3242   6   0  31 1 1 1
   3243   7   0  31 1 1 1
   3244   8   0  31 1 1 1
   3245   9   0  31 1 1 1
   3246  10   0  31 1 1 1
   3247  -6   0  32 1 1 1
   3248  -5   0  32 1 1 1
   3249  -4   0  32 1 1 1
   3250  -3   0  32 1 1 1
   3251  -2   0  32 1 1 1
   3252  -1   0  32 1 1 1
   3253   0   0  32 1 1 1
   3254   1   0  32 1 1 1
   3255   2   0  32 1 1 1
   3256   3   0  32 1 1 1
   3257   4   0  32 1 1 1
   3258   5   0  32 1 1 1
   3259   6   0  32 1 1 1
   3260   7   0  32 1 1 1
