ourania3.home
Sun Feb  7 19:25:16 EST 2010
make: `ddscat' is up to date.
/u/draine/work/DDA/ver7.1.0/examples/ELLIPSOID
 >DDSCAT NUMPROC=   1                                                          
 >DDSCAT --- DDSCAT 7.1.0 [10.02.04]   
 >DDSCAT     Single-precision version                                          
 >REAPAR  ========== Parameter file for v7.1.0 ===================             
 >  **** Preliminaries ****                                               
 >REAPAR NOTORQ - do not compute torques                                       
 >REAPAR PBCGS2 - CCG Method                                                   
 >REAPAR GPFAFT - using GPFA package from Clive Temperton                      
 >REAPAR LATTDR - Draine & Goodman (1993) LDR for alpha
 >REAPAR NOTBIN - Unformatted binary dump option                               
 >REAPAR **** Initial Memory Allocation ****                                   
 >REAPAR allow MXNX,MXNY,MXNZ=   100   100   100 for target generation         
 >REAPAR **** Target Geometry and Composition ****                             
 >REAPAR ELLIPSOID - Shape definition                                          
 >TARGET   48.49000 = SHPAR(1)                                                 
 >TARGET   48.49000 = SHPAR(2)                                                 
 >TARGET   48.49000 = SHPAR(3)                                                 
 >REAPAR  NCOMP=   1                                                           
 >REAPAR  1 ../diel/m1.50_0.01                                                 
 >REAPAR **** Error Tolerance ****                                             
 >REAPAR  1.000E-05 = TOL = max. acceptable normalized residue |Ax-E|/|E|      
 >  **** Integration limiter for PBC calculations ****                    
 >REAPAR [GAMMA is not used in present calculation]                            
 >  **** Angular resolution for calculation of <cos>, etc. ****           
 >REAPAR  0.5000 = ETASCA (parameter controlling number of scattering angles   
 >  **** Wavelengths (micron) ****                                        
 >REAPAR   1 wavelengths from  6.2832 to  6.2832                               
 >DIVIDE  Only one element initialized 
 >  **** Effective Radii (micron) ****                                    
 >REAPAR   1 eff. radii from  5.0000 to  5.0000                                
 >DIVIDE  Only one element initialized 
 >  **** Define Incident Polarizations ****                               
 >REAPAR IORTH= 2                                                              
 >REAPAR **** Specify which output files to write ****                         
 >REAPAR IWRKSC= 1                                                             
 >REAPAR IWRPOL= 0                                                             
 >  **** Specify Target Rotations ****                                    
 >  **** Specify first IWAV, IRAD, IORI (normally 0 0 0) ****             
 >REAPAR Do orthogonal polarization for each case 
 >REAPAR    0.00   0.00 Range of BETA values ; NBETA =   1                     
 >REAPAR    0.00   0.00 Range of THETA values; NTHETA=   1                     
 >REAPAR    0.00   0.00 Range of PHI values ;   NPHI =   1                     
 >  **** Select Elements of S_ij Matrix to Print ****                     
 >REAPAR **** Specify Scattered Directions ****                                
 >REAPAR     0.0    0.0  180.0 = phi, theta_min, theta_max for scatt. plane   1
 >REAPAR  181 = number of scattering angles in this scattering plane           
 >DDSCAT Allocate memory for first call to TARGET...                           
 >DDSCAT allocating     5.72 MB for IXYZ0;  total=    41.58 MB                 
 >DDSCAT allocating     5.72 MB for ICOMP;  total=    47.30 MB                 
 >DDSCAT allocating     1.91 MB for IOCC;   total=    49.21 MB                 
 >DDSCAT allocating     5.72 MB for ISCR1;  total=    54.93 MB                 
 >DDSCAT allocating     3.81 MB for BETADF; total=    58.75 MB                 
 >DDSCAT allocating     3.81 MB for PHIDF;  total=    62.56 MB                 
 >DDSCAT allocating     3.81 MB for THETADF;total=    66.38 MB                 
 >DDSCAT allocating     3.81 MB for SCRRS2; total=    70.19 MB                 
 >TARGET: Sphere,  59728 dipoles, 1.000 1.000 1.000=x,y,z lattice spacing   
          59728 = NAT0 = number of dipoles in target
 >DDSCAT returned from TARGET:                                                 
 >DDSCAT    -24    23 = min, max values of JX                                  
 >DDSCAT    -24    23 = min, max values of JY                                  
 >DDSCAT    -24    23 = min, max values of JZ                                  
 >DDSCAT    0.50000   0.50000   0.50000 = X0(1-3)                              
 >DDSCAT  --- physical extent of target volume (occupied sites) ---            
 >DDSCAT    -24.00000    24.00000 = min, max values of x/d                     
 >DDSCAT    -24.00000    24.00000 = min, max values of y/d                     
 >DDSCAT    -24.00000    24.00000 = min, max values of z/d                     
 >EXTEND: target extent in x,y,z directions =   48,   48,   48 (in Target Frame)
 >DDSCAT returned from EXTEND:                                                 
 >DDSCAT      1    48 = min, max values of JX                                  
 >DDSCAT      1    48 = min, max values of JY                                  
 >DDSCAT      1    48 = min, max values of JZ                                  
 >DDSCAT  ------- physical extent of target volume -------                     
 >DDSCAT    -24.00000    24.00000 = min, max values of x/d                     
 >DDSCAT    -24.00000    24.00000 = min, max values of y/d                     
 >DDSCAT    -24.00000    24.00000 = min, max values of z/d                     
 >DDSCAT Allocate memory required for this problem...                          
 >DDSCAT allocating     0.63 MB for ISCR1;  total=    36.49 MB                 
 >DDSCAT allocating     0.42 MB for SCRRS2; total=    36.91 MB                 
 >DDSCAT allocating     0.34 MB for IXYZ0;  total=    37.25 MB                 
 >DDSCAT allocating     0.63 MB for ICOMP;  total=    37.89 MB                 
 >DDSCAT allocating     0.21 MB for IOCC;   total=    38.10 MB                 
 >DDSCAT allocating     0.23 MB for BETADF; total=    38.33 MB                 
 >DDSCAT allocating     0.23 MB for PHIDF;  total=    38.55 MB                 
 >DDSCAT allocating     0.23 MB for THETADF;total=    38.78 MB                 
 >DDSCAT allocating     2.53 MB for CXADIA; total=    41.31 MB                 
 >DDSCAT allocating    40.50 MB for CXZC;   total=    81.81 MB                 
 >DDSCAT allocating    20.25 MB for CXZW;   total=   102.06 MB                 
 >DDSCAT allocating     2.53 MB for CXAOFF; total=   104.59 MB                 
 >DDSCAT allocating     2.53 MB for CXALOF; total=   107.13 MB                 
 >DDSCAT allocating     2.53 MB for CXALOS; total=   109.66 MB                 
 >DDSCAT allocating     2.53 MB for CXALPH; total=   112.19 MB                 
 >DDSCAT allocating     2.53 MB for CXE   ; total=   114.72 MB                 
 >DDSCAT allocating    25.31 MB for CXSC  ; total=   140.03 MB                 
 >DDSCAT allocating     2.53 MB for CXSCR1; total=   142.56 MB                 
 >DDSCAT allocating     2.53 MB for CXXI;   total=   145.09 MB                 
 >DDSCAT allocating     1.27 MB for SCRRS1; total=   146.36 MB                 
 >DDSCAT                 Total memory allocation =   146.36 MB                 
        110592 = NAT  = number of dipoles in extended target
         48  48  48 = x,y,z length of extended target (Targ. Frame)
 >DIELEC about to read file =                                                  
 >DIELEC ../diel/m1.50_0.01                                          
 >DIELEC m = 1.50+0.01i (case studied by Hovenier et al 1996, JQSRT 55, 695)             
 >DIELEC  completed reading file =                                             
 >DIELEC ../diel/m1.50_0.01                                          
 m= ( 1.5000 , 0.0100),  epsilon= (  2.2499 ,  0.0300)  for material 1
    5.000000 = AEFF = effective radius (physical units)
    0.041239 = d/aeff for this target
    6.283185 = WAVE = wavelength (physical units)
    5.000000 = k*aeff = 2*pi*aeff/lambda
    0.206193 = k*d
 >ALPHA  Lattice dispersion relation for |m|k_0d=0.3093                        
 >DIRECT_CALC Estimated total cputime required by DIRECT_CALC=    0.33 cpu-sec      
 >DIRECT_CALC cputime is independent of gamma                                       
 >DIRECT_CALC Actual cputime to complete DIRECT_CALC=    0.02 cpu-sec               
 >TIMEIT  Timing results for: ESELF (first call)                               
 >TIMEIT     0.359 = CPU time (sec)                                            
 >ZBCG2  IT=       1 f.err= 3.267E-01                                          
 >ZBCG2  IT=       2 f.err= 4.151E-01                                          
 >ZBCG2  IT=       3 f.err= 7.567E-02                                          
 >ZBCG2  IT=       4 f.err= 3.932E-02                                          
 >ZBCG2  IT=       5 f.err= 2.430E-02                                          
 >ZBCG2  IT=       6 f.err= 9.425E-03                                          
 >ZBCG2  IT=       7 f.err= 8.746E-03                                          
 >ZBCG2  IT=       8 f.err= 3.408E-03                                          
 >ZBCG2  IT=       9 f.err= 5.911E-04                                          
 >ZBCG2  IT=      10 f.err= 1.858E-04                                          
 >ZBCG2  IT=      11 f.err= 1.041E-04                                          
 >ZBCG2  IT=      12 f.err= 3.167E-04                                          
 >ZBCG2  IT=      13 f.err= 5.753E-05                                          
 >ZBCG2  IT=      14 f.err= 4.791E-05                                          
 >ZBCG2  IT=      15 f.err= 2.285E-05                                          
 >ZBCG2  IT=      16 f.err= 3.882E-06                                          
 >TIMEIT  Timing results for: PBCGS2                                           
 >TIMEIT    22.971 = CPU time (sec)                                            
 Q_abs = 2.618E-01 Q_ext=  3.828E+00
 >SCAT     1644 scattering directions used to calculate <cos>, etc.          
 >TIMEIT  Timing results for:  SCAT                                            
 >TIMEIT     4.173 = CPU time (sec)                                            
 >ALPHA  Lattice dispersion relation for |m|k_0d=0.3093                        
 >ZBCG2  IT=       1 f.err= 3.267E-01                                          
 >ZBCG2  IT=       2 f.err= 4.151E-01                                          
 >ZBCG2  IT=       3 f.err= 7.568E-02                                          
 >ZBCG2  IT=       4 f.err= 3.933E-02                                          
 >ZBCG2  IT=       5 f.err= 2.430E-02                                          
 >ZBCG2  IT=       6 f.err= 9.412E-03                                          
 >ZBCG2  IT=       7 f.err= 9.886E-03                                          
 >ZBCG2  IT=       8 f.err= 3.922E-03                                          
 >ZBCG2  IT=       9 f.err= 5.590E-04                                          
 >ZBCG2  IT=      10 f.err= 1.737E-04                                          
 >ZBCG2  IT=      11 f.err= 1.121E-04                                          
 >ZBCG2  IT=      12 f.err= 1.360E-04                                          
 >ZBCG2  IT=      13 f.err= 4.864E-05                                          
 >ZBCG2  IT=      14 f.err= 2.503E-05                                          
 >ZBCG2  IT=      15 f.err= 7.111E-06                                          
 >TIMEIT  Timing results for: PBCGS2                                           
 >TIMEIT    21.556 = CPU time (sec)                                            
 Q_abs = 2.618E-01 Q_ext=  3.828E+00
 >SCAT     1644 scattering directions used to calculate <cos>, etc.          
 >TIMEIT  Timing results for:  SCAT                                            
 >TIMEIT     4.227 = CPU time (sec)                                            
 >DDSCAT  terminates normally

real	0m54.028s
user	0m53.211s
sys	0m0.287s
Sun Feb  7 19:26:10 EST 2010
runddscat terminated
